<?xml version="1.0" encoding="UTF-8"?>
<coverage generated="1596563702302" clover="3.2.0">
  <project timestamp="1596563702302" name="All files">
    <metrics statements="3688" coveredstatements="2313" conditionals="1840" coveredconditionals="839" methods="870" coveredmethods="408" elements="6398" coveredelements="3560" complexity="0" loc="3688" ncloc="3688" packages="19" files="136" classes="136"/>
    <package name="src">
      <metrics statements="208" coveredstatements="0" conditionals="0" coveredconditionals="0" methods="216" coveredmethods="0"/>
      <file name="index.ts" path="/home/onurb/workspace/oneki/onekijs/packages/onekijs/src/index.ts">
        <metrics statements="208" coveredstatements="0" conditionals="0" coveredconditionals="0" methods="216" coveredmethods="0"/>
        <line num="1" count="0" type="stmt"/>
        <line num="2" count="0" type="stmt"/>
        <line num="3" count="0" type="stmt"/>
        <line num="4" count="0" type="stmt"/>
        <line num="5" count="0" type="stmt"/>
        <line num="6" count="0" type="stmt"/>
        <line num="7" count="0" type="stmt"/>
        <line num="8" count="0" type="stmt"/>
        <line num="9" count="0" type="stmt"/>
        <line num="20" count="0" type="stmt"/>
        <line num="21" count="0" type="stmt"/>
        <line num="22" count="0" type="stmt"/>
        <line num="23" count="0" type="stmt"/>
        <line num="24" count="0" type="stmt"/>
        <line num="25" count="0" type="stmt"/>
        <line num="26" count="0" type="stmt"/>
        <line num="27" count="0" type="stmt"/>
        <line num="28" count="0" type="stmt"/>
        <line num="29" count="0" type="stmt"/>
        <line num="30" count="0" type="stmt"/>
        <line num="31" count="0" type="stmt"/>
        <line num="32" count="0" type="stmt"/>
        <line num="33" count="0" type="stmt"/>
        <line num="34" count="0" type="stmt"/>
        <line num="35" count="0" type="stmt"/>
        <line num="36" count="0" type="stmt"/>
        <line num="38" count="0" type="stmt"/>
        <line num="39" count="0" type="stmt"/>
        <line num="40" count="0" type="stmt"/>
        <line num="41" count="0" type="stmt"/>
        <line num="42" count="0" type="stmt"/>
        <line num="43" count="0" type="stmt"/>
        <line num="44" count="0" type="stmt"/>
        <line num="45" count="0" type="stmt"/>
        <line num="53" count="0" type="stmt"/>
        <line num="54" count="0" type="stmt"/>
        <line num="55" count="0" type="stmt"/>
        <line num="56" count="0" type="stmt"/>
        <line num="57" count="0" type="stmt"/>
        <line num="58" count="0" type="stmt"/>
        <line num="59" count="0" type="stmt"/>
        <line num="60" count="0" type="stmt"/>
        <line num="61" count="0" type="stmt"/>
        <line num="62" count="0" type="stmt"/>
        <line num="63" count="0" type="stmt"/>
        <line num="64" count="0" type="stmt"/>
        <line num="65" count="0" type="stmt"/>
        <line num="66" count="0" type="stmt"/>
        <line num="67" count="0" type="stmt"/>
        <line num="68" count="0" type="stmt"/>
        <line num="69" count="0" type="stmt"/>
        <line num="70" count="0" type="stmt"/>
        <line num="71" count="0" type="stmt"/>
        <line num="72" count="0" type="stmt"/>
        <line num="73" count="0" type="stmt"/>
        <line num="74" count="0" type="stmt"/>
        <line num="75" count="0" type="stmt"/>
        <line num="77" count="0" type="stmt"/>
        <line num="78" count="0" type="stmt"/>
        <line num="79" count="0" type="stmt"/>
        <line num="80" count="0" type="stmt"/>
        <line num="81" count="0" type="stmt"/>
        <line num="82" count="0" type="stmt"/>
        <line num="83" count="0" type="stmt"/>
        <line num="84" count="0" type="stmt"/>
        <line num="85" count="0" type="stmt"/>
        <line num="86" count="0" type="stmt"/>
        <line num="87" count="0" type="stmt"/>
        <line num="88" count="0" type="stmt"/>
        <line num="89" count="0" type="stmt"/>
        <line num="90" count="0" type="stmt"/>
        <line num="91" count="0" type="stmt"/>
        <line num="92" count="0" type="stmt"/>
        <line num="93" count="0" type="stmt"/>
        <line num="94" count="0" type="stmt"/>
        <line num="95" count="0" type="stmt"/>
        <line num="96" count="0" type="stmt"/>
        <line num="97" count="0" type="stmt"/>
        <line num="98" count="0" type="stmt"/>
        <line num="99" count="0" type="stmt"/>
        <line num="100" count="0" type="stmt"/>
        <line num="102" count="0" type="stmt"/>
        <line num="103" count="0" type="stmt"/>
        <line num="104" count="0" type="stmt"/>
        <line num="105" count="0" type="stmt"/>
        <line num="106" count="0" type="stmt"/>
        <line num="107" count="0" type="stmt"/>
        <line num="108" count="0" type="stmt"/>
        <line num="109" count="0" type="stmt"/>
        <line num="110" count="0" type="stmt"/>
        <line num="112" count="0" type="stmt"/>
        <line num="113" count="0" type="stmt"/>
        <line num="114" count="0" type="stmt"/>
        <line num="115" count="0" type="stmt"/>
        <line num="116" count="0" type="stmt"/>
        <line num="117" count="0" type="stmt"/>
        <line num="118" count="0" type="stmt"/>
        <line num="119" count="0" type="stmt"/>
        <line num="120" count="0" type="stmt"/>
        <line num="122" count="0" type="stmt"/>
        <line num="123" count="0" type="stmt"/>
        <line num="124" count="0" type="stmt"/>
        <line num="125" count="0" type="stmt"/>
        <line num="126" count="0" type="stmt"/>
        <line num="127" count="0" type="stmt"/>
        <line num="128" count="0" type="stmt"/>
        <line num="129" count="0" type="stmt"/>
        <line num="130" count="0" type="stmt"/>
        <line num="131" count="0" type="stmt"/>
        <line num="133" count="0" type="stmt"/>
        <line num="134" count="0" type="stmt"/>
        <line num="135" count="0" type="stmt"/>
        <line num="136" count="0" type="stmt"/>
        <line num="137" count="0" type="stmt"/>
        <line num="138" count="0" type="stmt"/>
        <line num="139" count="0" type="stmt"/>
        <line num="140" count="0" type="stmt"/>
        <line num="142" count="0" type="stmt"/>
        <line num="143" count="0" type="stmt"/>
        <line num="144" count="0" type="stmt"/>
        <line num="145" count="0" type="stmt"/>
        <line num="146" count="0" type="stmt"/>
        <line num="147" count="0" type="stmt"/>
        <line num="148" count="0" type="stmt"/>
        <line num="149" count="0" type="stmt"/>
        <line num="150" count="0" type="stmt"/>
        <line num="151" count="0" type="stmt"/>
        <line num="152" count="0" type="stmt"/>
        <line num="153" count="0" type="stmt"/>
        <line num="155" count="0" type="stmt"/>
        <line num="156" count="0" type="stmt"/>
        <line num="157" count="0" type="stmt"/>
        <line num="158" count="0" type="stmt"/>
        <line num="159" count="0" type="stmt"/>
        <line num="160" count="0" type="stmt"/>
        <line num="161" count="0" type="stmt"/>
        <line num="162" count="0" type="stmt"/>
        <line num="163" count="0" type="stmt"/>
        <line num="169" count="0" type="stmt"/>
        <line num="173" count="0" type="stmt"/>
        <line num="174" count="0" type="stmt"/>
        <line num="175" count="0" type="stmt"/>
        <line num="176" count="0" type="stmt"/>
        <line num="177" count="0" type="stmt"/>
        <line num="178" count="0" type="stmt"/>
        <line num="179" count="0" type="stmt"/>
        <line num="180" count="0" type="stmt"/>
        <line num="181" count="0" type="stmt"/>
        <line num="182" count="0" type="stmt"/>
        <line num="183" count="0" type="stmt"/>
        <line num="184" count="0" type="stmt"/>
        <line num="185" count="0" type="stmt"/>
        <line num="186" count="0" type="stmt"/>
        <line num="187" count="0" type="stmt"/>
        <line num="188" count="0" type="stmt"/>
        <line num="189" count="0" type="stmt"/>
        <line num="190" count="0" type="stmt"/>
        <line num="191" count="0" type="stmt"/>
        <line num="192" count="0" type="stmt"/>
        <line num="193" count="0" type="stmt"/>
        <line num="194" count="0" type="stmt"/>
        <line num="195" count="0" type="stmt"/>
        <line num="196" count="0" type="stmt"/>
        <line num="197" count="0" type="stmt"/>
        <line num="198" count="0" type="stmt"/>
        <line num="199" count="0" type="stmt"/>
        <line num="200" count="0" type="stmt"/>
        <line num="201" count="0" type="stmt"/>
        <line num="202" count="0" type="stmt"/>
        <line num="203" count="0" type="stmt"/>
        <line num="205" count="0" type="stmt"/>
        <line num="206" count="0" type="stmt"/>
        <line num="207" count="0" type="stmt"/>
        <line num="208" count="0" type="stmt"/>
        <line num="209" count="0" type="stmt"/>
        <line num="210" count="0" type="stmt"/>
        <line num="211" count="0" type="stmt"/>
        <line num="212" count="0" type="stmt"/>
        <line num="213" count="0" type="stmt"/>
        <line num="214" count="0" type="stmt"/>
        <line num="215" count="0" type="stmt"/>
        <line num="234" count="0" type="stmt"/>
        <line num="240" count="0" type="stmt"/>
        <line num="242" count="0" type="stmt"/>
        <line num="246" count="0" type="stmt"/>
        <line num="247" count="0" type="stmt"/>
        <line num="248" count="0" type="stmt"/>
        <line num="249" count="0" type="stmt"/>
        <line num="250" count="0" type="stmt"/>
        <line num="251" count="0" type="stmt"/>
        <line num="252" count="0" type="stmt"/>
        <line num="253" count="0" type="stmt"/>
        <line num="254" count="0" type="stmt"/>
        <line num="255" count="0" type="stmt"/>
        <line num="256" count="0" type="stmt"/>
        <line num="257" count="0" type="stmt"/>
        <line num="258" count="0" type="stmt"/>
        <line num="259" count="0" type="stmt"/>
        <line num="261" count="0" type="stmt"/>
        <line num="262" count="0" type="stmt"/>
        <line num="263" count="0" type="stmt"/>
        <line num="264" count="0" type="stmt"/>
        <line num="265" count="0" type="stmt"/>
        <line num="266" count="0" type="stmt"/>
        <line num="267" count="0" type="stmt"/>
        <line num="268" count="0" type="stmt"/>
        <line num="269" count="0" type="stmt"/>
        <line num="270" count="0" type="stmt"/>
      </file>
    </package>
    <package name="src.__tests__">
      <metrics statements="59" coveredstatements="53" conditionals="24" coveredconditionals="12" methods="15" coveredmethods="13"/>
      <file name="ReactRouter.ts" path="/home/onurb/workspace/oneki/onekijs/packages/onekijs/src/__tests__/ReactRouter.ts">
        <metrics statements="37" coveredstatements="31" conditionals="16" coveredconditionals="6" methods="11" coveredmethods="9"/>
        <line num="2" count="14" type="stmt"/>
        <line num="3" count="14" type="stmt"/>
        <line num="5" count="14" type="stmt"/>
        <line num="11" count="14" type="stmt"/>
        <line num="15" count="68" type="cond" truecount="2" falsecount="0"/>
        <line num="16" count="68" type="cond" truecount="1" falsecount="1"/>
        <line num="17" count="68" type="stmt"/>
        <line num="18" count="68" type="stmt"/>
        <line num="19" count="68" type="stmt"/>
        <line num="20" count="6" type="stmt"/>
        <line num="37" count="14" type="stmt"/>
        <line num="38" count="6" type="cond" truecount="1" falsecount="1"/>
        <line num="39" count="6" type="cond" truecount="1" falsecount="1"/>
        <line num="40" count="6" type="stmt"/>
        <line num="41" count="6" type="stmt"/>
        <line num="45" count="14" type="stmt"/>
        <line num="46" count="0" type="cond" truecount="0" falsecount="2"/>
        <line num="47" count="0" type="cond" truecount="0" falsecount="2"/>
        <line num="48" count="0" type="stmt"/>
        <line num="49" count="0" type="stmt"/>
        <line num="64" count="68" type="stmt"/>
        <line num="65" count="68" type="stmt"/>
        <line num="66" count="6" type="stmt"/>
        <line num="68" count="68" type="cond" truecount="1" falsecount="1"/>
        <line num="69" count="68" type="stmt"/>
        <line num="72" count="68" type="stmt"/>
        <line num="75" count="14" type="stmt"/>
        <line num="76" count="0" type="cond" truecount="0" falsecount="2"/>
        <line num="78" count="0" type="stmt"/>
        <line num="82" count="14" type="stmt"/>
        <line num="83" count="80" type="stmt"/>
        <line num="86" count="14" type="stmt"/>
        <line num="87" count="74" type="stmt"/>
        <line num="88" count="74" type="stmt"/>
        <line num="89" count="74" type="stmt"/>
        <line num="91" count="74" type="stmt"/>
        <line num="94" count="14" type="stmt"/>
      </file>
      <file name="customRenderer.tsx" path="/home/onurb/workspace/oneki/onekijs/packages/onekijs/src/__tests__/customRenderer.tsx">
        <metrics statements="22" coveredstatements="22" conditionals="8" coveredconditionals="6" methods="4" coveredmethods="4"/>
        <line num="1" count="14" type="stmt"/>
        <line num="2" count="14" type="stmt"/>
        <line num="3" count="14" type="stmt"/>
        <line num="4" count="14" type="stmt"/>
        <line num="5" count="14" type="stmt"/>
        <line num="7" count="14" type="stmt"/>
        <line num="8" count="14" type="stmt"/>
        <line num="14" count="14" type="stmt"/>
        <line num="15" count="68" type="cond" truecount="2" falsecount="0"/>
        <line num="16" count="21" type="stmt"/>
        <line num="19" count="68" type="stmt"/>
        <line num="20" count="68" type="stmt"/>
        <line num="21" count="68" type="cond" truecount="3" falsecount="1"/>
        <line num="22" count="68" type="cond" truecount="1" falsecount="1"/>
        <line num="23" count="68" type="stmt"/>
        <line num="25" count="68" type="stmt"/>
        <line num="27" count="68" type="stmt"/>
        <line num="28" count="68" type="stmt"/>
        <line num="31" count="68" type="stmt"/>
        <line num="41" count="68" type="stmt"/>
        <line num="45" count="14" type="stmt"/>
        <line num="47" count="14" type="stmt"/>
      </file>
    </package>
    <package name="src.__tests__.components">
      <metrics statements="9" coveredstatements="9" conditionals="4" coveredconditionals="4" methods="3" coveredmethods="3"/>
      <file name="NotificationWidget.tsx" path="/home/onurb/workspace/oneki/onekijs/packages/onekijs/src/__tests__/components/NotificationWidget.tsx">
        <metrics statements="9" coveredstatements="9" conditionals="4" coveredconditionals="4" methods="3" coveredmethods="3"/>
        <line num="1" count="12" type="stmt"/>
        <line num="2" count="12" type="stmt"/>
        <line num="4" count="12" type="stmt"/>
        <line num="5" count="59" type="stmt"/>
        <line num="6" count="59" type="stmt"/>
        <line num="8" count="59" type="stmt"/>
        <line num="13" count="7" type="stmt"/>
        <line num="22" count="44" type="stmt"/>
        <line num="34" count="12" type="stmt"/>
      </file>
    </package>
    <package name="src.__tests__.mocks">
      <metrics statements="83" coveredstatements="61" conditionals="42" coveredconditionals="18" methods="24" coveredmethods="20"/>
      <file name="handlers.ts" path="/home/onurb/workspace/oneki/onekijs/packages/onekijs/src/__tests__/mocks/handlers.ts">
        <metrics statements="79" coveredstatements="57" conditionals="42" coveredconditionals="18" methods="24" coveredmethods="20"/>
        <line num="1" count="14" type="stmt"/>
        <line num="3" count="14" type="stmt"/>
        <line num="5" count="14" type="stmt"/>
        <line num="15" count="14" type="stmt"/>
        <line num="17" count="14" type="stmt"/>
        <line num="22" count="7" type="cond" truecount="7" falsecount="1"/>
        <line num="23" count="3" type="cond" truecount="3" falsecount="1"/>
        <line num="25" count="4" type="stmt"/>
        <line num="28" count="14" type="stmt"/>
        <line num="29" count="42" type="stmt"/>
        <line num="30" count="168" type="stmt"/>
        <line num="34" count="14" type="stmt"/>
        <line num="35" count="14" type="stmt"/>
        <line num="36" count="42" type="stmt"/>
        <line num="40" count="14" type="stmt"/>
        <line num="43" count="1" type="stmt"/>
        <line num="46" count="3" type="cond" truecount="1" falsecount="1"/>
        <line num="47" count="3" type="stmt"/>
        <line num="52" count="2" type="stmt"/>
        <line num="55" count="4" type="stmt"/>
        <line num="56" count="4" type="cond" truecount="1" falsecount="1"/>
        <line num="57" count="4" type="stmt"/>
        <line num="59" count="4" type="stmt"/>
        <line num="64" count="10" type="stmt"/>
        <line num="74" count="24" type="stmt"/>
        <line num="77" count="7" type="stmt"/>
        <line num="80" count="24" type="stmt"/>
        <line num="83" count="7" type="stmt"/>
        <line num="88" count="2" type="cond" truecount="1" falsecount="1"/>
        <line num="89" count="2" type="stmt"/>
        <line num="90" count="2" type="stmt"/>
        <line num="91" count="2" type="stmt"/>
        <line num="94" count="2" type="cond" truecount="1" falsecount="1"/>
        <line num="95" count="2" type="stmt"/>
        <line num="96" count="2" type="stmt"/>
        <line num="97" count="2" type="stmt"/>
        <line num="100" count="1" type="cond" truecount="1" falsecount="1"/>
        <line num="101" count="1" type="stmt"/>
        <line num="102" count="1" type="stmt"/>
        <line num="103" count="1" type="stmt"/>
        <line num="106" count="2" type="stmt"/>
        <line num="107" count="2" type="cond" truecount="1" falsecount="1"/>
        <line num="108" count="2" type="stmt"/>
        <line num="109" count="2" type="stmt"/>
        <line num="110" count="2" type="stmt"/>
        <line num="112" count="0" type="stmt"/>
        <line num="115" count="0" type="stmt"/>
        <line num="122" count="0" type="stmt"/>
        <line num="125" count="0" type="stmt"/>
        <line num="129" count="5" type="stmt"/>
        <line num="130" count="5" type="cond" truecount="2" falsecount="0"/>
        <line num="131" count="1" type="stmt"/>
        <line num="132" count="1" type="stmt"/>
        <line num="133" count="1" type="stmt"/>
        <line num="135" count="0" type="stmt"/>
        <line num="138" count="4" type="stmt"/>
        <line num="142" count="0" type="stmt"/>
        <line num="146" count="14" type="stmt"/>
        <line num="147" count="0" type="stmt"/>
        <line num="148" count="0" type="cond" truecount="0" falsecount="4"/>
        <line num="149" count="0" type="stmt"/>
        <line num="151" count="0" type="stmt"/>
        <line num="152" count="0" type="cond" truecount="0" falsecount="2"/>
        <line num="153" count="0" type="stmt"/>
        <line num="155" count="0" type="cond" truecount="0" falsecount="2"/>
        <line num="156" count="0" type="stmt"/>
        <line num="158" count="0" type="cond" truecount="0" falsecount="2"/>
        <line num="159" count="0" type="stmt"/>
        <line num="161" count="0" type="cond" truecount="0" falsecount="2"/>
        <line num="162" count="0" type="stmt"/>
        <line num="164" count="0" type="cond" truecount="0" falsecount="2"/>
        <line num="165" count="0" type="cond" truecount="0" falsecount="2"/>
        <line num="166" count="0" type="stmt"/>
        <line num="169" count="0" type="stmt"/>
        <line num="172" count="14" type="stmt"/>
        <line num="173" count="2" type="stmt"/>
        <line num="174" count="2" type="stmt"/>
        <line num="175" count="2" type="stmt"/>
        <line num="176" count="2" type="stmt"/>
      </file>
      <file name="responses.ts" path="/home/onurb/workspace/oneki/onekijs/packages/onekijs/src/__tests__/mocks/responses.ts">
        <metrics statements="1" coveredstatements="1" conditionals="0" coveredconditionals="0" methods="0" coveredmethods="0"/>
        <line num="5" count="2" type="stmt"/>
      </file>
      <file name="server.ts" path="/home/onurb/workspace/oneki/onekijs/packages/onekijs/src/__tests__/mocks/server.ts">
        <metrics statements="3" coveredstatements="3" conditionals="0" coveredconditionals="0" methods="0" coveredmethods="0"/>
        <line num="1" count="14" type="stmt"/>
        <line num="2" count="14" type="stmt"/>
        <line num="4" count="14" type="stmt"/>
      </file>
    </package>
    <package name="src.__tests__.utils">
      <metrics statements="46" coveredstatements="45" conditionals="17" coveredconditionals="12" methods="7" coveredmethods="7"/>
      <file name="auth.ts" path="/home/onurb/workspace/oneki/onekijs/packages/onekijs/src/__tests__/utils/auth.ts">
        <metrics statements="29" coveredstatements="29" conditionals="0" coveredconditionals="0" methods="2" coveredmethods="2"/>
        <line num="1" count="14" type="stmt"/>
        <line num="4" count="14" type="stmt"/>
        <line num="5" count="14" type="stmt"/>
        <line num="6" count="14" type="stmt"/>
        <line num="7" count="14" type="stmt"/>
        <line num="20" count="14" type="stmt"/>
        <line num="21" count="3" type="stmt"/>
        <line num="23" count="14" type="stmt"/>
        <line num="24" count="14" type="stmt"/>
        <line num="26" count="14" type="stmt"/>
        <line num="27" count="14" type="stmt"/>
        <line num="28" count="14" type="stmt"/>
        <line num="29" count="14" type="stmt"/>
        <line num="30" count="14" type="stmt"/>
        <line num="31" count="14" type="stmt"/>
        <line num="32" count="14" type="stmt"/>
        <line num="33" count="14" type="stmt"/>
        <line num="34" count="14" type="stmt"/>
        <line num="35" count="14" type="stmt"/>
        <line num="36" count="14" type="stmt"/>
        <line num="37" count="14" type="stmt"/>
        <line num="38" count="14" type="stmt"/>
        <line num="39" count="14" type="stmt"/>
        <line num="40" count="14" type="stmt"/>
        <line num="41" count="14" type="stmt"/>
        <line num="42" count="14" type="stmt"/>
        <line num="43" count="14" type="stmt"/>
        <line num="44" count="14" type="stmt"/>
        <line num="45" count="14" type="stmt"/>
      </file>
      <file name="i18n.ts" path="/home/onurb/workspace/oneki/onekijs/packages/onekijs/src/__tests__/utils/i18n.ts">
        <metrics statements="2" coveredstatements="2" conditionals="0" coveredconditionals="0" methods="0" coveredmethods="0"/>
        <line num="1" count="14" type="stmt"/>
        <line num="29" count="14" type="stmt"/>
      </file>
      <file name="timeout.ts" path="/home/onurb/workspace/oneki/onekijs/packages/onekijs/src/__tests__/utils/timeout.ts">
        <metrics statements="15" coveredstatements="14" conditionals="17" coveredconditionals="12" methods="5" coveredmethods="5"/>
        <line num="1" count="20" type="cond" truecount="1" falsecount="1"/>
        <line num="2" count="20" type="cond" truecount="2" falsecount="0"/>
        <line num="5" count="36" type="cond" truecount="3" falsecount="1"/>
        <line num="6" count="18" type="stmt"/>
        <line num="7" count="37" type="cond" truecount="1" falsecount="1"/>
        <line num="8" count="37" type="stmt"/>
        <line num="9" count="37" type="cond" truecount="2" falsecount="0"/>
        <line num="10" count="19" type="stmt"/>
        <line num="11" count="19" type="cond" truecount="1" falsecount="1"/>
        <line num="12" count="0" type="stmt"/>
        <line num="14" count="38" type="stmt"/>
        <line num="18" count="6" type="stmt"/>
        <line num="19" count="7" type="cond" truecount="1" falsecount="1"/>
        <line num="20" count="7" type="cond" truecount="1" falsecount="0"/>
        <line num="22" count="14" type="stmt"/>
      </file>
    </package>
    <package name="src.app">
      <metrics statements="360" coveredstatements="220" conditionals="122" coveredconditionals="55" methods="88" coveredmethods="45"/>
      <file name="AppContext.ts" path="/home/onurb/workspace/oneki/onekijs/packages/onekijs/src/app/AppContext.ts">
        <metrics statements="11" coveredstatements="11" conditionals="0" coveredconditionals="0" methods="2" coveredmethods="2"/>
        <line num="1" count="14" type="stmt"/>
        <line num="2" count="14" type="stmt"/>
        <line num="4" count="14" type="stmt"/>
        <line num="7" count="14" type="stmt"/>
        <line num="8" count="14" type="stmt"/>
        <line num="14" count="92" type="stmt"/>
        <line num="15" count="92" type="stmt"/>
        <line num="16" count="92" type="stmt"/>
        <line num="17" count="92" type="stmt"/>
        <line num="19" count="14" type="stmt"/>
        <line num="22" count="14" type="stmt"/>
      </file>
      <file name="AppProvider.tsx" path="/home/onurb/workspace/oneki/onekijs/packages/onekijs/src/app/AppProvider.tsx">
        <metrics statements="30" coveredstatements="28" conditionals="2" coveredconditionals="1" methods="5" coveredmethods="4"/>
        <line num="1" count="14" type="stmt"/>
        <line num="2" count="14" type="stmt"/>
        <line num="3" count="14" type="stmt"/>
        <line num="4" count="14" type="stmt"/>
        <line num="5" count="14" type="stmt"/>
        <line num="6" count="14" type="stmt"/>
        <line num="8" count="14" type="stmt"/>
        <line num="10" count="14" type="stmt"/>
        <line num="11" count="92" type="stmt"/>
        <line num="12" count="92" type="stmt"/>
        <line num="13" count="92" type="stmt"/>
        <line num="14" count="92" type="stmt"/>
        <line num="15" count="92" type="stmt"/>
        <line num="16" count="92" type="stmt"/>
        <line num="17" count="92" type="stmt"/>
        <line num="18" count="92" type="stmt"/>
        <line num="20" count="92" type="stmt"/>
        <line num="21" count="92" type="stmt"/>
        <line num="22" count="68" type="stmt"/>
        <line num="23" count="68" type="cond" truecount="1" falsecount="1"/>
        <line num="24" count="0" type="stmt"/>
        <line num="25" count="0" type="stmt"/>
        <line num="28" count="68" type="stmt"/>
        <line num="31" count="92" type="stmt"/>
        <line num="32" count="92" type="stmt"/>
        <line num="35" count="92" type="stmt"/>
        <line num="36" count="92" type="stmt"/>
        <line num="43" count="92" type="stmt"/>
        <line num="49" count="92" type="stmt"/>
        <line num="56" count="14" type="stmt"/>
      </file>
      <file name="AppRouter.ts" path="/home/onurb/workspace/oneki/onekijs/packages/onekijs/src/app/AppRouter.ts">
        <metrics statements="33" coveredstatements="29" conditionals="22" coveredconditionals="10" methods="12" coveredmethods="9"/>
        <line num="2" count="14" type="stmt"/>
        <line num="6" count="14" type="stmt"/>
        <line num="7" count="68" type="stmt"/>
        <line num="8" count="68" type="stmt"/>
        <line num="12" count="68" type="stmt"/>
        <line num="15" count="14" type="stmt"/>
        <line num="16" count="331" type="stmt"/>
        <line num="19" count="14" type="stmt"/>
        <line num="20" count="2" type="stmt"/>
        <line num="23" count="14" type="stmt"/>
        <line num="24" count="0" type="cond" truecount="0" falsecount="2"/>
        <line num="27" count="14" type="stmt"/>
        <line num="28" count="1" type="cond" truecount="1" falsecount="1"/>
        <line num="31" count="14" type="stmt"/>
        <line num="32" count="0" type="cond" truecount="0" falsecount="2"/>
        <line num="35" count="14" type="stmt"/>
        <line num="36" count="72" type="cond" truecount="1" falsecount="1"/>
        <line num="39" count="14" type="stmt"/>
        <line num="40" count="0" type="cond" truecount="0" falsecount="2"/>
        <line num="43" count="14" type="stmt"/>
        <line num="44" count="5" type="stmt"/>
        <line num="47" count="14" type="stmt"/>
        <line num="48" count="5" type="cond" truecount="1" falsecount="1"/>
        <line num="49" count="5" type="stmt"/>
        <line num="68" count="15" type="cond" truecount="1" falsecount="1"/>
        <line num="69" count="15" type="stmt"/>
        <line num="70" count="15" type="cond" truecount="4" falsecount="0"/>
        <line num="72" count="2" type="stmt"/>
        <line num="73" count="2" type="stmt"/>
        <line num="74" count="2" type="cond" truecount="2" falsecount="2"/>
        <line num="75" count="0" type="stmt"/>
        <line num="78" count="2" type="stmt"/>
        <line num="96" count="14" type="stmt"/>
      </file>
      <file name="AppState.tsx" path="/home/onurb/workspace/oneki/onekijs/packages/onekijs/src/app/AppState.tsx">
        <metrics statements="44" coveredstatements="38" conditionals="28" coveredconditionals="16" methods="8" coveredmethods="5"/>
        <line num="1" count="14" type="stmt"/>
        <line num="2" count="14" type="stmt"/>
        <line num="3" count="14" type="stmt"/>
        <line num="4" count="14" type="stmt"/>
        <line num="5" count="14" type="stmt"/>
        <line num="7" count="14" type="stmt"/>
        <line num="9" count="14" type="stmt"/>
        <line num="10" count="68" type="cond" truecount="2" falsecount="0"/>
        <line num="11" count="68" type="stmt"/>
        <line num="12" count="68" type="cond" truecount="1" falsecount="1"/>
        <line num="13" count="68" type="stmt"/>
        <line num="14" count="68" type="stmt"/>
        <line num="15" count="68" type="stmt"/>
        <line num="16" count="68" type="stmt"/>
        <line num="17" count="68" type="stmt"/>
        <line num="18" count="68" type="cond" truecount="1" falsecount="1"/>
        <line num="19" count="68" type="stmt"/>
        <line num="21" count="68" type="cond" truecount="2" falsecount="0"/>
        <line num="22" count="68" type="cond" truecount="1" falsecount="1"/>
        <line num="23" count="68" type="cond" truecount="1" falsecount="1"/>
        <line num="25" count="68" type="stmt"/>
        <line num="26" count="68" type="cond" truecount="1" falsecount="1"/>
        <line num="27" count="68" type="cond" truecount="2" falsecount="2"/>
        <line num="29" count="0" type="stmt"/>
        <line num="32" count="68" type="stmt"/>
        <line num="33" count="68" type="cond" truecount="1" falsecount="1"/>
        <line num="34" count="68" type="stmt"/>
        <line num="36" count="0" type="stmt"/>
        <line num="39" count="68" type="cond" truecount="1" falsecount="1"/>
        <line num="40" count="68" type="stmt"/>
        <line num="43" count="68" type="stmt"/>
        <line num="45" count="68" type="stmt"/>
        <line num="46" count="68" type="cond" truecount="1" falsecount="1"/>
        <line num="47" count="68" type="stmt"/>
        <line num="48" count="68" type="stmt"/>
        <line num="57" count="136" type="stmt"/>
        <line num="58" count="68" type="cond" truecount="1" falsecount="1"/>
        <line num="59" count="0" type="stmt"/>
        <line num="60" count="0" type="stmt"/>
        <line num="61" count="0" type="stmt"/>
        <line num="67" count="68" type="cond" truecount="1" falsecount="1"/>
        <line num="68" count="0" type="stmt"/>
        <line num="71" count="68" type="stmt"/>
        <line num="88" count="14" type="stmt"/>
      </file>
      <file name="DefaultLoadingComponent.tsx" path="/home/onurb/workspace/oneki/onekijs/packages/onekijs/src/app/DefaultLoadingComponent.tsx">
        <metrics statements="3" coveredstatements="3" conditionals="0" coveredconditionals="0" methods="1" coveredmethods="0"/>
        <line num="1" count="14" type="stmt"/>
        <line num="3" count="14" type="stmt"/>
        <line num="5" count="14" type="stmt"/>
      </file>
      <file name="GlobalStateService.ts" path="/home/onurb/workspace/oneki/onekijs/packages/onekijs/src/app/GlobalStateService.ts">
        <metrics statements="7" coveredstatements="0" conditionals="0" coveredconditionals="0" methods="2" coveredmethods="0"/>
        <line num="1" count="0" type="stmt"/>
        <line num="2" count="0" type="stmt"/>
        <line num="3" count="0" type="stmt"/>
        <line num="6" count="0" type="stmt"/>
        <line num="9" count="0" type="stmt"/>
        <line num="10" count="0" type="stmt"/>
        <line num="12" count="0" type="stmt"/>
      </file>
      <file name="LocalStateService.ts" path="/home/onurb/workspace/oneki/onekijs/packages/onekijs/src/app/LocalStateService.ts">
        <metrics statements="7" coveredstatements="0" conditionals="0" coveredconditionals="0" methods="2" coveredmethods="0"/>
        <line num="1" count="0" type="stmt"/>
        <line num="2" count="0" type="stmt"/>
        <line num="3" count="0" type="stmt"/>
        <line num="7" count="0" type="stmt"/>
        <line num="9" count="0" type="stmt"/>
        <line num="10" count="0" type="stmt"/>
        <line num="12" count="0" type="stmt"/>
      </file>
      <file name="settings.ts" path="/home/onurb/workspace/oneki/onekijs/packages/onekijs/src/app/settings.ts">
        <metrics statements="28" coveredstatements="14" conditionals="26" coveredconditionals="7" methods="4" coveredmethods="2"/>
        <line num="1" count="14" type="stmt"/>
        <line num="6" count="14" type="stmt"/>
        <line num="14" count="184" type="stmt"/>
        <line num="15" count="92" type="cond" truecount="1" falsecount="1"/>
        <line num="16" count="92" type="stmt"/>
        <line num="17" count="92" type="cond" truecount="1" falsecount="1"/>
        <line num="18" count="92" type="stmt"/>
        <line num="21" count="0" type="stmt"/>
        <line num="22" count="0" type="stmt"/>
        <line num="23" count="0" type="stmt"/>
        <line num="24" count="0" type="cond" truecount="0" falsecount="2"/>
        <line num="25" count="0" type="stmt"/>
        <line num="26" count="0" type="cond" truecount="0" falsecount="2"/>
        <line num="28" count="0" type="cond" truecount="0" falsecount="2"/>
        <line num="29" count="0" type="cond" truecount="0" falsecount="2"/>
        <line num="30" count="0" type="cond" truecount="0" falsecount="4"/>
        <line num="31" count="0" type="stmt"/>
        <line num="32" count="0" type="cond" truecount="0" falsecount="2"/>
        <line num="35" count="0" type="stmt"/>
        <line num="37" count="24" type="stmt"/>
        <line num="39" count="24" type="stmt"/>
        <line num="40" count="24" type="cond" truecount="1" falsecount="1"/>
        <line num="41" count="24" type="stmt"/>
        <line num="42" count="24" type="cond" truecount="1" falsecount="1"/>
        <line num="43" count="24" type="cond" truecount="3" falsecount="1"/>
        <line num="44" count="0" type="stmt"/>
        <line num="45" count="0" type="stmt"/>
        <line num="84" count="14" type="stmt"/>
      </file>
      <file name="typings.ts" path="/home/onurb/workspace/oneki/onekijs/packages/onekijs/src/app/typings.ts">
        <metrics statements="3" coveredstatements="3" conditionals="0" coveredconditionals="0" methods="0" coveredmethods="0"/>
        <line num="11" count="14" type="stmt"/>
        <line num="12" count="14" type="stmt"/>
        <line num="13" count="14" type="stmt"/>
      </file>
      <file name="useAppContext.ts" path="/home/onurb/workspace/oneki/onekijs/packages/onekijs/src/app/useAppContext.ts">
        <metrics statements="5" coveredstatements="5" conditionals="0" coveredconditionals="0" methods="1" coveredmethods="1"/>
        <line num="1" count="14" type="stmt"/>
        <line num="2" count="14" type="stmt"/>
        <line num="4" count="14" type="stmt"/>
        <line num="5" count="1643" type="stmt"/>
        <line num="8" count="14" type="stmt"/>
      </file>
      <file name="useGlobalProp.ts" path="/home/onurb/workspace/oneki/onekijs/packages/onekijs/src/app/useGlobalProp.ts">
        <metrics statements="12" coveredstatements="0" conditionals="2" coveredconditionals="0" methods="3" coveredmethods="0"/>
        <line num="1" count="0" type="stmt"/>
        <line num="2" count="0" type="stmt"/>
        <line num="3" count="0" type="stmt"/>
        <line num="4" count="0" type="stmt"/>
        <line num="5" count="0" type="stmt"/>
        <line num="16" count="0" type="stmt"/>
        <line num="17" count="0" type="cond" truecount="0" falsecount="2"/>
        <line num="18" count="0" type="stmt"/>
        <line num="19" count="0" type="stmt"/>
        <line num="21" count="0" type="stmt"/>
        <line num="25" count="0" type="stmt"/>
        <line num="28" count="0" type="stmt"/>
      </file>
      <file name="useGlobalSelector.ts" path="/home/onurb/workspace/oneki/onekijs/packages/onekijs/src/app/useGlobalSelector.ts">
        <metrics statements="9" coveredstatements="9" conditionals="4" coveredconditionals="3" methods="3" coveredmethods="3"/>
        <line num="1" count="14" type="stmt"/>
        <line num="2" count="14" type="stmt"/>
        <line num="3" count="14" type="stmt"/>
        <line num="17" count="558" type="stmt"/>
        <line num="18" count="2292" type="cond" truecount="1" falsecount="1"/>
        <line num="21" count="558" type="stmt"/>
        <line num="22" count="558" type="cond" truecount="2" falsecount="0"/>
        <line num="25" count="14" type="stmt"/>
        <line num="26" count="14" type="stmt"/>
      </file>
      <file name="useGlobalState.ts" path="/home/onurb/workspace/oneki/onekijs/packages/onekijs/src/app/useGlobalState.ts">
        <metrics statements="13" coveredstatements="0" conditionals="4" coveredconditionals="0" methods="3" coveredmethods="0"/>
        <line num="1" count="0" type="stmt"/>
        <line num="2" count="0" type="stmt"/>
        <line num="3" count="0" type="stmt"/>
        <line num="4" count="0" type="stmt"/>
        <line num="6" count="0" type="stmt"/>
        <line num="8" count="0" type="stmt"/>
        <line num="12" count="0" type="cond" truecount="0" falsecount="2"/>
        <line num="13" count="0" type="cond" truecount="0" falsecount="2"/>
        <line num="14" count="0" type="stmt"/>
        <line num="15" count="0" type="stmt"/>
        <line num="17" count="0" type="stmt"/>
        <line num="21" count="0" type="stmt"/>
        <line num="24" count="0" type="stmt"/>
      </file>
      <file name="useGlobalStateModifier.ts" path="/home/onurb/workspace/oneki/onekijs/packages/onekijs/src/app/useGlobalStateModifier.ts">
        <metrics statements="9" coveredstatements="0" conditionals="0" coveredconditionals="0" methods="2" coveredmethods="0"/>
        <line num="1" count="0" type="stmt"/>
        <line num="2" count="0" type="stmt"/>
        <line num="3" count="0" type="stmt"/>
        <line num="5" count="0" type="stmt"/>
        <line num="6" count="0" type="stmt"/>
        <line num="7" count="0" type="stmt"/>
        <line num="9" count="0" type="stmt"/>
        <line num="13" count="0" type="stmt"/>
        <line num="16" count="0" type="stmt"/>
      </file>
      <file name="useHistory.ts" path="/home/onurb/workspace/oneki/onekijs/packages/onekijs/src/app/useHistory.ts">
        <metrics statements="13" coveredstatements="0" conditionals="0" coveredconditionals="0" methods="4" coveredmethods="0"/>
        <line num="1" count="0" type="stmt"/>
        <line num="3" count="0" type="stmt"/>
        <line num="6" count="0" type="stmt"/>
        <line num="7" count="0" type="stmt"/>
        <line num="8" count="0" type="stmt"/>
        <line num="9" count="0" type="stmt"/>
        <line num="10" count="0" type="stmt"/>
        <line num="13" count="0" type="stmt"/>
        <line num="14" count="0" type="stmt"/>
        <line num="15" count="0" type="stmt"/>
        <line num="16" count="0" type="stmt"/>
        <line num="20" count="0" type="stmt"/>
        <line num="23" count="0" type="stmt"/>
      </file>
      <file name="useLocalState.ts" path="/home/onurb/workspace/oneki/onekijs/packages/onekijs/src/app/useLocalState.ts">
        <metrics statements="8" coveredstatements="0" conditionals="0" coveredconditionals="0" methods="2" coveredmethods="0"/>
        <line num="1" count="0" type="stmt"/>
        <line num="2" count="0" type="stmt"/>
        <line num="3" count="0" type="stmt"/>
        <line num="6" count="0" type="stmt"/>
        <line num="9" count="0" type="stmt"/>
        <line num="10" count="0" type="stmt"/>
        <line num="12" count="0" type="stmt"/>
        <line num="16" count="0" type="stmt"/>
      </file>
      <file name="useLocation.ts" path="/home/onurb/workspace/oneki/onekijs/packages/onekijs/src/app/useLocation.ts">
        <metrics statements="13" coveredstatements="0" conditionals="0" coveredconditionals="0" methods="4" coveredmethods="0"/>
        <line num="1" count="0" type="stmt"/>
        <line num="3" count="0" type="stmt"/>
        <line num="6" count="0" type="stmt"/>
        <line num="7" count="0" type="stmt"/>
        <line num="8" count="0" type="stmt"/>
        <line num="9" count="0" type="stmt"/>
        <line num="11" count="0" type="stmt"/>
        <line num="16" count="0" type="stmt"/>
        <line num="17" count="0" type="stmt"/>
        <line num="18" count="0" type="stmt"/>
        <line num="19" count="0" type="stmt"/>
        <line num="23" count="0" type="stmt"/>
        <line num="26" count="0" type="stmt"/>
      </file>
      <file name="useOnekiRouter.ts" path="/home/onurb/workspace/oneki/onekijs/packages/onekijs/src/app/useOnekiRouter.ts">
        <metrics statements="4" coveredstatements="4" conditionals="0" coveredconditionals="0" methods="1" coveredmethods="1"/>
        <line num="2" count="14" type="stmt"/>
        <line num="5" count="14" type="stmt"/>
        <line num="6" count="275" type="stmt"/>
        <line num="9" count="14" type="stmt"/>
      </file>
      <file name="useParams.ts" path="/home/onurb/workspace/oneki/onekijs/packages/onekijs/src/app/useParams.ts">
        <metrics statements="14" coveredstatements="0" conditionals="0" coveredconditionals="0" methods="4" coveredmethods="0"/>
        <line num="1" count="0" type="stmt"/>
        <line num="3" count="0" type="stmt"/>
        <line num="4" count="0" type="stmt"/>
        <line num="7" count="0" type="stmt"/>
        <line num="8" count="0" type="stmt"/>
        <line num="9" count="0" type="stmt"/>
        <line num="10" count="0" type="stmt"/>
        <line num="12" count="0" type="stmt"/>
        <line num="17" count="0" type="stmt"/>
        <line num="18" count="0" type="stmt"/>
        <line num="19" count="0" type="stmt"/>
        <line num="20" count="0" type="stmt"/>
        <line num="23" count="0" type="stmt"/>
        <line num="26" count="0" type="stmt"/>
      </file>
      <file name="useSetting.ts" path="/home/onurb/workspace/oneki/onekijs/packages/onekijs/src/app/useSetting.ts">
        <metrics statements="5" coveredstatements="5" conditionals="0" coveredconditionals="0" methods="1" coveredmethods="1"/>
        <line num="1" count="5" type="stmt"/>
        <line num="2" count="5" type="stmt"/>
        <line num="10" count="31" type="stmt"/>
        <line num="11" count="31" type="stmt"/>
        <line num="13" count="5" type="stmt"/>
      </file>
      <file name="useSettings.ts" path="/home/onurb/workspace/oneki/onekijs/packages/onekijs/src/app/useSettings.ts">
        <metrics statements="4" coveredstatements="0" conditionals="0" coveredconditionals="0" methods="1" coveredmethods="0"/>
        <line num="2" count="0" type="stmt"/>
        <line num="4" count="0" type="stmt"/>
        <line num="5" count="0" type="stmt"/>
        <line num="8" count="0" type="stmt"/>
      </file>
      <file name="utils.ts" path="/home/onurb/workspace/oneki/onekijs/packages/onekijs/src/app/utils.ts">
        <metrics statements="85" coveredstatements="71" conditionals="34" coveredconditionals="18" methods="23" coveredmethods="17"/>
        <line num="1" count="14" type="stmt"/>
        <line num="2" count="14" type="stmt"/>
        <line num="3" count="14" type="stmt"/>
        <line num="5" count="14" type="stmt"/>
        <line num="7" count="14" type="stmt"/>
        <line num="8" count="14" type="stmt"/>
        <line num="11" count="14" type="stmt"/>
        <line num="12" count="14" type="stmt"/>
        <line num="21" count="14" type="stmt"/>
        <line num="22" count="14" type="stmt"/>
        <line num="24" count="14" type="stmt"/>
        <line num="25" count="68" type="cond" truecount="1" falsecount="1"/>
        <line num="26" count="136" type="cond" truecount="1" falsecount="1"/>
        <line num="28" count="68" type="stmt"/>
        <line num="29" count="68" type="cond" truecount="1" falsecount="1"/>
        <line num="30" count="68" type="stmt"/>
        <line num="31" count="68" type="stmt"/>
        <line num="34" count="68" type="stmt"/>
        <line num="35" count="68" type="stmt"/>
        <line num="38" count="68" type="stmt"/>
        <line num="39" count="479" type="cond" truecount="1" falsecount="1"/>
        <line num="40" count="479" type="stmt"/>
        <line num="41" count="479" type="cond" truecount="2" falsecount="0"/>
        <line num="42" count="237" type="stmt"/>
        <line num="43" count="237" type="stmt"/>
        <line num="44" count="237" type="stmt"/>
        <line num="45" count="237" type="stmt"/>
        <line num="46" count="237" type="stmt"/>
        <line num="47" count="237" type="stmt"/>
        <line num="49" count="237" type="stmt"/>
        <line num="53" count="237" type="stmt"/>
        <line num="54" count="237" type="stmt"/>
        <line num="56" count="237" type="stmt"/>
        <line num="58" count="242" type="stmt"/>
        <line num="62" count="68" type="stmt"/>
        <line num="63" count="68" type="stmt"/>
        <line num="65" count="556" type="cond" truecount="1" falsecount="1"/>
        <line num="66" count="556" type="stmt"/>
        <line num="68" count="68" type="cond" truecount="0" falsecount="2"/>
        <line num="69" count="0" type="stmt"/>
        <line num="70" count="0" type="cond" truecount="0" falsecount="2"/>
        <line num="71" count="0" type="stmt"/>
        <line num="75" count="68" type="stmt"/>
        <line num="76" count="112" type="stmt"/>
        <line num="77" count="404" type="cond" truecount="2" falsecount="0"/>
        <line num="78" count="404" type="stmt"/>
        <line num="84" count="112" type="stmt"/>
        <line num="87" count="68" type="cond" truecount="0" falsecount="2"/>
        <line num="88" count="0" type="stmt"/>
        <line num="89" count="0" type="cond" truecount="0" falsecount="2"/>
        <line num="90" count="0" type="stmt"/>
        <line num="92" count="0" type="stmt"/>
        <line num="95" count="68" type="stmt"/>
        <line num="98" count="14" type="stmt"/>
        <line num="99" count="68" type="stmt"/>
        <line num="100" count="68" type="cond" truecount="1" falsecount="1"/>
        <line num="101" count="0" type="stmt"/>
        <line num="102" count="0" type="stmt"/>
        <line num="103" count="0" type="stmt"/>
        <line num="106" count="68" type="stmt"/>
        <line num="107" count="68" type="stmt"/>
        <line num="110" count="14" type="stmt"/>
        <line num="115" count="88" type="cond" truecount="2" falsecount="0"/>
        <line num="116" count="23" type="cond" truecount="1" falsecount="1"/>
        <line num="117" count="0" type="stmt"/>
        <line num="118" count="0" type="stmt"/>
        <line num="120" count="23" type="cond" truecount="1" falsecount="1"/>
        <line num="122" count="0" type="stmt"/>
        <line num="123" count="0" type="stmt"/>
        <line num="126" count="23" type="stmt"/>
        <line num="127" count="23" type="stmt"/>
        <line num="128" count="13" type="stmt"/>
        <line num="134" count="244" type="stmt"/>
        <line num="135" count="244" type="stmt"/>
        <line num="136" count="244" type="stmt"/>
        <line num="137" count="80" type="stmt"/>
        <line num="139" count="244" type="stmt"/>
        <line num="142" count="14" type="stmt"/>
        <line num="146" count="61" type="stmt"/>
        <line num="147" count="61" type="stmt"/>
        <line num="148" count="61" type="cond" truecount="2" falsecount="0"/>
        <line num="151" count="14" type="stmt"/>
        <line num="155" count="61" type="stmt"/>
        <line num="156" count="61" type="stmt"/>
        <line num="157" count="61" type="cond" truecount="2" falsecount="0"/>
      </file>
    </package>
    <package name="src.auth">
      <metrics statements="704" coveredstatements="468" conditionals="452" coveredconditionals="214" methods="81" coveredmethods="65"/>
      <file name="AuthService.ts" path="/home/onurb/workspace/oneki/onekijs/packages/onekijs/src/auth/AuthService.ts">
        <metrics statements="193" coveredstatements="123" conditionals="164" coveredconditionals="82" methods="13" coveredmethods="12"/>
        <line num="1" count="5" type="stmt"/>
        <line num="2" count="5" type="stmt"/>
        <line num="3" count="5" type="stmt"/>
        <line num="4" count="5" type="stmt"/>
        <line num="5" count="5" type="stmt"/>
        <line num="6" count="5" type="stmt"/>
        <line num="7" count="5" type="stmt"/>
        <line num="8" count="5" type="stmt"/>
        <line num="9" count="5" type="stmt"/>
        <line num="10" count="5" type="stmt"/>
        <line num="12" count="5" type="stmt"/>
        <line num="15" count="5" type="stmt"/>
        <line num="22" count="10" type="stmt"/>
        <line num="23" count="12" type="stmt"/>
        <line num="32" count="10" type="stmt"/>
        <line num="33" count="8" type="stmt"/>
        <line num="34" count="8" type="stmt"/>
        <line num="35" count="8" type="stmt"/>
        <line num="37" count="8" type="stmt"/>
        <line num="39" count="8" type="cond" truecount="1" falsecount="1"/>
        <line num="40" count="0" type="stmt"/>
        <line num="41" count="0" type="cond" truecount="0" falsecount="4"/>
        <line num="42" count="0" type="stmt"/>
        <line num="43" count="0" type="stmt"/>
        <line num="49" count="8" type="stmt"/>
        <line num="50" count="30" type="cond" truecount="5" falsecount="0"/>
        <line num="51" count="16" type="cond" truecount="1" falsecount="1"/>
        <line num="53" count="16" type="cond" truecount="1" falsecount="1"/>
        <line num="56" count="8" type="cond" truecount="4" falsecount="0"/>
        <line num="59" count="2" type="stmt"/>
        <line num="60" count="12" type="stmt"/>
        <line num="62" count="2" type="stmt"/>
        <line num="64" count="2" type="stmt"/>
        <line num="65" count="6" type="cond" truecount="2" falsecount="0"/>
        <line num="66" count="2" type="stmt"/>
        <line num="67" count="4" type="cond" truecount="1" falsecount="1"/>
        <line num="69" count="0" type="stmt"/>
        <line num="71" count="0" type="stmt"/>
        <line num="74" count="4" type="stmt"/>
        <line num="75" count="24" type="cond" truecount="2" falsecount="0"/>
        <line num="76" count="16" type="stmt"/>
        <line num="80" count="4" type="cond" truecount="2" falsecount="2"/>
        <line num="81" count="0" type="stmt"/>
        <line num="82" count="0" type="stmt"/>
        <line num="85" count="4" type="stmt"/>
        <line num="95" count="10" type="stmt"/>
        <line num="96" count="11" type="stmt"/>
        <line num="97" count="11" type="stmt"/>
        <line num="99" count="11" type="cond" truecount="2" falsecount="0"/>
        <line num="102" count="2" type="stmt"/>
        <line num="104" count="2" type="cond" truecount="1" falsecount="1"/>
        <line num="106" count="2" type="stmt"/>
        <line num="111" count="11" type="stmt"/>
        <line num="115" count="11" type="cond" truecount="1" falsecount="1"/>
        <line num="117" count="11" type="cond" truecount="4" falsecount="0"/>
        <line num="119" count="2" type="stmt"/>
        <line num="121" count="2" type="stmt"/>
        <line num="124" count="9" type="stmt"/>
        <line num="126" count="9" type="stmt"/>
        <line num="127" count="9" type="cond" truecount="1" falsecount="1"/>
        <line num="129" count="9" type="stmt"/>
        <line num="130" count="0" type="cond" truecount="0" falsecount="2"/>
        <line num="131" count="0" type="cond" truecount="0" falsecount="2"/>
        <line num="148" count="5" type="stmt"/>
        <line num="150" count="4" type="stmt"/>
        <line num="151" count="4" type="stmt"/>
        <line num="152" count="4" type="stmt"/>
        <line num="153" count="4" type="cond" truecount="1" falsecount="1"/>
        <line num="154" count="0" type="stmt"/>
        <line num="157" count="0" type="cond" truecount="0" falsecount="2"/>
        <line num="158" count="0" type="stmt"/>
        <line num="160" count="0" type="cond" truecount="0" falsecount="1"/>
        <line num="178" count="5" type="stmt"/>
        <line num="179" count="19" type="stmt"/>
        <line num="181" count="19" type="stmt"/>
        <line num="182" count="19" type="cond" truecount="4" falsecount="0"/>
        <line num="184" count="10" type="stmt"/>
        <line num="187" count="9" type="stmt"/>
        <line num="188" count="9" type="cond" truecount="1" falsecount="1"/>
        <line num="189" count="0" type="stmt"/>
        <line num="192" count="9" type="stmt"/>
        <line num="193" count="9" type="cond" truecount="1" falsecount="1"/>
        <line num="194" count="0" type="stmt"/>
        <line num="197" count="9" type="stmt"/>
        <line num="199" count="9" type="stmt"/>
        <line num="202" count="10" type="cond" truecount="2" falsecount="0"/>
        <line num="204" count="16" type="stmt"/>
        <line num="205" count="8" type="stmt"/>
        <line num="207" count="18" type="cond" truecount="1" falsecount="1"/>
        <line num="209" count="0" type="stmt"/>
        <line num="210" count="14" type="cond" truecount="2" falsecount="0"/>
        <line num="214" count="4" type="stmt"/>
        <line num="215" count="4" type="cond" truecount="1" falsecount="1"/>
        <line num="217" count="0" type="stmt"/>
        <line num="219" count="4" type="cond" truecount="1" falsecount="1"/>
        <line num="223" count="5" type="cond" truecount="3" falsecount="0"/>
        <line num="230" count="10" type="stmt"/>
        <line num="232" count="10" type="cond" truecount="1" falsecount="1"/>
        <line num="234" count="0" type="stmt"/>
        <line num="236" count="5" type="stmt"/>
        <line num="238" count="14" type="cond" truecount="1" falsecount="1"/>
        <line num="239" count="0" type="stmt"/>
        <line num="241" count="27" type="cond" truecount="2" falsecount="0"/>
        <line num="242" count="2" type="stmt"/>
        <line num="244" count="13" type="stmt"/>
        <line num="261" count="5" type="stmt"/>
        <line num="262" count="14" type="stmt"/>
        <line num="264" count="14" type="stmt"/>
        <line num="265" count="14" type="cond" truecount="1" falsecount="1"/>
        <line num="266" count="14" type="stmt"/>
        <line num="267" count="14" type="cond" truecount="4" falsecount="0"/>
        <line num="269" count="6" type="stmt"/>
        <line num="271" count="8" type="stmt"/>
        <line num="272" count="8" type="stmt"/>
        <line num="273" count="8" type="cond" truecount="1" falsecount="1"/>
        <line num="275" count="0" type="stmt"/>
        <line num="279" count="8" type="cond" truecount="2" falsecount="0"/>
        <line num="281" count="8" type="stmt"/>
        <line num="282" count="8" type="cond" truecount="2" falsecount="0"/>
        <line num="283" count="8" type="stmt"/>
        <line num="284" count="8" type="stmt"/>
        <line num="285" count="12" type="cond" truecount="4" falsecount="0"/>
        <line num="287" count="4" type="stmt"/>
        <line num="292" count="24" type="stmt"/>
        <line num="293" count="28" type="cond" truecount="2" falsecount="0"/>
        <line num="294" count="20" type="stmt"/>
        <line num="298" count="4" type="cond" truecount="3" falsecount="1"/>
        <line num="299" count="8" type="cond" truecount="1" falsecount="1"/>
        <line num="302" count="0" type="stmt"/>
        <line num="304" count="4" type="stmt"/>
        <line num="305" count="8" type="cond" truecount="1" falsecount="1"/>
        <line num="306" count="0" type="stmt"/>
        <line num="311" count="16" type="cond" truecount="1" falsecount="1"/>
        <line num="313" count="0" type="stmt"/>
        <line num="316" count="8" type="stmt"/>
        <line num="318" count="0" type="cond" truecount="0" falsecount="2"/>
        <line num="319" count="0" type="stmt"/>
        <line num="321" count="0" type="stmt"/>
        <line num="339" count="5" type="cond" truecount="1" falsecount="1"/>
        <line num="340" count="2" type="stmt"/>
        <line num="342" count="2" type="cond" truecount="3" falsecount="1"/>
        <line num="344" count="2" type="stmt"/>
        <line num="347" count="0" type="cond" truecount="0" falsecount="2"/>
        <line num="350" count="0" type="cond" truecount="0" falsecount="2"/>
        <line num="351" count="0" type="stmt"/>
        <line num="352" count="0" type="stmt"/>
        <line num="354" count="0" type="cond" truecount="0" falsecount="2"/>
        <line num="356" count="0" type="stmt"/>
        <line num="360" count="0" type="stmt"/>
        <line num="361" count="0" type="cond" truecount="0" falsecount="2"/>
        <line num="364" count="0" type="stmt"/>
        <line num="369" count="0" type="stmt"/>
        <line num="370" count="0" type="cond" truecount="0" falsecount="2"/>
        <line num="372" count="0" type="stmt"/>
        <line num="375" count="0" type="stmt"/>
        <line num="380" count="0" type="stmt"/>
        <line num="384" count="0" type="cond" truecount="0" falsecount="2"/>
        <line num="385" count="0" type="cond" truecount="0" falsecount="2"/>
        <line num="386" count="0" type="stmt"/>
        <line num="388" count="0" type="stmt"/>
        <line num="396" count="0" type="cond" truecount="0" falsecount="2"/>
        <line num="397" count="0" type="stmt"/>
        <line num="402" count="0" type="cond" truecount="0" falsecount="2"/>
        <line num="403" count="0" type="stmt"/>
        <line num="407" count="0" type="stmt"/>
        <line num="410" count="0" type="cond" truecount="0" falsecount="4"/>
        <line num="411" count="0" type="stmt"/>
        <line num="413" count="0" type="cond" truecount="0" falsecount="2"/>
        <line num="415" count="0" type="cond" truecount="0" falsecount="2"/>
        <line num="416" count="0" type="stmt"/>
        <line num="418" count="0" type="stmt"/>
        <line num="434" count="5" type="stmt"/>
        <line num="436" count="12" type="cond" truecount="1" falsecount="1"/>
        <line num="437" count="0" type="cond" truecount="0" falsecount="2"/>
        <line num="438" count="0" type="stmt"/>
        <line num="440" count="0" type="cond" truecount="0" falsecount="4"/>
        <line num="441" count="0" type="stmt"/>
        <line num="447" count="0" type="cond" truecount="0" falsecount="2"/>
        <line num="448" count="0" type="stmt"/>
        <line num="450" count="0" type="cond" truecount="0" falsecount="4"/>
        <line num="451" count="0" type="stmt"/>
        <line num="457" count="0" type="cond" truecount="0" falsecount="2"/>
        <line num="458" count="0" type="stmt"/>
        <line num="463" count="12" type="cond" truecount="2" falsecount="1"/>
        <line num="464" count="12" type="stmt"/>
        <line num="466" count="10" type="cond" truecount="4" falsecount="0"/>
        <line num="467" count="4" type="stmt"/>
        <line num="469" count="6" type="stmt"/>
        <line num="471" count="0" type="cond" truecount="0" falsecount="2"/>
        <line num="472" count="0" type="stmt"/>
        <line num="473" count="0" type="stmt"/>
        <line num="475" count="0" type="stmt"/>
        <line num="479" count="5" type="stmt"/>
      </file>
      <file name="DefaultAuthErrorComponent.tsx" path="/home/onurb/workspace/oneki/onekijs/packages/onekijs/src/auth/DefaultAuthErrorComponent.tsx">
        <metrics statements="13" coveredstatements="0" conditionals="4" coveredconditionals="0" methods="2" coveredmethods="0"/>
        <line num="1" count="0" type="stmt"/>
        <line num="3" count="0" type="stmt"/>
        <line num="4" count="0" type="stmt"/>
        <line num="6" count="0" type="stmt"/>
        <line num="7" count="0" type="stmt"/>
        <line num="8" count="0" type="stmt"/>
        <line num="10" count="0" type="stmt"/>
        <line num="11" count="0" type="cond" truecount="0" falsecount="2"/>
        <line num="12" count="0" type="stmt"/>
        <line num="16" count="0" type="cond" truecount="0" falsecount="2"/>
        <line num="17" count="0" type="stmt"/>
        <line num="20" count="0" type="stmt"/>
        <line num="23" count="0" type="stmt"/>
      </file>
      <file name="LoginService.ts" path="/home/onurb/workspace/oneki/onekijs/packages/onekijs/src/auth/LoginService.ts">
        <metrics statements="213" coveredstatements="152" conditionals="153" coveredconditionals="71" methods="12" coveredmethods="11"/>
        <line num="1" count="4" type="stmt"/>
        <line num="2" count="4" type="stmt"/>
        <line num="3" count="4" type="stmt"/>
        <line num="4" count="4" type="stmt"/>
        <line num="5" count="4" type="stmt"/>
        <line num="6" count="4" type="stmt"/>
        <line num="7" count="4" type="stmt"/>
        <line num="8" count="4" type="stmt"/>
        <line num="9" count="4" type="stmt"/>
        <line num="10" count="4" type="stmt"/>
        <line num="11" count="4" type="stmt"/>
        <line num="13" count="4" type="stmt"/>
        <line num="27" count="4" type="stmt"/>
        <line num="32" count="16" type="cond" truecount="1" falsecount="1"/>
        <line num="33" count="16" type="stmt"/>
        <line num="34" count="16" type="stmt"/>
        <line num="44" count="8" type="stmt"/>
        <line num="45" count="5" type="stmt"/>
        <line num="55" count="8" type="stmt"/>
        <line num="56" count="5" type="stmt"/>
        <line num="57" count="5" type="stmt"/>
        <line num="66" count="8" type="stmt"/>
        <line num="67" count="5" type="stmt"/>
        <line num="68" count="5" type="stmt"/>
        <line num="86" count="4" type="stmt"/>
        <line num="87" count="5" type="stmt"/>
        <line num="90" count="10" type="stmt"/>
        <line num="93" count="5" type="stmt"/>
        <line num="96" count="5" type="stmt"/>
        <line num="98" count="10" type="cond" truecount="1" falsecount="1"/>
        <line num="101" count="0" type="stmt"/>
        <line num="104" count="5" type="cond" truecount="1" falsecount="1"/>
        <line num="105" count="5" type="cond" truecount="1" falsecount="1"/>
        <line num="106" count="5" type="cond" truecount="1" falsecount="1"/>
        <line num="107" count="5" type="cond" truecount="1" falsecount="1"/>
        <line num="108" count="5" type="cond" truecount="1" falsecount="1"/>
        <line num="109" count="5" type="stmt"/>
        <line num="110" count="5" type="cond" truecount="1" falsecount="1"/>
        <line num="111" count="0" type="stmt"/>
        <line num="113" count="5" type="stmt"/>
        <line num="115" count="5" type="cond" truecount="1" falsecount="1"/>
        <line num="116" count="0" type="stmt"/>
        <line num="118" count="5" type="stmt"/>
        <line num="125" count="5" type="stmt"/>
        <line num="133" count="5" type="stmt"/>
        <line num="135" count="8" type="cond" truecount="2" falsecount="0"/>
        <line num="139" count="2" type="stmt"/>
        <line num="140" count="3" type="cond" truecount="2" falsecount="0"/>
        <line num="142" count="1" type="stmt"/>
        <line num="143" count="2" type="cond" truecount="1" falsecount="1"/>
        <line num="146" count="2" type="stmt"/>
        <line num="149" count="10" type="cond" truecount="1" falsecount="0"/>
        <line num="151" count="0" type="cond" truecount="0" falsecount="2"/>
        <line num="152" count="0" type="stmt"/>
        <line num="154" count="0" type="stmt"/>
        <line num="155" count="0" type="cond" truecount="0" falsecount="2"/>
        <line num="158" count="0" type="stmt"/>
        <line num="162" count="0" type="stmt"/>
        <line num="178" count="4" type="stmt"/>
        <line num="179" count="8" type="stmt"/>
        <line num="182" count="8" type="stmt"/>
        <line num="185" count="8" type="cond" truecount="1" falsecount="1"/>
        <line num="186" count="8" type="cond" truecount="1" falsecount="1"/>
        <line num="187" count="0" type="stmt"/>
        <line num="190" count="10" type="cond" truecount="2" falsecount="0"/>
        <line num="191" count="6" type="cond" truecount="2" falsecount="0"/>
        <line num="192" count="1" type="stmt"/>
        <line num="194" count="5" type="stmt"/>
        <line num="198" count="5" type="cond" truecount="1" falsecount="1"/>
        <line num="199" count="5" type="stmt"/>
        <line num="201" count="5" type="cond" truecount="1" falsecount="1"/>
        <line num="202" count="5" type="stmt"/>
        <line num="205" count="9" type="cond" truecount="5" falsecount="0"/>
        <line num="206" count="1" type="stmt"/>
        <line num="207" count="1" type="stmt"/>
        <line num="208" count="1" type="stmt"/>
        <line num="209" count="1" type="stmt"/>
        <line num="211" count="4" type="stmt"/>
        <line num="213" count="5" type="cond" truecount="1" falsecount="1"/>
        <line num="214" count="5" type="stmt"/>
        <line num="215" count="5" type="stmt"/>
        <line num="217" count="5" type="stmt"/>
        <line num="218" count="5" type="stmt"/>
        <line num="220" count="0" type="stmt"/>
        <line num="223" count="5" type="cond" truecount="3" falsecount="1"/>
        <line num="224" count="5" type="stmt"/>
        <line num="225" count="5" type="stmt"/>
        <line num="226" count="5" type="stmt"/>
        <line num="227" count="5" type="stmt"/>
        <line num="228" count="5" type="stmt"/>
        <line num="230" count="0" type="stmt"/>
        <line num="233" count="8" type="cond" truecount="2" falsecount="0"/>
        <line num="236" count="2" type="stmt"/>
        <line num="237" count="2" type="stmt"/>
        <line num="238" count="3" type="cond" truecount="2" falsecount="0"/>
        <line num="244" count="2" type="stmt"/>
        <line num="245" count="15" type="cond" truecount="2" falsecount="0"/>
        <line num="246" count="15" type="stmt"/>
        <line num="249" count="2" type="stmt"/>
        <line num="251" count="1" type="stmt"/>
        <line num="253" count="4" type="cond" truecount="1" falsecount="1"/>
        <line num="256" count="0" type="stmt"/>
        <line num="257" count="0" type="stmt"/>
        <line num="258" count="2" type="cond" truecount="1" falsecount="1"/>
        <line num="261" count="2" type="cond" truecount="1" falsecount="1"/>
        <line num="262" count="2" type="stmt"/>
        <line num="264" count="0" type="stmt"/>
        <line num="267" count="2" type="cond" truecount="1" falsecount="1"/>
        <line num="268" count="0" type="stmt"/>
        <line num="270" count="4" type="stmt"/>
        <line num="271" count="2" type="cond" truecount="1" falsecount="1"/>
        <line num="274" count="4" type="stmt"/>
        <line num="278" count="0" type="stmt"/>
        <line num="296" count="4" type="stmt"/>
        <line num="297" count="1" type="stmt"/>
        <line num="300" count="1" type="stmt"/>
        <line num="304" count="1" type="stmt"/>
        <line num="308" count="1" type="stmt"/>
        <line num="311" count="1" type="stmt"/>
        <line num="314" count="1" type="stmt"/>
        <line num="316" count="1" type="cond" truecount="1" falsecount="1"/>
        <line num="317" count="1" type="cond" truecount="1" falsecount="1"/>
        <line num="318" count="1" type="cond" truecount="1" falsecount="1"/>
        <line num="319" count="2" type="cond" truecount="1" falsecount="1"/>
        <line num="323" count="0" type="stmt"/>
        <line num="324" count="1" type="cond" truecount="1" falsecount="1"/>
        <line num="327" count="1" type="stmt"/>
        <line num="328" count="1" type="stmt"/>
        <line num="329" count="1" type="stmt"/>
        <line num="331" count="1" type="cond" truecount="1" falsecount="1"/>
        <line num="332" count="0" type="stmt"/>
        <line num="335" count="1" type="cond" truecount="1" falsecount="1"/>
        <line num="336" count="0" type="cond" truecount="0" falsecount="10"/>
        <line num="339" count="1" type="cond" truecount="1" falsecount="1"/>
        <line num="340" count="0" type="stmt"/>
        <line num="346" count="1" type="cond" truecount="1" falsecount="1"/>
        <line num="347" count="1" type="cond" truecount="3" falsecount="1"/>
        <line num="348" count="1" type="stmt"/>
        <line num="353" count="0" type="stmt"/>
        <line num="356" count="0" type="stmt"/>
        <line num="362" count="0" type="cond" truecount="0" falsecount="2"/>
        <line num="363" count="0" type="cond" truecount="0" falsecount="2"/>
        <line num="364" count="0" type="stmt"/>
        <line num="366" count="0" type="stmt"/>
        <line num="375" count="0" type="cond" truecount="0" falsecount="2"/>
        <line num="376" count="0" type="stmt"/>
        <line num="377" count="0" type="stmt"/>
        <line num="381" count="0" type="stmt"/>
        <line num="383" count="0" type="cond" truecount="0" falsecount="2"/>
        <line num="387" count="0" type="stmt"/>
        <line num="388" count="0" type="cond" truecount="0" falsecount="4"/>
        <line num="391" count="0" type="stmt"/>
        <line num="392" count="0" type="stmt"/>
        <line num="397" count="0" type="cond" truecount="0" falsecount="2"/>
        <line num="400" count="0" type="stmt"/>
        <line num="403" count="0" type="cond" truecount="0" falsecount="5"/>
        <line num="406" count="0" type="stmt"/>
        <line num="407" count="0" type="stmt"/>
        <line num="408" count="0" type="cond" truecount="0" falsecount="2"/>
        <line num="409" count="0" type="stmt"/>
        <line num="410" count="0" type="cond" truecount="0" falsecount="2"/>
        <line num="411" count="0" type="stmt"/>
        <line num="415" count="0" type="stmt"/>
        <line num="417" count="1" type="cond" truecount="1" falsecount="1"/>
        <line num="418" count="0" type="stmt"/>
        <line num="420" count="2" type="stmt"/>
        <line num="421" count="1" type="cond" truecount="1" falsecount="1"/>
        <line num="424" count="2" type="stmt"/>
        <line num="428" count="0" type="stmt"/>
        <line num="444" count="4" type="stmt"/>
        <line num="451" count="5" type="stmt"/>
        <line num="454" count="5" type="stmt"/>
        <line num="455" count="8" type="cond" truecount="2" falsecount="0"/>
        <line num="457" count="4" type="stmt"/>
        <line num="460" count="6" type="stmt"/>
        <line num="463" count="6" type="cond" truecount="2" falsecount="0"/>
        <line num="465" count="8" type="stmt"/>
        <line num="468" count="2" type="stmt"/>
        <line num="471" count="10" type="stmt"/>
        <line num="472" count="10" type="stmt"/>
        <line num="475" count="5" type="stmt"/>
        <line num="476" count="5" type="stmt"/>
        <line num="478" count="10" type="cond" truecount="1" falsecount="1"/>
        <line num="480" count="0" type="stmt"/>
        <line num="483" count="10" type="stmt"/>
        <line num="486" count="0" type="stmt"/>
        <line num="487" count="0" type="cond" truecount="0" falsecount="2"/>
        <line num="488" count="0" type="stmt"/>
        <line num="490" count="0" type="stmt"/>
        <line num="491" count="0" type="cond" truecount="0" falsecount="2"/>
        <line num="494" count="0" type="stmt"/>
        <line num="498" count="0" type="stmt"/>
        <line num="514" count="4" type="stmt"/>
        <line num="515" count="15" type="stmt"/>
        <line num="517" count="15" type="stmt"/>
        <line num="520" count="15" type="stmt"/>
        <line num="522" count="20" type="cond" truecount="2" falsecount="0"/>
        <line num="525" count="6" type="stmt"/>
        <line num="526" count="12" type="cond" truecount="2" falsecount="2"/>
        <line num="528" count="0" type="stmt"/>
        <line num="534" count="13" type="stmt"/>
        <line num="537" count="0" type="stmt"/>
        <line num="543" count="13" type="cond" truecount="1" falsecount="1"/>
        <line num="544" count="0" type="stmt"/>
        <line num="548" count="18" type="cond" truecount="2" falsecount="0"/>
        <line num="550" count="16" type="stmt"/>
        <line num="553" count="2" type="cond" truecount="1" falsecount="1"/>
        <line num="554" count="0" type="stmt"/>
        <line num="556" count="4" type="stmt"/>
        <line num="557" count="2" type="cond" truecount="1" falsecount="1"/>
        <line num="560" count="4" type="stmt"/>
        <line num="564" count="0" type="stmt"/>
        <line num="568" count="4" type="stmt"/>
      </file>
      <file name="LogoutService.ts" path="/home/onurb/workspace/oneki/onekijs/packages/onekijs/src/auth/LogoutService.ts">
        <metrics statements="69" coveredstatements="47" conditionals="33" coveredconditionals="9" methods="7" coveredmethods="7"/>
        <line num="1" count="1" type="stmt"/>
        <line num="2" count="1" type="stmt"/>
        <line num="3" count="1" type="stmt"/>
        <line num="4" count="1" type="stmt"/>
        <line num="5" count="1" type="stmt"/>
        <line num="6" count="1" type="stmt"/>
        <line num="7" count="1" type="stmt"/>
        <line num="8" count="1" type="stmt"/>
        <line num="9" count="1" type="stmt"/>
        <line num="10" count="1" type="stmt"/>
        <line num="12" count="1" type="stmt"/>
        <line num="15" count="1" type="stmt"/>
        <line num="20" count="4" type="cond" truecount="1" falsecount="1"/>
        <line num="21" count="4" type="stmt"/>
        <line num="22" count="4" type="stmt"/>
        <line num="31" count="2" type="stmt"/>
        <line num="32" count="4" type="stmt"/>
        <line num="41" count="2" type="stmt"/>
        <line num="42" count="2" type="stmt"/>
        <line num="43" count="2" type="stmt"/>
        <line num="51" count="2" type="stmt"/>
        <line num="52" count="2" type="stmt"/>
        <line num="53" count="2" type="stmt"/>
        <line num="64" count="1" type="stmt"/>
        <line num="65" count="4" type="stmt"/>
        <line num="67" count="4" type="stmt"/>
        <line num="68" count="8" type="cond" truecount="1" falsecount="1"/>
        <line num="69" count="0" type="cond" truecount="0" falsecount="1"/>
        <line num="73" count="8" type="stmt"/>
        <line num="76" count="4" type="stmt"/>
        <line num="78" count="8" type="cond" truecount="1" falsecount="1"/>
        <line num="79" count="0" type="cond" truecount="0" falsecount="2"/>
        <line num="83" count="0" type="stmt"/>
        <line num="84" count="0" type="stmt"/>
        <line num="85" count="0" type="cond" truecount="0" falsecount="2"/>
        <line num="87" count="0" type="cond" truecount="0" falsecount="2"/>
        <line num="88" count="0" type="stmt"/>
        <line num="89" count="0" type="cond" truecount="0" falsecount="2"/>
        <line num="92" count="0" type="cond" truecount="0" falsecount="2"/>
        <line num="93" count="0" type="stmt"/>
        <line num="94" count="0" type="cond" truecount="0" falsecount="2"/>
        <line num="95" count="0" type="stmt"/>
        <line num="98" count="0" type="stmt"/>
        <line num="101" count="0" type="stmt"/>
        <line num="104" count="8" type="cond" truecount="1" falsecount="1"/>
        <line num="107" count="0" type="stmt"/>
        <line num="108" count="4" type="cond" truecount="1" falsecount="1"/>
        <line num="110" count="4" type="cond" truecount="1" falsecount="1"/>
        <line num="111" count="8" type="stmt"/>
        <line num="117" count="4" type="stmt"/>
        <line num="120" count="4" type="stmt"/>
        <line num="121" count="2" type="cond" truecount="1" falsecount="1"/>
        <line num="124" count="4" type="stmt"/>
        <line num="128" count="0" type="stmt"/>
        <line num="134" count="1" type="stmt"/>
        <line num="135" count="2" type="stmt"/>
        <line num="138" count="4" type="stmt"/>
        <line num="141" count="4" type="stmt"/>
        <line num="142" count="4" type="stmt"/>
        <line num="144" count="3" type="cond" truecount="2" falsecount="0"/>
        <line num="146" count="2" type="stmt"/>
        <line num="149" count="2" type="stmt"/>
        <line num="152" count="0" type="cond" truecount="0" falsecount="2"/>
        <line num="153" count="0" type="stmt"/>
        <line num="155" count="0" type="stmt"/>
        <line num="156" count="0" type="cond" truecount="0" falsecount="2"/>
        <line num="159" count="0" type="stmt"/>
        <line num="163" count="0" type="stmt"/>
        <line num="167" count="1" type="stmt"/>
      </file>
      <file name="secure.tsx" path="/home/onurb/workspace/oneki/onekijs/packages/onekijs/src/auth/secure.tsx">
        <metrics statements="37" coveredstatements="0" conditionals="28" coveredconditionals="0" methods="5" coveredmethods="0"/>
        <line num="1" count="0" type="stmt"/>
        <line num="2" count="0" type="stmt"/>
        <line num="3" count="0" type="stmt"/>
        <line num="4" count="0" type="stmt"/>
        <line num="7" count="0" type="stmt"/>
        <line num="9" count="0" type="stmt"/>
        <line num="12" count="0" type="cond" truecount="0" falsecount="2"/>
        <line num="14" count="0" type="stmt"/>
        <line num="15" count="0" type="stmt"/>
        <line num="16" count="0" type="stmt"/>
        <line num="17" count="0" type="stmt"/>
        <line num="18" count="0" type="stmt"/>
        <line num="19" count="0" type="stmt"/>
        <line num="20" count="0" type="cond" truecount="0" falsecount="2"/>
        <line num="22" count="0" type="stmt"/>
        <line num="24" count="0" type="stmt"/>
        <line num="25" count="0" type="stmt"/>
        <line num="30" count="0" type="stmt"/>
        <line num="31" count="0" type="cond" truecount="0" falsecount="5"/>
        <line num="32" count="0" type="stmt"/>
        <line num="33" count="0" type="stmt"/>
        <line num="37" count="0" type="cond" truecount="0" falsecount="4"/>
        <line num="38" count="0" type="cond" truecount="0" falsecount="2"/>
        <line num="43" count="0" type="stmt"/>
        <line num="44" count="0" type="cond" truecount="0" falsecount="2"/>
        <line num="45" count="0" type="cond" truecount="0" falsecount="4"/>
        <line num="47" count="0" type="stmt"/>
        <line num="49" count="0" type="stmt"/>
        <line num="52" count="0" type="stmt"/>
        <line num="54" count="0" type="cond" truecount="0" falsecount="2"/>
        <line num="55" count="0" type="stmt"/>
        <line num="56" count="0" type="cond" truecount="0" falsecount="2"/>
[...]
        <line num="93" count="62" type="stmt"/>
        <line num="95" count="1" type="stmt"/>
      </file>
      <file name="useI18n.ts" path="/home/onurb/workspace/oneki/onekijs/packages/onekijs/src/i18n/useI18n.ts">
        <metrics statements="4" coveredstatements="0" conditionals="0" coveredconditionals="0" methods="1" coveredmethods="0"/>
        <line num="1" count="0" type="stmt"/>
        <line num="4" count="0" type="stmt"/>
        <line num="5" count="0" type="stmt"/>
        <line num="8" count="0" type="stmt"/>
      </file>
      <file name="useI18nService.ts" path="/home/onurb/workspace/oneki/onekijs/packages/onekijs/src/i18n/useI18nService.ts">
        <metrics statements="5" coveredstatements="5" conditionals="0" coveredconditionals="0" methods="1" coveredmethods="1"/>
        <line num="1" count="1" type="stmt"/>
        <line num="2" count="1" type="stmt"/>
        <line num="4" count="1" type="stmt"/>
        <line num="5" count="192" type="stmt"/>
        <line num="8" count="1" type="stmt"/>
      </file>
      <file name="useLocale.ts" path="/home/onurb/workspace/oneki/onekijs/packages/onekijs/src/i18n/useLocale.ts">
        <metrics statements="5" coveredstatements="5" conditionals="2" coveredconditionals="1" methods="1" coveredmethods="1"/>
        <line num="1" count="1" type="stmt"/>
        <line num="2" count="1" type="stmt"/>
        <line num="4" count="1" type="stmt"/>
        <line num="5" count="96" type="cond" truecount="1" falsecount="1"/>
        <line num="8" count="1" type="stmt"/>
      </file>
      <file name="useTranslation.tsx" path="/home/onurb/workspace/oneki/onekijs/packages/onekijs/src/i18n/useTranslation.tsx">
        <metrics statements="74" coveredstatements="71" conditionals="52" coveredconditionals="45" methods="11" coveredmethods="11"/>
        <line num="1" count="1" type="stmt"/>
        <line num="2" count="1" type="stmt"/>
        <line num="3" count="1" type="stmt"/>
        <line num="4" count="1" type="stmt"/>
        <line num="6" count="1" type="stmt"/>
        <line num="7" count="1" type="stmt"/>
        <line num="9" count="1" type="stmt"/>
        <line num="10" count="1" type="stmt"/>
        <line num="11" count="1" type="stmt"/>
        <line num="13" count="1" type="stmt"/>
        <line num="14" count="96" type="cond" truecount="1" falsecount="1"/>
        <line num="16" count="96" type="stmt"/>
        <line num="17" count="96" type="stmt"/>
        <line num="18" count="96" type="stmt"/>
        <line num="20" count="96" type="stmt"/>
        <line num="21" count="96" type="stmt"/>
        <line num="24" count="96" type="stmt"/>
        <line num="25" count="96" type="stmt"/>
        <line num="27" count="96" type="stmt"/>
        <line num="28" count="96" type="cond" truecount="4" falsecount="0"/>
        <line num="31" count="96" type="stmt"/>
        <line num="33" count="96" type="stmt"/>
        <line num="34" count="75" type="cond" truecount="1" falsecount="1"/>
        <line num="35" count="75" type="cond" truecount="1" falsecount="1"/>
        <line num="36" count="0" type="stmt"/>
        <line num="38" count="75" type="cond" truecount="2" falsecount="0"/>
        <line num="39" count="74" type="stmt"/>
        <line num="41" count="75" type="stmt"/>
        <line num="44" count="96" type="stmt"/>
        <line num="45" count="124" type="stmt"/>
        <line num="48" count="96" type="cond" truecount="2" falsecount="0"/>
        <line num="50" count="96" type="stmt"/>
        <line num="51" count="2064" type="cond" truecount="2" falsecount="0"/>
        <line num="52" count="1152" type="cond" truecount="1" falsecount="1"/>
        <line num="53" count="1152" type="stmt"/>
        <line num="56" count="1152" type="cond" truecount="2" falsecount="0"/>
        <line num="58" count="528" type="stmt"/>
        <line num="59" count="528" type="cond" truecount="1" falsecount="1"/>
        <line num="60" count="0" type="stmt"/>
        <line num="61" count="528" type="cond" truecount="2" falsecount="0"/>
        <line num="62" count="144" type="stmt"/>
        <line num="63" count="144" type="cond" truecount="1" falsecount="1"/>
        <line num="64" count="0" type="stmt"/>
        <line num="68" count="144" type="stmt"/>
        <line num="72" count="1152" type="stmt"/>
        <line num="73" count="1152" type="stmt"/>
        <line num="74" count="1152" type="stmt"/>
        <line num="76" count="1152" type="cond" truecount="2" falsecount="0"/>
        <line num="77" count="1008" type="stmt"/>
        <line num="78" count="1008" type="stmt"/>
        <line num="79" count="1008" type="cond" truecount="2" falsecount="0"/>
        <line num="80" count="528" type="stmt"/>
        <line num="83" count="144" type="cond" truecount="2" falsecount="0"/>
        <line num="84" count="96" type="stmt"/>
        <line num="88" count="1152" type="cond" truecount="1" falsecount="1"/>
        <line num="89" count="1152" type="cond" truecount="2" falsecount="0"/>
        <line num="91" count="1152" type="stmt"/>
        <line num="92" count="1488" type="cond" truecount="4" falsecount="0"/>
        <line num="93" count="1446" type="stmt"/>
        <line num="99" count="1152" type="stmt"/>
        <line num="100" count="1488" type="cond" truecount="4" falsecount="0"/>
        <line num="101" count="1446" type="stmt"/>
        <line num="105" count="2520" type="stmt"/>
        <line num="106" count="2520" type="cond" truecount="2" falsecount="0"/>
        <line num="107" count="1118" type="stmt"/>
        <line num="109" count="34" type="stmt"/>
        <line num="114" count="96" type="stmt"/>
        <line num="115" count="816" type="stmt"/>
        <line num="116" count="816" type="stmt"/>
        <line num="121" count="96" type="stmt"/>
        <line num="122" count="96" type="cond" truecount="4" falsecount="0"/>
        <line num="123" count="48" type="stmt"/>
        <line num="127" count="96" type="cond" truecount="2" falsecount="0"/>
        <line num="130" count="1" type="stmt"/>
      </file>
      <file name="utils.ts" path="/home/onurb/workspace/oneki/onekijs/packages/onekijs/src/i18n/utils.ts">
        <metrics statements="78" coveredstatements="59" conditionals="53" coveredconditionals="32" methods="13" coveredmethods="10"/>
        <line num="1" count="14" type="stmt"/>
        <line num="4" count="14" type="stmt"/>
        <line num="6" count="14" type="stmt"/>
        <line num="7" count="14" type="stmt"/>
        <line num="8" count="14" type="stmt"/>
        <line num="10" count="14" type="stmt"/>
        <line num="12" count="14" type="stmt"/>
        <line num="19" count="1118" type="stmt"/>
        <line num="22" count="1118" type="cond" truecount="2" falsecount="0"/>
        <line num="23" count="624" type="stmt"/>
        <line num="24" count="1152" type="stmt"/>
        <line num="26" count="1152" type="stmt"/>
        <line num="27" count="1152" type="cond" truecount="1" falsecount="1"/>
        <line num="28" count="0" type="stmt"/>
        <line num="30" count="1152" type="stmt"/>
        <line num="31" count="1152" type="stmt"/>
        <line num="39" count="1118" type="stmt"/>
        <line num="40" count="1118" type="cond" truecount="2" falsecount="0"/>
        <line num="41" count="974" type="stmt"/>
        <line num="42" count="974" type="stmt"/>
        <line num="45" count="14" type="stmt"/>
        <line num="51" count="92" type="stmt"/>
        <line num="52" count="92" type="cond" truecount="4" falsecount="1"/>
        <line num="53" count="92" type="stmt"/>
        <line num="55" count="92" type="cond" truecount="1" falsecount="1"/>
        <line num="56" count="92" type="stmt"/>
        <line num="58" count="92" type="cond" truecount="4" falsecount="0"/>
        <line num="59" count="68" type="cond" truecount="2" falsecount="0"/>
        <line num="60" count="68" type="cond" truecount="1" falsecount="1"/>
        <line num="61" count="68" type="stmt"/>
        <line num="62" count="68" type="cond" truecount="4" falsecount="1"/>
        <line num="63" count="112" type="stmt"/>
        <line num="64" count="68" type="cond" truecount="2" falsecount="0"/>
        <line num="65" count="0" type="cond" truecount="0" falsecount="2"/>
        <line num="66" count="0" type="cond" truecount="0" falsecount="2"/>
        <line num="69" count="68" type="cond" truecount="5" falsecount="0"/>
        <line num="70" count="24" type="stmt"/>
        <line num="72" count="44" type="stmt"/>
        <line num="75" count="14" type="stmt"/>
        <line num="93" count="48" type="stmt"/>
        <line num="94" count="48" type="stmt"/>
        <line num="95" count="62" type="stmt"/>
        <line num="96" count="646" type="stmt"/>
        <line num="97" count="646" type="stmt"/>
        <line num="100" count="48" type="stmt"/>
        <line num="103" count="14" type="stmt"/>
        <line num="104" count="96" type="stmt"/>
        <line num="107" count="96" type="stmt"/>
        <line num="108" count="0" type="cond" truecount="0" falsecount="2"/>
        <line num="109" count="0" type="stmt"/>
        <line num="112" count="0" type="stmt"/>
        <line num="113" count="0" type="stmt"/>
        <line num="114" count="0" type="stmt"/>
        <line num="115" count="0" type="stmt"/>
        <line num="116" count="0" type="cond" truecount="0" falsecount="2"/>
        <line num="117" count="0" type="stmt"/>
        <line num="124" count="14" type="stmt"/>
        <line num="125" count="1152" type="stmt"/>
        <line num="126" count="1152" type="stmt"/>
        <line num="127" count="1152" type="cond" truecount="2" falsecount="0"/>
        <line num="128" count="96" type="stmt"/>
        <line num="129" count="96" type="stmt"/>
        <line num="130" count="96" type="stmt"/>
        <line num="131" count="96" type="stmt"/>
        <line num="132" count="96" type="cond" truecount="1" falsecount="1"/>
        <line num="133" count="0" type="stmt"/>
        <line num="135" count="96" type="stmt"/>
        <line num="136" count="96" type="cond" truecount="1" falsecount="1"/>
        <line num="137" count="96" type="stmt"/>
        <line num="139" count="0" type="stmt"/>
        <line num="143" count="1056" type="stmt"/>
        <line num="146" count="14" type="stmt"/>
        <line num="149" count="0" type="cond" truecount="0" falsecount="2"/>
        <line num="150" count="0" type="stmt"/>
        <line num="152" count="0" type="stmt"/>
        <line num="154" count="0" type="cond" truecount="0" falsecount="4"/>
        <line num="155" count="0" type="stmt"/>
        <line num="157" count="0" type="stmt"/>
      </file>
    </package>
    <package name="src.i18n.__tests__.components">
      <metrics statements="11" coveredstatements="10" conditionals="4" coveredconditionals="4" methods="3" coveredmethods="2"/>
      <file name="I18nWidget.tsx" path="/home/onurb/workspace/oneki/onekijs/packages/onekijs/src/i18n/__tests__/components/I18nWidget.tsx">
        <metrics statements="11" coveredstatements="10" conditionals="4" coveredconditionals="4" methods="3" coveredmethods="2"/>
        <line num="1" count="1" type="stmt"/>
        <line num="2" count="1" type="stmt"/>
        <line num="3" count="1" type="stmt"/>
        <line num="12" count="96" type="cond" truecount="2" falsecount="0"/>
        <line num="14" count="96" type="stmt"/>
        <line num="16" count="96" type="stmt"/>
        <line num="17" count="96" type="cond" truecount="2" falsecount="0"/>
        <line num="18" count="48" type="stmt"/>
        <line num="20" count="0" type="stmt"/>
        <line num="23" count="24" type="stmt"/>
        <line num="161" count="1" type="stmt"/>
      </file>
    </package>
    <package name="src.notification">
      <metrics statements="90" coveredstatements="69" conditionals="49" coveredconditionals="29" methods="22" coveredmethods="14"/>
      <file name="NotificationService.ts" path="/home/onurb/workspace/oneki/onekijs/packages/onekijs/src/notification/NotificationService.ts">
        <metrics statements="71" coveredstatements="54" conditionals="43" coveredconditionals="25" methods="18" coveredmethods="11"/>
        <line num="1" count="14" type="stmt"/>
        <line num="3" count="14" type="stmt"/>
        <line num="4" count="14" type="stmt"/>
        <line num="5" count="14" type="stmt"/>
        <line num="6" count="14" type="stmt"/>
        <line num="7" count="14" type="stmt"/>
        <line num="9" count="14" type="stmt"/>
        <line num="12" count="14" type="stmt"/>
        <line num="13" count="14" type="stmt"/>
        <line num="14" count="68" type="stmt"/>
        <line num="18" count="28" type="stmt"/>
        <line num="19" count="25" type="stmt"/>
        <line num="25" count="25" type="stmt"/>
        <line num="26" count="25" type="cond" truecount="4" falsecount="0"/>
        <line num="27" count="4" type="stmt"/>
        <line num="32" count="28" type="stmt"/>
        <line num="33" count="7" type="stmt"/>
        <line num="39" count="14" type="stmt"/>
        <line num="40" count="0" type="cond" truecount="0" falsecount="1"/>
        <line num="46" count="14" type="stmt"/>
        <line num="47" count="8" type="cond" truecount="1" falsecount="0"/>
        <line num="50" count="14" type="stmt"/>
        <line num="55" count="25" type="cond" truecount="1" falsecount="1"/>
        <line num="56" count="0" type="stmt"/>
        <line num="61" count="25" type="stmt"/>
        <line num="68" count="25" type="cond" truecount="1" falsecount="1"/>
        <line num="69" count="25" type="cond" truecount="2" falsecount="0"/>
        <line num="70" count="25" type="cond" truecount="1" falsecount="1"/>
        <line num="71" count="25" type="cond" truecount="2" falsecount="0"/>
        <line num="73" count="25" type="stmt"/>
        <line num="80" count="0" type="stmt"/>
        <line num="86" count="25" type="stmt"/>
        <line num="89" count="14" type="stmt"/>
        <line num="90" count="4" type="cond" truecount="1" falsecount="1"/>
        <line num="91" count="0" type="stmt"/>
        <line num="98" count="4" type="stmt"/>
        <line num="103" count="4" type="stmt"/>
        <line num="109" count="14" type="stmt"/>
        <line num="110" count="0" type="cond" truecount="0" falsecount="1"/>
        <line num="113" count="6" type="stmt"/>
        <line num="114" count="28" type="stmt"/>
        <line num="115" count="6" type="cond" truecount="1" falsecount="1"/>
        <line num="116" count="6" type="stmt"/>
        <line num="117" count="0" type="cond" truecount="0" falsecount="2"/>
        <line num="118" count="0" type="stmt"/>
        <line num="124" count="0" type="stmt"/>
        <line num="125" count="28" type="stmt"/>
        <line num="126" count="0" type="cond" truecount="0" falsecount="2"/>
        <line num="127" count="0" type="stmt"/>
        <line num="128" count="0" type="cond" truecount="0" falsecount="2"/>
        <line num="129" count="0" type="stmt"/>
        <line num="130" count="0" type="stmt"/>
        <line num="138" count="14" type="stmt"/>
        <line num="139" count="25" type="stmt"/>
        <line num="140" count="25" type="cond" truecount="4" falsecount="0"/>
        <line num="142" count="19" type="cond" truecount="1" falsecount="1"/>
        <line num="143" count="19" type="stmt"/>
        <line num="144" count="31" type="cond" truecount="1" falsecount="1"/>
        <line num="145" count="0" type="stmt"/>
        <line num="149" count="25" type="stmt"/>
        <line num="150" count="25" type="cond" truecount="2" falsecount="0"/>
        <line num="151" count="23" type="stmt"/>
        <line num="157" count="50" type="stmt"/>
        <line num="159" count="48" type="cond" truecount="2" falsecount="0"/>
        <line num="160" count="2" type="stmt"/>
        <line num="161" count="0" type="stmt"/>
        <line num="168" count="14" type="stmt"/>
        <line num="169" count="0" type="cond" truecount="0" falsecount="1"/>
        <line num="175" count="14" type="stmt"/>
        <line num="176" count="0" type="cond" truecount="0" falsecount="1"/>
        <line num="178" count="14" type="stmt"/>
      </file>
      <file name="typings.ts" path="/home/onurb/workspace/oneki/onekijs/packages/onekijs/src/notification/typings.ts">
        <metrics statements="6" coveredstatements="6" conditionals="2" coveredconditionals="2" methods="1" coveredmethods="1"/>
        <line num="21" count="14" type="cond" truecount="2" falsecount="0"/>
        <line num="22" count="14" type="stmt"/>
        <line num="23" count="14" type="stmt"/>
        <line num="24" count="14" type="stmt"/>
        <line num="25" count="14" type="stmt"/>
        <line num="26" count="14" type="stmt"/>
      </file>
      <file name="useAllNotifications.ts" path="/home/onurb/workspace/oneki/onekijs/packages/onekijs/src/notification/useAllNotifications.ts">
        <metrics statements="4" coveredstatements="0" conditionals="2" coveredconditionals="0" methods="1" coveredmethods="0"/>
        <line num="1" count="0" type="stmt"/>
        <line num="5" count="0" type="stmt"/>
        <line num="6" count="0" type="cond" truecount="0" falsecount="2"/>
        <line num="9" count="0" type="stmt"/>
      </file>
      <file name="useNotificationService.ts" path="/home/onurb/workspace/oneki/onekijs/packages/onekijs/src/notification/useNotificationService.ts">
        <metrics statements="5" coveredstatements="5" conditionals="0" coveredconditionals="0" methods="1" coveredmethods="1"/>
        <line num="1" count="13" type="stmt"/>
        <line num="2" count="13" type="stmt"/>
        <line num="4" count="13" type="stmt"/>
        <line num="5" count="98" type="stmt"/>
        <line num="8" count="13" type="stmt"/>
      </file>
      <file name="useNotifications.ts" path="/home/onurb/workspace/oneki/onekijs/packages/onekijs/src/notification/useNotifications.ts">
        <metrics statements="4" coveredstatements="4" conditionals="2" coveredconditionals="2" methods="1" coveredmethods="1"/>
        <line num="1" count="13" type="stmt"/>
        <line num="4" count="13" type="stmt"/>
        <line num="5" count="127" type="cond" truecount="2" falsecount="0"/>
        <line num="8" count="13" type="stmt"/>
      </file>
    </package>
    <package name="src.notification.__tests__.components">
      <metrics statements="17" coveredstatements="8" conditionals="4" coveredconditionals="0" methods="6" coveredmethods="3"/>
      <file name="NotificationSender.tsx" path="/home/onurb/workspace/oneki/onekijs/packages/onekijs/src/notification/__tests__/components/NotificationSender.tsx">
        <metrics statements="8" coveredstatements="8" conditionals="0" coveredconditionals="0" methods="3" coveredmethods="3"/>
        <line num="1" count="3" type="stmt"/>
        <line num="3" count="3" type="stmt"/>
        <line num="9" count="6" type="stmt"/>
        <line num="11" count="6" type="stmt"/>
        <line num="12" count="6" type="stmt"/>
        <line num="14" count="19" type="stmt"/>
        <line num="15" count="19" type="stmt"/>
        <line num="23" count="3" type="stmt"/>
      </file>
      <file name="NotificationWidget.tsx" path="/home/onurb/workspace/oneki/onekijs/packages/onekijs/src/notification/__tests__/components/NotificationWidget.tsx">
        <metrics statements="9" coveredstatements="0" conditionals="4" coveredconditionals="0" methods="3" coveredmethods="0"/>
        <line num="1" count="0" type="stmt"/>
        <line num="2" count="0" type="stmt"/>
        <line num="4" count="0" type="stmt"/>
        <line num="5" count="0" type="stmt"/>
        <line num="6" count="0" type="stmt"/>
        <line num="8" count="0" type="stmt"/>
        <line num="13" count="0" type="stmt"/>
        <line num="22" count="0" type="stmt"/>
        <line num="34" count="0" type="stmt"/>
      </file>
    </package>
  </project>
</coverage>
