{"/home/onurb/workspace/oneki/onekijs/packages/onekijs/src/index.ts": {"path":"/home/onurb/workspace/oneki/onekijs/packages/onekijs/src/index.ts","statementMap":{"0":{"start":{"line":1,"column":0},"end":{"line":1,"column":9}},"1":{"start":{"line":1,"column":9},"end":{"line":1,"column":33}},"2":{"start":{"line":2,"column":0},"end":{"line":2,"column":9}},"3":{"start":{"line":2,"column":9},"end":{"line":2,"column":30}},"4":{"start":{"line":2,"column":32},"end":{"line":2,"column":76}},"5":{"start":{"line":3,"column":0},"end":{"line":3,"column":9}},"6":{"start":{"line":3,"column":9},"end":{"line":3,"column":35}},"7":{"start":{"line":3,"column":37},"end":{"line":3,"column":87}},"8":{"start":{"line":4,"column":0},"end":{"line":4,"column":9}},"9":{"start":{"line":4,"column":9},"end":{"line":4,"column":31}},"10":{"start":{"line":5,"column":0},"end":{"line":5,"column":9}},"11":{"start":{"line":5,"column":9},"end":{"line":5,"column":29}},"12":{"start":{"line":6,"column":0},"end":{"line":6,"column":9}},"13":{"start":{"line":6,"column":9},"end":{"line":6,"column":43}},"14":{"start":{"line":7,"column":0},"end":{"line":7,"column":9}},"15":{"start":{"line":7,"column":9},"end":{"line":7,"column":38}},"16":{"start":{"line":8,"column":0},"end":{"line":8,"column":9}},"17":{"start":{"line":8,"column":9},"end":{"line":8,"column":37}},"18":{"start":{"line":9,"column":0},"end":{"line":9,"column":9}},"19":{"start":{"line":9,"column":9},"end":{"line":9,"column":26}},"20":{"start":{"line":9,"column":26},"end":{"line":9,"column":69}},"21":{"start":{"line":20,"column":0},"end":{"line":20,"column":9}},"22":{"start":{"line":20,"column":9},"end":{"line":20,"column":37}},"23":{"start":{"line":20,"column":39},"end":{"line":20,"column":89}},"24":{"start":{"line":21,"column":0},"end":{"line":21,"column":9}},"25":{"start":{"line":21,"column":9},"end":{"line":21,"column":34}},"26":{"start":{"line":22,"column":0},"end":{"line":22,"column":9}},"27":{"start":{"line":22,"column":9},"end":{"line":22,"column":42}},"28":{"start":{"line":23,"column":0},"end":{"line":23,"column":9}},"29":{"start":{"line":23,"column":9},"end":{"line":23,"column":30}},"30":{"start":{"line":24,"column":0},"end":{"line":24,"column":9}},"31":{"start":{"line":24,"column":9},"end":{"line":24,"column":52}},"32":{"start":{"line":25,"column":0},"end":{"line":25,"column":9}},"33":{"start":{"line":25,"column":9},"end":{"line":25,"column":31}},"34":{"start":{"line":26,"column":0},"end":{"line":26,"column":9}},"35":{"start":{"line":26,"column":9},"end":{"line":26,"column":34}},"36":{"start":{"line":27,"column":0},"end":{"line":27,"column":9}},"37":{"start":{"line":27,"column":9},"end":{"line":27,"column":29}},"38":{"start":{"line":28,"column":0},"end":{"line":28,"column":9}},"39":{"start":{"line":28,"column":9},"end":{"line":28,"column":30}},"40":{"start":{"line":29,"column":0},"end":{"line":29,"column":9}},"41":{"start":{"line":29,"column":9},"end":{"line":29,"column":31}},"42":{"start":{"line":30,"column":0},"end":{"line":30,"column":9}},"43":{"start":{"line":30,"column":9},"end":{"line":30,"column":27}},"44":{"start":{"line":30,"column":27},"end":{"line":30,"column":63}},"45":{"start":{"line":31,"column":0},"end":{"line":31,"column":9}},"46":{"start":{"line":31,"column":9},"end":{"line":31,"column":31}},"47":{"start":{"line":32,"column":0},"end":{"line":32,"column":9}},"48":{"start":{"line":32,"column":9},"end":{"line":32,"column":45}},"49":{"start":{"line":33,"column":0},"end":{"line":33,"column":9}},"50":{"start":{"line":33,"column":9},"end":{"line":33,"column":32}},"51":{"start":{"line":34,"column":0},"end":{"line":34,"column":9}},"52":{"start":{"line":34,"column":9},"end":{"line":34,"column":33}},"53":{"start":{"line":35,"column":0},"end":{"line":35,"column":9}},"54":{"start":{"line":35,"column":9},"end":{"line":35,"column":39}},"55":{"start":{"line":36,"column":0},"end":{"line":36,"column":null}},"56":{"start":{"line":38,"column":2},"end":{"line":38,"column":null}},"57":{"start":{"line":39,"column":2},"end":{"line":39,"column":null}},"58":{"start":{"line":40,"column":2},"end":{"line":40,"column":null}},"59":{"start":{"line":41,"column":2},"end":{"line":41,"column":null}},"60":{"start":{"line":42,"column":2},"end":{"line":42,"column":null}},"61":{"start":{"line":43,"column":2},"end":{"line":43,"column":null}},"62":{"start":{"line":44,"column":2},"end":{"line":44,"column":null}},"63":{"start":{"line":45,"column":2},"end":{"line":45,"column":null}},"64":{"start":{"line":53,"column":0},"end":{"line":53,"column":9}},"65":{"start":{"line":53,"column":9},"end":{"line":53,"column":34}},"66":{"start":{"line":54,"column":0},"end":{"line":54,"column":9}},"67":{"start":{"line":54,"column":9},"end":{"line":54,"column":28}},"68":{"start":{"line":54,"column":30},"end":{"line":54,"column":71}},"69":{"start":{"line":55,"column":0},"end":{"line":55,"column":9}},"70":{"start":{"line":55,"column":9},"end":{"line":55,"column":36}},"71":{"start":{"line":55,"column":38},"end":{"line":55,"column":95}},"72":{"start":{"line":56,"column":0},"end":{"line":56,"column":9}},"73":{"start":{"line":56,"column":9},"end":{"line":56,"column":33}},"74":{"start":{"line":57,"column":0},"end":{"line":57,"column":9}},"75":{"start":{"line":57,"column":9},"end":{"line":57,"column":29}},"76":{"start":{"line":58,"column":0},"end":{"line":58,"column":9}},"77":{"start":{"line":58,"column":9},"end":{"line":58,"column":37}},"78":{"start":{"line":58,"column":39},"end":{"line":58,"column":98}},"79":{"start":{"line":59,"column":0},"end":{"line":59,"column":9}},"80":{"start":{"line":59,"column":9},"end":{"line":59,"column":34}},"81":{"start":{"line":60,"column":0},"end":{"line":60,"column":9}},"82":{"start":{"line":60,"column":9},"end":{"line":60,"column":38}},"83":{"start":{"line":61,"column":0},"end":{"line":61,"column":null}},"84":{"start":{"line":62,"column":2},"end":{"line":62,"column":null}},"85":{"start":{"line":63,"column":2},"end":{"line":63,"column":null}},"86":{"start":{"line":64,"column":2},"end":{"line":64,"column":null}},"87":{"start":{"line":65,"column":2},"end":{"line":65,"column":null}},"88":{"start":{"line":66,"column":2},"end":{"line":66,"column":null}},"89":{"start":{"line":67,"column":2},"end":{"line":67,"column":null}},"90":{"start":{"line":68,"column":2},"end":{"line":68,"column":null}},"91":{"start":{"line":69,"column":2},"end":{"line":69,"column":null}},"92":{"start":{"line":70,"column":2},"end":{"line":70,"column":null}},"93":{"start":{"line":71,"column":2},"end":{"line":71,"column":null}},"94":{"start":{"line":72,"column":2},"end":{"line":72,"column":null}},"95":{"start":{"line":73,"column":2},"end":{"line":73,"column":null}},"96":{"start":{"line":74,"column":2},"end":{"line":74,"column":null}},"97":{"start":{"line":75,"column":2},"end":{"line":75,"column":null}},"98":{"start":{"line":77,"column":0},"end":{"line":77,"column":9}},"99":{"start":{"line":77,"column":9},"end":{"line":77,"column":50}},"100":{"start":{"line":78,"column":0},"end":{"line":78,"column":9}},"101":{"start":{"line":78,"column":9},"end":{"line":78,"column":19}},"102":{"start":{"line":78,"column":19},"end":{"line":78,"column":59}},"103":{"start":{"line":79,"column":0},"end":{"line":79,"column":9}},"104":{"start":{"line":79,"column":9},"end":{"line":79,"column":18}},"105":{"start":{"line":79,"column":18},"end":{"line":79,"column":27}},"106":{"start":{"line":79,"column":27},"end":{"line":79,"column":35}},"107":{"start":{"line":79,"column":35},"end":{"line":79,"column":70}},"108":{"start":{"line":80,"column":0},"end":{"line":80,"column":9}},"109":{"start":{"line":80,"column":9},"end":{"line":80,"column":21}},"110":{"start":{"line":80,"column":21},"end":{"line":80,"column":31}},"111":{"start":{"line":80,"column":31},"end":{"line":80,"column":70}},"112":{"start":{"line":81,"column":0},"end":{"line":81,"column":9}},"113":{"start":{"line":81,"column":9},"end":{"line":81,"column":17}},"114":{"start":{"line":81,"column":17},"end":{"line":81,"column":57}},"115":{"start":{"line":82,"column":0},"end":{"line":82,"column":null}},"116":{"start":{"line":83,"column":2},"end":{"line":83,"column":null}},"117":{"start":{"line":84,"column":2},"end":{"line":84,"column":null}},"118":{"start":{"line":85,"column":2},"end":{"line":85,"column":null}},"119":{"start":{"line":86,"column":2},"end":{"line":86,"column":null}},"120":{"start":{"line":87,"column":2},"end":{"line":87,"column":null}},"121":{"start":{"line":88,"column":2},"end":{"line":88,"column":null}},"122":{"start":{"line":89,"column":2},"end":{"line":89,"column":null}},"123":{"start":{"line":90,"column":2},"end":{"line":90,"column":null}},"124":{"start":{"line":91,"column":2},"end":{"line":91,"column":null}},"125":{"start":{"line":92,"column":2},"end":{"line":92,"column":null}},"126":{"start":{"line":93,"column":2},"end":{"line":93,"column":null}},"127":{"start":{"line":94,"column":2},"end":{"line":94,"column":null}},"128":{"start":{"line":95,"column":2},"end":{"line":95,"column":null}},"129":{"start":{"line":96,"column":2},"end":{"line":96,"column":null}},"130":{"start":{"line":97,"column":2},"end":{"line":97,"column":null}},"131":{"start":{"line":98,"column":2},"end":{"line":98,"column":null}},"132":{"start":{"line":99,"column":2},"end":{"line":99,"column":null}},"133":{"start":{"line":100,"column":2},"end":{"line":100,"column":null}},"134":{"start":{"line":102,"column":0},"end":{"line":102,"column":null}},"135":{"start":{"line":103,"column":2},"end":{"line":103,"column":null}},"136":{"start":{"line":104,"column":2},"end":{"line":104,"column":null}},"137":{"start":{"line":105,"column":2},"end":{"line":105,"column":null}},"138":{"start":{"line":106,"column":2},"end":{"line":106,"column":null}},"139":{"start":{"line":107,"column":2},"end":{"line":107,"column":null}},"140":{"start":{"line":108,"column":2},"end":{"line":108,"column":null}},"141":{"start":{"line":109,"column":2},"end":{"line":109,"column":null}},"142":{"start":{"line":110,"column":2},"end":{"line":110,"column":null}},"143":{"start":{"line":112,"column":0},"end":{"line":112,"column":null}},"144":{"start":{"line":113,"column":2},"end":{"line":113,"column":null}},"145":{"start":{"line":114,"column":2},"end":{"line":114,"column":null}},"146":{"start":{"line":115,"column":2},"end":{"line":115,"column":null}},"147":{"start":{"line":116,"column":2},"end":{"line":116,"column":null}},"148":{"start":{"line":117,"column":2},"end":{"line":117,"column":null}},"149":{"start":{"line":118,"column":2},"end":{"line":118,"column":null}},"150":{"start":{"line":119,"column":2},"end":{"line":119,"column":null}},"151":{"start":{"line":120,"column":2},"end":{"line":120,"column":null}},"152":{"start":{"line":122,"column":0},"end":{"line":122,"column":null}},"153":{"start":{"line":123,"column":2},"end":{"line":123,"column":null}},"154":{"start":{"line":124,"column":2},"end":{"line":124,"column":null}},"155":{"start":{"line":125,"column":2},"end":{"line":125,"column":null}},"156":{"start":{"line":126,"column":2},"end":{"line":126,"column":null}},"157":{"start":{"line":127,"column":2},"end":{"line":127,"column":null}},"158":{"start":{"line":128,"column":2},"end":{"line":128,"column":null}},"159":{"start":{"line":129,"column":2},"end":{"line":129,"column":null}},"160":{"start":{"line":130,"column":2},"end":{"line":130,"column":null}},"161":{"start":{"line":131,"column":2},"end":{"line":131,"column":null}},"162":{"start":{"line":133,"column":0},"end":{"line":133,"column":null}},"163":{"start":{"line":134,"column":2},"end":{"line":134,"column":null}},"164":{"start":{"line":135,"column":2},"end":{"line":135,"column":null}},"165":{"start":{"line":136,"column":2},"end":{"line":136,"column":null}},"166":{"start":{"line":137,"column":2},"end":{"line":137,"column":null}},"167":{"start":{"line":138,"column":2},"end":{"line":138,"column":null}},"168":{"start":{"line":139,"column":2},"end":{"line":139,"column":null}},"169":{"start":{"line":140,"column":2},"end":{"line":140,"column":null}},"170":{"start":{"line":142,"column":0},"end":{"line":142,"column":null}},"171":{"start":{"line":143,"column":2},"end":{"line":143,"column":null}},"172":{"start":{"line":144,"column":2},"end":{"line":144,"column":null}},"173":{"start":{"line":145,"column":2},"end":{"line":145,"column":null}},"174":{"start":{"line":146,"column":2},"end":{"line":146,"column":null}},"175":{"start":{"line":147,"column":2},"end":{"line":147,"column":null}},"176":{"start":{"line":148,"column":2},"end":{"line":148,"column":null}},"177":{"start":{"line":149,"column":2},"end":{"line":149,"column":null}},"178":{"start":{"line":150,"column":2},"end":{"line":150,"column":null}},"179":{"start":{"line":151,"column":2},"end":{"line":151,"column":null}},"180":{"start":{"line":152,"column":2},"end":{"line":152,"column":null}},"181":{"start":{"line":153,"column":2},"end":{"line":153,"column":null}},"182":{"start":{"line":155,"column":0},"end":{"line":155,"column":9}},"183":{"start":{"line":155,"column":9},"end":{"line":155,"column":30}},"184":{"start":{"line":156,"column":0},"end":{"line":156,"column":9}},"185":{"start":{"line":156,"column":9},"end":{"line":156,"column":29}},"186":{"start":{"line":157,"column":0},"end":{"line":157,"column":9}},"187":{"start":{"line":157,"column":9},"end":{"line":157,"column":36}},"188":{"start":{"line":158,"column":0},"end":{"line":158,"column":9}},"189":{"start":{"line":158,"column":9},"end":{"line":158,"column":33}},"190":{"start":{"line":159,"column":0},"end":{"line":159,"column":9}},"191":{"start":{"line":159,"column":9},"end":{"line":159,"column":29}},"192":{"start":{"line":160,"column":0},"end":{"line":160,"column":9}},"193":{"start":{"line":160,"column":9},"end":{"line":160,"column":30}},"194":{"start":{"line":161,"column":0},"end":{"line":161,"column":9}},"195":{"start":{"line":161,"column":9},"end":{"line":161,"column":32}},"196":{"start":{"line":162,"column":0},"end":{"line":162,"column":9}},"197":{"start":{"line":162,"column":9},"end":{"line":162,"column":27}},"198":{"start":{"line":163,"column":0},"end":{"line":163,"column":null}},"199":{"start":{"line":169,"column":2},"end":{"line":169,"column":null}},"200":{"start":{"line":173,"column":0},"end":{"line":173,"column":9}},"201":{"start":{"line":173,"column":9},"end":{"line":173,"column":32}},"202":{"start":{"line":174,"column":0},"end":{"line":174,"column":9}},"203":{"start":{"line":174,"column":9},"end":{"line":174,"column":36}},"204":{"start":{"line":175,"column":0},"end":{"line":175,"column":9}},"205":{"start":{"line":175,"column":9},"end":{"line":175,"column":77}},"206":{"start":{"line":176,"column":0},"end":{"line":176,"column":9}},"207":{"start":{"line":176,"column":9},"end":{"line":176,"column":30}},"208":{"start":{"line":177,"column":0},"end":{"line":177,"column":9}},"209":{"start":{"line":177,"column":9},"end":{"line":177,"column":35}},"210":{"start":{"line":178,"column":0},"end":{"line":178,"column":9}},"211":{"start":{"line":178,"column":9},"end":{"line":178,"column":30}},"212":{"start":{"line":179,"column":0},"end":{"line":179,"column":9}},"213":{"start":{"line":179,"column":9},"end":{"line":179,"column":33}},"214":{"start":{"line":180,"column":0},"end":{"line":180,"column":9}},"215":{"start":{"line":180,"column":9},"end":{"line":180,"column":32}},"216":{"start":{"line":181,"column":0},"end":{"line":181,"column":77}},"217":{"start":{"line":181,"column":77},"end":{"line":181,"column":113}},"218":{"start":{"line":182,"column":0},"end":{"line":182,"column":9}},"219":{"start":{"line":182,"column":9},"end":{"line":182,"column":29}},"220":{"start":{"line":183,"column":0},"end":{"line":183,"column":9}},"221":{"start":{"line":183,"column":9},"end":{"line":183,"column":26}},"222":{"start":{"line":184,"column":0},"end":{"line":184,"column":9}},"223":{"start":{"line":184,"column":9},"end":{"line":184,"column":28}},"224":{"start":{"line":185,"column":0},"end":{"line":185,"column":9}},"225":{"start":{"line":185,"column":9},"end":{"line":185,"column":42}},"226":{"start":{"line":186,"column":0},"end":{"line":186,"column":9}},"227":{"start":{"line":186,"column":9},"end":{"line":186,"column":35}},"228":{"start":{"line":187,"column":0},"end":{"line":187,"column":9}},"229":{"start":{"line":187,"column":9},"end":{"line":187,"column":26}},"230":{"start":{"line":188,"column":0},"end":{"line":188,"column":9}},"231":{"start":{"line":188,"column":9},"end":{"line":188,"column":35}},"232":{"start":{"line":189,"column":0},"end":{"line":189,"column":9}},"233":{"start":{"line":189,"column":9},"end":{"line":189,"column":32}},"234":{"start":{"line":190,"column":0},"end":{"line":190,"column":9}},"235":{"start":{"line":190,"column":9},"end":{"line":190,"column":34}},"236":{"start":{"line":191,"column":0},"end":{"line":191,"column":9}},"237":{"start":{"line":191,"column":9},"end":{"line":191,"column":33}},"238":{"start":{"line":192,"column":0},"end":{"line":192,"column":9}},"239":{"start":{"line":192,"column":9},"end":{"line":192,"column":41}},"240":{"start":{"line":193,"column":0},"end":{"line":193,"column":9}},"241":{"start":{"line":193,"column":9},"end":{"line":193,"column":32}},"242":{"start":{"line":194,"column":0},"end":{"line":194,"column":null}},"243":{"start":{"line":195,"column":2},"end":{"line":195,"column":null}},"244":{"start":{"line":196,"column":2},"end":{"line":196,"column":null}},"245":{"start":{"line":197,"column":2},"end":{"line":197,"column":null}},"246":{"start":{"line":198,"column":2},"end":{"line":198,"column":null}},"247":{"start":{"line":199,"column":2},"end":{"line":199,"column":null}},"248":{"start":{"line":200,"column":2},"end":{"line":200,"column":null}},"249":{"start":{"line":201,"column":2},"end":{"line":201,"column":null}},"250":{"start":{"line":202,"column":2},"end":{"line":202,"column":null}},"251":{"start":{"line":203,"column":2},"end":{"line":203,"column":null}},"252":{"start":{"line":205,"column":0},"end":{"line":205,"column":9}},"253":{"start":{"line":205,"column":9},"end":{"line":205,"column":25}},"254":{"start":{"line":206,"column":0},"end":{"line":206,"column":9}},"255":{"start":{"line":206,"column":9},"end":{"line":206,"column":26}},"256":{"start":{"line":207,"column":0},"end":{"line":207,"column":9}},"257":{"start":{"line":207,"column":9},"end":{"line":207,"column":32}},"258":{"start":{"line":208,"column":0},"end":{"line":208,"column":9}},"259":{"start":{"line":208,"column":9},"end":{"line":208,"column":28}},"260":{"start":{"line":209,"column":0},"end":{"line":209,"column":9}},"261":{"start":{"line":209,"column":9},"end":{"line":209,"column":25}},"262":{"start":{"line":210,"column":0},"end":{"line":210,"column":9}},"263":{"start":{"line":210,"column":9},"end":{"line":210,"column":25}},"264":{"start":{"line":211,"column":0},"end":{"line":211,"column":9}},"265":{"start":{"line":211,"column":9},"end":{"line":211,"column":28}},"266":{"start":{"line":212,"column":0},"end":{"line":212,"column":9}},"267":{"start":{"line":212,"column":9},"end":{"line":212,"column":36}},"268":{"start":{"line":213,"column":0},"end":{"line":213,"column":9}},"269":{"start":{"line":213,"column":9},"end":{"line":213,"column":39}},"270":{"start":{"line":214,"column":0},"end":{"line":214,"column":9}},"271":{"start":{"line":214,"column":9},"end":{"line":214,"column":31}},"272":{"start":{"line":215,"column":0},"end":{"line":215,"column":null}},"273":{"start":{"line":234,"column":2},"end":{"line":234,"column":null}},"274":{"start":{"line":240,"column":2},"end":{"line":240,"column":null}},"275":{"start":{"line":242,"column":2},"end":{"line":242,"column":null}},"276":{"start":{"line":246,"column":0},"end":{"line":246,"column":9}},"277":{"start":{"line":246,"column":9},"end":{"line":246,"column":59}},"278":{"start":{"line":247,"column":0},"end":{"line":247,"column":9}},"279":{"start":{"line":247,"column":9},"end":{"line":247,"column":32}},"280":{"start":{"line":248,"column":0},"end":{"line":248,"column":9}},"281":{"start":{"line":248,"column":9},"end":{"line":248,"column":27}},"282":{"start":{"line":249,"column":0},"end":{"line":249,"column":9}},"283":{"start":{"line":249,"column":9},"end":{"line":249,"column":28}},"284":{"start":{"line":250,"column":0},"end":{"line":250,"column":9}},"285":{"start":{"line":250,"column":9},"end":{"line":250,"column":37}},"286":{"start":{"line":251,"column":0},"end":{"line":251,"column":9}},"287":{"start":{"line":251,"column":9},"end":{"line":251,"column":27}},"288":{"start":{"line":252,"column":0},"end":{"line":252,"column":9}},"289":{"start":{"line":252,"column":9},"end":{"line":252,"column":34}},"290":{"start":{"line":253,"column":0},"end":{"line":253,"column":9}},"291":{"start":{"line":253,"column":9},"end":{"line":253,"column":33}},"292":{"start":{"line":254,"column":0},"end":{"line":254,"column":9}},"293":{"start":{"line":254,"column":9},"end":{"line":254,"column":27}},"294":{"start":{"line":255,"column":0},"end":{"line":255,"column":9}},"295":{"start":{"line":255,"column":9},"end":{"line":255,"column":29}},"296":{"start":{"line":256,"column":0},"end":{"line":256,"column":9}},"297":{"start":{"line":256,"column":9},"end":{"line":256,"column":33}},"298":{"start":{"line":257,"column":0},"end":{"line":257,"column":9}},"299":{"start":{"line":257,"column":9},"end":{"line":257,"column":28}},"300":{"start":{"line":258,"column":0},"end":{"line":258,"column":9}},"301":{"start":{"line":258,"column":9},"end":{"line":258,"column":49}},"302":{"start":{"line":259,"column":0},"end":{"line":259,"column":9}},"303":{"start":{"line":259,"column":9},"end":{"line":259,"column":31}},"304":{"start":{"line":261,"column":0},"end":{"line":261,"column":9}},"305":{"start":{"line":261,"column":9},"end":{"line":261,"column":27}},"306":{"start":{"line":262,"column":0},"end":{"line":262,"column":9}},"307":{"start":{"line":262,"column":9},"end":{"line":262,"column":34}},"308":{"start":{"line":263,"column":0},"end":{"line":263,"column":9}},"309":{"start":{"line":263,"column":9},"end":{"line":263,"column":29}},"310":{"start":{"line":264,"column":0},"end":{"line":264,"column":9}},"311":{"start":{"line":264,"column":9},"end":{"line":264,"column":34}},"312":{"start":{"line":265,"column":0},"end":{"line":265,"column":9}},"313":{"start":{"line":265,"column":9},"end":{"line":265,"column":19}},"314":{"start":{"line":265,"column":19},"end":{"line":265,"column":33}},"315":{"start":{"line":265,"column":33},"end":{"line":265,"column":54}},"316":{"start":{"line":265,"column":54},"end":{"line":265,"column":71}},"317":{"start":{"line":265,"column":71},"end":{"line":265,"column":108}},"318":{"start":{"line":266,"column":0},"end":{"line":266,"column":9}},"319":{"start":{"line":266,"column":9},"end":{"line":266,"column":39}},"320":{"start":{"line":267,"column":0},"end":{"line":267,"column":44}},"321":{"start":{"line":267,"column":44},"end":{"line":267,"column":94}},"322":{"start":{"line":268,"column":0},"end":{"line":268,"column":9}},"323":{"start":{"line":268,"column":9},"end":{"line":268,"column":39}},"324":{"start":{"line":269,"column":0},"end":{"line":269,"column":9}},"325":{"start":{"line":269,"column":9},"end":{"line":269,"column":36}},"326":{"start":{"line":270,"column":0},"end":{"line":270,"column":9}},"327":{"start":{"line":270,"column":9},"end":{"line":270,"column":42}}},"fnMap":{"0":{"name":"(anonymous_0)","decl":{"start":{"line":1,"column":9},"end":{"line":1,"column":16}},"loc":{"start":{"line":1,"column":9},"end":{"line":1,"column":33}}},"1":{"name":"(anonymous_1)","decl":{"start":{"line":2,"column":9},"end":{"line":2,"column":16}},"loc":{"start":{"line":2,"column":9},"end":{"line":2,"column":30}}},"2":{"name":"(anonymous_2)","decl":{"start":{"line":2,"column":32},"end":{"line":2,"column":49}},"loc":{"start":{"line":2,"column":32},"end":{"line":2,"column":76}}},"3":{"name":"(anonymous_3)","decl":{"start":{"line":3,"column":9},"end":{"line":3,"column":16}},"loc":{"start":{"line":3,"column":9},"end":{"line":3,"column":35}}},"4":{"name":"(anonymous_4)","decl":{"start":{"line":3,"column":37},"end":{"line":3,"column":54}},"loc":{"start":{"line":3,"column":37},"end":{"line":3,"column":87}}},"5":{"name":"(anonymous_5)","decl":{"start":{"line":4,"column":9},"end":{"line":4,"column":16}},"loc":{"start":{"line":4,"column":9},"end":{"line":4,"column":31}}},"6":{"name":"(anonymous_6)","decl":{"start":{"line":5,"column":9},"end":{"line":5,"column":16}},"loc":{"start":{"line":5,"column":9},"end":{"line":5,"column":29}}},"7":{"name":"(anonymous_7)","decl":{"start":{"line":6,"column":9},"end":{"line":6,"column":16}},"loc":{"start":{"line":6,"column":9},"end":{"line":6,"column":43}}},"8":{"name":"(anonymous_8)","decl":{"start":{"line":7,"column":9},"end":{"line":7,"column":16}},"loc":{"start":{"line":7,"column":9},"end":{"line":7,"column":38}}},"9":{"name":"(anonymous_9)","decl":{"start":{"line":8,"column":9},"end":{"line":8,"column":16}},"loc":{"start":{"line":8,"column":9},"end":{"line":8,"column":37}}},"10":{"name":"(anonymous_10)","decl":{"start":{"line":9,"column":9},"end":{"line":9,"column":24}},"loc":{"start":{"line":9,"column":9},"end":{"line":9,"column":26}}},"11":{"name":"(anonymous_11)","decl":{"start":{"line":9,"column":26},"end":{"line":9,"column":44}},"loc":{"start":{"line":9,"column":26},"end":{"line":9,"column":69}}},"12":{"name":"(anonymous_12)","decl":{"start":{"line":20,"column":9},"end":{"line":20,"column":16}},"loc":{"start":{"line":20,"column":9},"end":{"line":20,"column":37}}},"13":{"name":"(anonymous_13)","decl":{"start":{"line":20,"column":39},"end":{"line":20,"column":55}},"loc":{"start":{"line":20,"column":39},"end":{"line":20,"column":89}}},"14":{"name":"(anonymous_14)","decl":{"start":{"line":21,"column":9},"end":{"line":21,"column":16}},"loc":{"start":{"line":21,"column":9},"end":{"line":21,"column":34}}},"15":{"name":"(anonymous_15)","decl":{"start":{"line":22,"column":9},"end":{"line":22,"column":16}},"loc":{"start":{"line":22,"column":9},"end":{"line":22,"column":42}}},"16":{"name":"(anonymous_16)","decl":{"start":{"line":23,"column":9},"end":{"line":23,"column":16}},"loc":{"start":{"line":23,"column":9},"end":{"line":23,"column":30}}},"17":{"name":"(anonymous_17)","decl":{"start":{"line":24,"column":9},"end":{"line":24,"column":22}},"loc":{"start":{"line":24,"column":9},"end":{"line":24,"column":52}}},"18":{"name":"(anonymous_18)","decl":{"start":{"line":25,"column":9},"end":{"line":25,"column":16}},"loc":{"start":{"line":25,"column":9},"end":{"line":25,"column":31}}},"19":{"name":"(anonymous_19)","decl":{"start":{"line":26,"column":9},"end":{"line":26,"column":16}},"loc":{"start":{"line":26,"column":9},"end":{"line":26,"column":34}}},"20":{"name":"(anonymous_20)","decl":{"start":{"line":27,"column":9},"end":{"line":27,"column":16}},"loc":{"start":{"line":27,"column":9},"end":{"line":27,"column":29}}},"21":{"name":"(anonymous_21)","decl":{"start":{"line":28,"column":9},"end":{"line":28,"column":16}},"loc":{"start":{"line":28,"column":9},"end":{"line":28,"column":30}}},"22":{"name":"(anonymous_22)","decl":{"start":{"line":29,"column":9},"end":{"line":29,"column":16}},"loc":{"start":{"line":29,"column":9},"end":{"line":29,"column":31}}},"23":{"name":"(anonymous_23)","decl":{"start":{"line":30,"column":9},"end":{"line":30,"column":25}},"loc":{"start":{"line":30,"column":9},"end":{"line":30,"column":27}}},"24":{"name":"(anonymous_24)","decl":{"start":{"line":30,"column":27},"end":{"line":30,"column":41}},"loc":{"start":{"line":30,"column":27},"end":{"line":30,"column":63}}},"25":{"name":"(anonymous_25)","decl":{"start":{"line":31,"column":9},"end":{"line":31,"column":16}},"loc":{"start":{"line":31,"column":9},"end":{"line":31,"column":31}}},"26":{"name":"(anonymous_26)","decl":{"start":{"line":32,"column":9},"end":{"line":32,"column":16}},"loc":{"start":{"line":32,"column":9},"end":{"line":32,"column":45}}},"27":{"name":"(anonymous_27)","decl":{"start":{"line":33,"column":9},"end":{"line":33,"column":16}},"loc":{"start":{"line":33,"column":9},"end":{"line":33,"column":32}}},"28":{"name":"(anonymous_28)","decl":{"start":{"line":34,"column":9},"end":{"line":34,"column":16}},"loc":{"start":{"line":34,"column":9},"end":{"line":34,"column":33}}},"29":{"name":"(anonymous_29)","decl":{"start":{"line":35,"column":9},"end":{"line":35,"column":15}},"loc":{"start":{"line":35,"column":9},"end":{"line":35,"column":39}}},"30":{"name":"(anonymous_30)","decl":{"start":{"line":38,"column":2},"end":{"line":38,"column":15}},"loc":{"start":{"line":38,"column":2},"end":{"line":38,"column":null}}},"31":{"name":"(anonymous_31)","decl":{"start":{"line":39,"column":2},"end":{"line":39,"column":24}},"loc":{"start":{"line":39,"column":2},"end":{"line":39,"column":null}}},"32":{"name":"(anonymous_32)","decl":{"start":{"line":40,"column":2},"end":{"line":40,"column":12}},"loc":{"start":{"line":40,"column":2},"end":{"line":40,"column":null}}},"33":{"name":"(anonymous_33)","decl":{"start":{"line":41,"column":2},"end":{"line":41,"column":20}},"loc":{"start":{"line":41,"column":2},"end":{"line":41,"column":null}}},"34":{"name":"(anonymous_34)","decl":{"start":{"line":42,"column":2},"end":{"line":42,"column":9}},"loc":{"start":{"line":42,"column":2},"end":{"line":42,"column":null}}},"35":{"name":"(anonymous_35)","decl":{"start":{"line":43,"column":2},"end":{"line":43,"column":17}},"loc":{"start":{"line":43,"column":2},"end":{"line":43,"column":null}}},"36":{"name":"(anonymous_36)","decl":{"start":{"line":44,"column":2},"end":{"line":44,"column":16}},"loc":{"start":{"line":44,"column":2},"end":{"line":44,"column":null}}},"37":{"name":"(anonymous_37)","decl":{"start":{"line":45,"column":2},"end":{"line":45,"column":11}},"loc":{"start":{"line":45,"column":2},"end":{"line":45,"column":null}}},"38":{"name":"(anonymous_38)","decl":{"start":{"line":53,"column":9},"end":{"line":53,"column":16}},"loc":{"start":{"line":53,"column":9},"end":{"line":53,"column":34}}},"39":{"name":"(anonymous_39)","decl":{"start":{"line":54,"column":9},"end":{"line":54,"column":16}},"loc":{"start":{"line":54,"column":9},"end":{"line":54,"column":28}}},"40":{"name":"(anonymous_40)","decl":{"start":{"line":54,"column":30},"end":{"line":54,"column":45}},"loc":{"start":{"line":54,"column":30},"end":{"line":54,"column":71}}},"41":{"name":"(anonymous_41)","decl":{"start":{"line":55,"column":9},"end":{"line":55,"column":16}},"loc":{"start":{"line":55,"column":9},"end":{"line":55,"column":36}}},"42":{"name":"(anonymous_42)","decl":{"start":{"line":55,"column":38},"end":{"line":55,"column":61}},"loc":{"start":{"line":55,"column":38},"end":{"line":55,"column":95}}},"43":{"name":"(anonymous_43)","decl":{"start":{"line":56,"column":9},"end":{"line":56,"column":16}},"loc":{"start":{"line":56,"column":9},"end":{"line":56,"column":33}}},"44":{"name":"(anonymous_44)","decl":{"start":{"line":57,"column":9},"end":{"line":57,"column":16}},"loc":{"start":{"line":57,"column":9},"end":{"line":57,"column":29}}},"45":{"name":"(anonymous_45)","decl":{"start":{"line":58,"column":9},"end":{"line":58,"column":16}},"loc":{"start":{"line":58,"column":9},"end":{"line":58,"column":37}}},"46":{"name":"(anonymous_46)","decl":{"start":{"line":58,"column":39},"end":{"line":58,"column":63}},"loc":{"start":{"line":58,"column":39},"end":{"line":58,"column":98}}},"47":{"name":"(anonymous_47)","decl":{"start":{"line":59,"column":9},"end":{"line":59,"column":16}},"loc":{"start":{"line":59,"column":9},"end":{"line":59,"column":34}}},"48":{"name":"(anonymous_48)","decl":{"start":{"line":60,"column":9},"end":{"line":60,"column":16}},"loc":{"start":{"line":60,"column":9},"end":{"line":60,"column":38}}},"49":{"name":"(anonymous_49)","decl":{"start":{"line":62,"column":2},"end":{"line":62,"column":23}},"loc":{"start":{"line":62,"column":2},"end":{"line":62,"column":null}}},"50":{"name":"(anonymous_50)","decl":{"start":{"line":63,"column":2},"end":{"line":63,"column":22}},"loc":{"start":{"line":63,"column":2},"end":{"line":63,"column":null}}},"51":{"name":"(anonymous_51)","decl":{"start":{"line":64,"column":2},"end":{"line":64,"column":15}},"loc":{"start":{"line":64,"column":2},"end":{"line":64,"column":null}}},"52":{"name":"(anonymous_52)","decl":{"start":{"line":65,"column":2},"end":{"line":65,"column":15}},"loc":{"start":{"line":65,"column":2},"end":{"line":65,"column":null}}},"53":{"name":"(anonymous_53)","decl":{"start":{"line":66,"column":2},"end":{"line":66,"column":8}},"loc":{"start":{"line":66,"column":2},"end":{"line":66,"column":null}}},"54":{"name":"(anonymous_54)","decl":{"start":{"line":67,"column":2},"end":{"line":67,"column":12}},"loc":{"start":{"line":67,"column":2},"end":{"line":67,"column":null}}},"55":{"name":"(anonymous_55)","decl":{"start":{"line":68,"column":2},"end":{"line":68,"column":10}},"loc":{"start":{"line":68,"column":2},"end":{"line":68,"column":null}}},"56":{"name":"(anonymous_56)","decl":{"start":{"line":69,"column":2},"end":{"line":69,"column":15}},"loc":{"start":{"line":69,"column":2},"end":{"line":69,"column":null}}},"57":{"name":"(anonymous_57)","decl":{"start":{"line":70,"column":2},"end":{"line":70,"column":9}},"loc":{"start":{"line":70,"column":2},"end":{"line":70,"column":null}}},"58":{"name":"(anonymous_58)","decl":{"start":{"line":71,"column":2},"end":{"line":71,"column":12}},"loc":{"start":{"line":71,"column":2},"end":{"line":71,"column":null}}},"59":{"name":"(anonymous_59)","decl":{"start":{"line":72,"column":2},"end":{"line":72,"column":16}},"loc":{"start":{"line":72,"column":2},"end":{"line":72,"column":null}}},"60":{"name":"(anonymous_60)","decl":{"start":{"line":73,"column":2},"end":{"line":73,"column":15}},"loc":{"start":{"line":73,"column":2},"end":{"line":73,"column":null}}},"61":{"name":"(anonymous_61)","decl":{"start":{"line":74,"column":2},"end":{"line":74,"column":13}},"loc":{"start":{"line":74,"column":2},"end":{"line":74,"column":null}}},"62":{"name":"(anonymous_62)","decl":{"start":{"line":75,"column":2},"end":{"line":75,"column":12}},"loc":{"start":{"line":75,"column":2},"end":{"line":75,"column":null}}},"63":{"name":"(anonymous_63)","decl":{"start":{"line":77,"column":9},"end":{"line":77,"column":21}},"loc":{"start":{"line":77,"column":9},"end":{"line":77,"column":50}}},"64":{"name":"(anonymous_64)","decl":{"start":{"line":78,"column":9},"end":{"line":78,"column":17}},"loc":{"start":{"line":78,"column":9},"end":{"line":78,"column":19}}},"65":{"name":"(anonymous_65)","decl":{"start":{"line":78,"column":19},"end":{"line":78,"column":28}},"loc":{"start":{"line":78,"column":19},"end":{"line":78,"column":59}}},"66":{"name":"(anonymous_66)","decl":{"start":{"line":79,"column":9},"end":{"line":79,"column":16}},"loc":{"start":{"line":79,"column":9},"end":{"line":79,"column":18}}},"67":{"name":"(anonymous_67)","decl":{"start":{"line":79,"column":18},"end":{"line":79,"column":25}},"loc":{"start":{"line":79,"column":18},"end":{"line":79,"column":27}}},"68":{"name":"(anonymous_68)","decl":{"start":{"line":79,"column":27},"end":{"line":79,"column":33}},"loc":{"start":{"line":79,"column":27},"end":{"line":79,"column":35}}},"69":{"name":"(anonymous_69)","decl":{"start":{"line":79,"column":35},"end":{"line":79,"column":41}},"loc":{"start":{"line":79,"column":35},"end":{"line":79,"column":70}}},"70":{"name":"(anonymous_70)","decl":{"start":{"line":80,"column":9},"end":{"line":80,"column":19}},"loc":{"start":{"line":80,"column":9},"end":{"line":80,"column":21}}},"71":{"name":"(anonymous_71)","decl":{"start":{"line":80,"column":21},"end":{"line":80,"column":29}},"loc":{"start":{"line":80,"column":21},"end":{"line":80,"column":31}}},"72":{"name":"(anonymous_72)","decl":{"start":{"line":80,"column":31},"end":{"line":80,"column":43}},"loc":{"start":{"line":80,"column":31},"end":{"line":80,"column":70}}},"73":{"name":"(anonymous_73)","decl":{"start":{"line":81,"column":9},"end":{"line":81,"column":15}},"loc":{"start":{"line":81,"column":9},"end":{"line":81,"column":17}}},"74":{"name":"(anonymous_74)","decl":{"start":{"line":81,"column":17},"end":{"line":81,"column":27}},"loc":{"start":{"line":81,"column":17},"end":{"line":81,"column":57}}},"75":{"name":"(anonymous_75)","decl":{"start":{"line":83,"column":2},"end":{"line":83,"column":8}},"loc":{"start":{"line":83,"column":2},"end":{"line":83,"column":null}}},"76":{"name":"(anonymous_76)","decl":{"start":{"line":84,"column":2},"end":{"line":84,"column":15}},"loc":{"start":{"line":84,"column":2},"end":{"line":84,"column":null}}},"77":{"name":"(anonymous_77)","decl":{"start":{"line":85,"column":2},"end":{"line":85,"column":4}},"loc":{"start":{"line":85,"column":2},"end":{"line":85,"column":null}}},"78":{"name":"(anonymous_78)","decl":{"start":{"line":86,"column":2},"end":{"line":86,"column":12}},"loc":{"start":{"line":86,"column":2},"end":{"line":86,"column":null}}},"79":{"name":"(anonymous_79)","decl":{"start":{"line":87,"column":2},"end":{"line":87,"column":10}},"loc":{"start":{"line":87,"column":2},"end":{"line":87,"column":null}}},"80":{"name":"(anonymous_80)","decl":{"start":{"line":88,"column":2},"end":{"line":88,"column":17}},"loc":{"start":{"line":88,"column":2},"end":{"line":88,"column":null}}},"81":{"name":"(anonymous_81)","decl":{"start":{"line":89,"column":2},"end":{"line":89,"column":5}},"loc":{"start":{"line":89,"column":2},"end":{"line":89,"column":null}}},"82":{"name":"(anonymous_82)","decl":{"start":{"line":90,"column":2},"end":{"line":90,"column":6}},"loc":{"start":{"line":90,"column":2},"end":{"line":90,"column":null}}},"83":{"name":"(anonymous_83)","decl":{"start":{"line":91,"column":2},"end":{"line":91,"column":5}},"loc":{"start":{"line":91,"column":2},"end":{"line":91,"column":null}}},"84":{"name":"(anonymous_84)","decl":{"start":{"line":92,"column":2},"end":{"line":92,"column":8}},"loc":{"start":{"line":92,"column":2},"end":{"line":92,"column":null}}},"85":{"name":"(anonymous_85)","decl":{"start":{"line":93,"column":2},"end":{"line":93,"column":5}},"loc":{"start":{"line":93,"column":2},"end":{"line":93,"column":null}}},"86":{"name":"(anonymous_86)","decl":{"start":{"line":94,"column":2},"end":{"line":94,"column":8}},"loc":{"start":{"line":94,"column":2},"end":{"line":94,"column":null}}},"87":{"name":"(anonymous_87)","decl":{"start":{"line":95,"column":2},"end":{"line":95,"column":14}},"loc":{"start":{"line":95,"column":2},"end":{"line":95,"column":null}}},"88":{"name":"(anonymous_88)","decl":{"start":{"line":96,"column":2},"end":{"line":96,"column":17}},"loc":{"start":{"line":96,"column":2},"end":{"line":96,"column":null}}},"89":{"name":"(anonymous_89)","decl":{"start":{"line":97,"column":2},"end":{"line":97,"column":12}},"loc":{"start":{"line":97,"column":2},"end":{"line":97,"column":null}}},"90":{"name":"(anonymous_90)","decl":{"start":{"line":98,"column":2},"end":{"line":98,"column":11}},"loc":{"start":{"line":98,"column":2},"end":{"line":98,"column":null}}},"91":{"name":"(anonymous_91)","decl":{"start":{"line":99,"column":2},"end":{"line":99,"column":13}},"loc":{"start":{"line":99,"column":2},"end":{"line":99,"column":null}}},"92":{"name":"(anonymous_92)","decl":{"start":{"line":100,"column":2},"end":{"line":100,"column":6}},"loc":{"start":{"line":100,"column":2},"end":{"line":100,"column":null}}},"93":{"name":"(anonymous_93)","decl":{"start":{"line":103,"column":2},"end":{"line":103,"column":9}},"loc":{"start":{"line":103,"column":2},"end":{"line":103,"column":null}}},"94":{"name":"(anonymous_94)","decl":{"start":{"line":104,"column":2},"end":{"line":104,"column":17}},"loc":{"start":{"line":104,"column":2},"end":{"line":104,"column":null}}},"95":{"name":"(anonymous_95)","decl":{"start":{"line":105,"column":2},"end":{"line":105,"column":14}},"loc":{"start":{"line":105,"column":2},"end":{"line":105,"column":null}}},"96":{"name":"(anonymous_96)","decl":{"start":{"line":106,"column":2},"end":{"line":106,"column":11}},"loc":{"start":{"line":106,"column":2},"end":{"line":106,"column":null}}},"97":{"name":"(anonymous_97)","decl":{"start":{"line":107,"column":2},"end":{"line":107,"column":11}},"loc":{"start":{"line":107,"column":2},"end":{"line":107,"column":null}}},"98":{"name":"(anonymous_98)","decl":{"start":{"line":108,"column":2},"end":{"line":108,"column":21}},"loc":{"start":{"line":108,"column":2},"end":{"line":108,"column":null}}},"99":{"name":"(anonymous_99)","decl":{"start":{"line":109,"column":2},"end":{"line":109,"column":12}},"loc":{"start":{"line":109,"column":2},"end":{"line":109,"column":null}}},"100":{"name":"(anonymous_100)","decl":{"start":{"line":110,"column":2},"end":{"line":110,"column":9}},"loc":{"start":{"line":110,"column":2},"end":{"line":110,"column":null}}},"101":{"name":"(anonymous_101)","decl":{"start":{"line":113,"column":2},"end":{"line":113,"column":9}},"loc":{"start":{"line":113,"column":2},"end":{"line":113,"column":null}}},"102":{"name":"(anonymous_102)","decl":{"start":{"line":114,"column":2},"end":{"line":114,"column":22}},"loc":{"start":{"line":114,"column":2},"end":{"line":114,"column":null}}},"103":{"name":"(anonymous_103)","decl":{"start":{"line":115,"column":2},"end":{"line":115,"column":9}},"loc":{"start":{"line":115,"column":2},"end":{"line":115,"column":null}}},"104":{"name":"(anonymous_104)","decl":{"start":{"line":116,"column":2},"end":{"line":116,"column":13}},"loc":{"start":{"line":116,"column":2},"end":{"line":116,"column":null}}},"105":{"name":"(anonymous_105)","decl":{"start":{"line":117,"column":2},"end":{"line":117,"column":14}},"loc":{"start":{"line":117,"column":2},"end":{"line":117,"column":null}}},"106":{"name":"(anonymous_106)","decl":{"start":{"line":118,"column":2},"end":{"line":118,"column":11}},"loc":{"start":{"line":118,"column":2},"end":{"line":118,"column":null}}},"107":{"name":"(anonymous_107)","decl":{"start":{"line":119,"column":2},"end":{"line":119,"column":9}},"loc":{"start":{"line":119,"column":2},"end":{"line":119,"column":null}}},"108":{"name":"(anonymous_108)","decl":{"start":{"line":120,"column":2},"end":{"line":120,"column":6}},"loc":{"start":{"line":120,"column":2},"end":{"line":120,"column":null}}},"109":{"name":"(anonymous_109)","decl":{"start":{"line":123,"column":2},"end":{"line":123,"column":8}},"loc":{"start":{"line":123,"column":2},"end":{"line":123,"column":null}}},"110":{"name":"(anonymous_110)","decl":{"start":{"line":124,"column":2},"end":{"line":124,"column":9}},"loc":{"start":{"line":124,"column":2},"end":{"line":124,"column":null}}},"111":{"name":"(anonymous_111)","decl":{"start":{"line":125,"column":2},"end":{"line":125,"column":12}},"loc":{"start":{"line":125,"column":2},"end":{"line":125,"column":null}}},"112":{"name":"(anonymous_112)","decl":{"start":{"line":126,"column":2},"end":{"line":126,"column":11}},"loc":{"start":{"line":126,"column":2},"end":{"line":126,"column":null}}},"113":{"name":"(anonymous_113)","decl":{"start":{"line":127,"column":2},"end":{"line":127,"column":17}},"loc":{"start":{"line":127,"column":2},"end":{"line":127,"column":null}}},"114":{"name":"(anonymous_114)","decl":{"start":{"line":128,"column":2},"end":{"line":128,"column":21}},"loc":{"start":{"line":128,"column":2},"end":{"line":128,"column":null}}},"115":{"name":"(anonymous_115)","decl":{"start":{"line":129,"column":2},"end":{"line":129,"column":18}},"loc":{"start":{"line":129,"column":2},"end":{"line":129,"column":null}}},"116":{"name":"(anonymous_116)","decl":{"start":{"line":130,"column":2},"end":{"line":130,"column":11}},"loc":{"start":{"line":130,"column":2},"end":{"line":130,"column":null}}},"117":{"name":"(anonymous_117)","decl":{"start":{"line":131,"column":2},"end":{"line":131,"column":12}},"loc":{"start":{"line":131,"column":2},"end":{"line":131,"column":null}}},"118":{"name":"(anonymous_118)","decl":{"start":{"line":134,"column":2},"end":{"line":134,"column":12}},"loc":{"start":{"line":134,"column":2},"end":{"line":134,"column":null}}},"119":{"name":"(anonymous_119)","decl":{"start":{"line":135,"column":2},"end":{"line":135,"column":15}},"loc":{"start":{"line":135,"column":2},"end":{"line":135,"column":null}}},"120":{"name":"(anonymous_120)","decl":{"start":{"line":136,"column":2},"end":{"line":136,"column":13}},"loc":{"start":{"line":136,"column":2},"end":{"line":136,"column":null}}},"121":{"name":"(anonymous_121)","decl":{"start":{"line":137,"column":2},"end":{"line":137,"column":12}},"loc":{"start":{"line":137,"column":2},"end":{"line":137,"column":null}}},"122":{"name":"(anonymous_122)","decl":{"start":{"line":138,"column":2},"end":{"line":138,"column":7}},"loc":{"start":{"line":138,"column":2},"end":{"line":138,"column":null}}},"123":{"name":"(anonymous_123)","decl":{"start":{"line":139,"column":2},"end":{"line":139,"column":15}},"loc":{"start":{"line":139,"column":2},"end":{"line":139,"column":null}}},"124":{"name":"(anonymous_124)","decl":{"start":{"line":140,"column":2},"end":{"line":140,"column":14}},"loc":{"start":{"line":140,"column":2},"end":{"line":140,"column":null}}},"125":{"name":"(anonymous_125)","decl":{"start":{"line":143,"column":2},"end":{"line":143,"column":11}},"loc":{"start":{"line":143,"column":2},"end":{"line":143,"column":null}}},"126":{"name":"(anonymous_126)","decl":{"start":{"line":144,"column":2},"end":{"line":144,"column":10}},"loc":{"start":{"line":144,"column":2},"end":{"line":144,"column":null}}},"127":{"name":"(anonymous_127)","decl":{"start":{"line":145,"column":2},"end":{"line":145,"column":9}},"loc":{"start":{"line":145,"column":2},"end":{"line":145,"column":null}}},"128":{"name":"(anonymous_128)","decl":{"start":{"line":146,"column":2},"end":{"line":146,"column":9}},"loc":{"start":{"line":146,"column":2},"end":{"line":146,"column":null}}},"129":{"name":"(anonymous_129)","decl":{"start":{"line":147,"column":2},"end":{"line":147,"column":8}},"loc":{"start":{"line":147,"column":2},"end":{"line":147,"column":null}}},"130":{"name":"(anonymous_130)","decl":{"start":{"line":148,"column":2},"end":{"line":148,"column":8}},"loc":{"start":{"line":148,"column":2},"end":{"line":148,"column":null}}},"131":{"name":"(anonymous_131)","decl":{"start":{"line":149,"column":2},"end":{"line":149,"column":7}},"loc":{"start":{"line":149,"column":2},"end":{"line":149,"column":null}}},"132":{"name":"(anonymous_132)","decl":{"start":{"line":150,"column":2},"end":{"line":150,"column":9}},"loc":{"start":{"line":150,"column":2},"end":{"line":150,"column":null}}},"133":{"name":"(anonymous_133)","decl":{"start":{"line":151,"column":2},"end":{"line":151,"column":10}},"loc":{"start":{"line":151,"column":2},"end":{"line":151,"column":null}}},"134":{"name":"(anonymous_134)","decl":{"start":{"line":152,"column":2},"end":{"line":152,"column":10}},"loc":{"start":{"line":152,"column":2},"end":{"line":152,"column":null}}},"135":{"name":"(anonymous_135)","decl":{"start":{"line":153,"column":2},"end":{"line":153,"column":6}},"loc":{"start":{"line":153,"column":2},"end":{"line":153,"column":null}}},"136":{"name":"(anonymous_136)","decl":{"start":{"line":155,"column":9},"end":{"line":155,"column":16}},"loc":{"start":{"line":155,"column":9},"end":{"line":155,"column":30}}},"137":{"name":"(anonymous_137)","decl":{"start":{"line":156,"column":9},"end":{"line":156,"column":16}},"loc":{"start":{"line":156,"column":9},"end":{"line":156,"column":29}}},"138":{"name":"(anonymous_138)","decl":{"start":{"line":157,"column":9},"end":{"line":157,"column":16}},"loc":{"start":{"line":157,"column":9},"end":{"line":157,"column":36}}},"139":{"name":"(anonymous_139)","decl":{"start":{"line":158,"column":9},"end":{"line":158,"column":16}},"loc":{"start":{"line":158,"column":9},"end":{"line":158,"column":33}}},"140":{"name":"(anonymous_140)","decl":{"start":{"line":159,"column":9},"end":{"line":159,"column":16}},"loc":{"start":{"line":159,"column":9},"end":{"line":159,"column":29}}},"141":{"name":"(anonymous_141)","decl":{"start":{"line":160,"column":9},"end":{"line":160,"column":16}},"loc":{"start":{"line":160,"column":9},"end":{"line":160,"column":30}}},"142":{"name":"(anonymous_142)","decl":{"start":{"line":161,"column":9},"end":{"line":161,"column":16}},"loc":{"start":{"line":161,"column":9},"end":{"line":161,"column":32}}},"143":{"name":"(anonymous_143)","decl":{"start":{"line":162,"column":9},"end":{"line":162,"column":16}},"loc":{"start":{"line":162,"column":9},"end":{"line":162,"column":27}}},"144":{"name":"(anonymous_144)","decl":{"start":{"line":169,"column":2},"end":{"line":169,"column":12}},"loc":{"start":{"line":169,"column":2},"end":{"line":169,"column":null}}},"145":{"name":"(anonymous_145)","decl":{"start":{"line":173,"column":9},"end":{"line":173,"column":16}},"loc":{"start":{"line":173,"column":9},"end":{"line":173,"column":32}}},"146":{"name":"(anonymous_146)","decl":{"start":{"line":174,"column":9},"end":{"line":174,"column":16}},"loc":{"start":{"line":174,"column":9},"end":{"line":174,"column":36}}},"147":{"name":"(anonymous_147)","decl":{"start":{"line":175,"column":9},"end":{"line":175,"column":34}},"loc":{"start":{"line":175,"column":9},"end":{"line":175,"column":77}}},"148":{"name":"(anonymous_148)","decl":{"start":{"line":176,"column":9},"end":{"line":176,"column":16}},"loc":{"start":{"line":176,"column":9},"end":{"line":176,"column":30}}},"149":{"name":"(anonymous_149)","decl":{"start":{"line":177,"column":9},"end":{"line":177,"column":16}},"loc":{"start":{"line":177,"column":9},"end":{"line":177,"column":35}}},"150":{"name":"(anonymous_150)","decl":{"start":{"line":178,"column":9},"end":{"line":178,"column":16}},"loc":{"start":{"line":178,"column":9},"end":{"line":178,"column":30}}},"151":{"name":"(anonymous_151)","decl":{"start":{"line":179,"column":9},"end":{"line":179,"column":16}},"loc":{"start":{"line":179,"column":9},"end":{"line":179,"column":33}}},"152":{"name":"(anonymous_152)","decl":{"start":{"line":180,"column":9},"end":{"line":180,"column":16}},"loc":{"start":{"line":180,"column":9},"end":{"line":180,"column":32}}},"153":{"name":"(anonymous_153)","decl":{"start":{"line":181,"column":77},"end":{"line":181,"column":87}},"loc":{"start":{"line":181,"column":77},"end":{"line":181,"column":113}}},"154":{"name":"(anonymous_154)","decl":{"start":{"line":182,"column":9},"end":{"line":182,"column":16}},"loc":{"start":{"line":182,"column":9},"end":{"line":182,"column":29}}},"155":{"name":"(anonymous_155)","decl":{"start":{"line":183,"column":9},"end":{"line":183,"column":16}},"loc":{"start":{"line":183,"column":9},"end":{"line":183,"column":26}}},"156":{"name":"(anonymous_156)","decl":{"start":{"line":184,"column":9},"end":{"line":184,"column":16}},"loc":{"start":{"line":184,"column":9},"end":{"line":184,"column":28}}},"157":{"name":"(anonymous_157)","decl":{"start":{"line":185,"column":9},"end":{"line":185,"column":16}},"loc":{"start":{"line":185,"column":9},"end":{"line":185,"column":42}}},"158":{"name":"(anonymous_158)","decl":{"start":{"line":186,"column":9},"end":{"line":186,"column":16}},"loc":{"start":{"line":186,"column":9},"end":{"line":186,"column":35}}},"159":{"name":"(anonymous_159)","decl":{"start":{"line":187,"column":9},"end":{"line":187,"column":16}},"loc":{"start":{"line":187,"column":9},"end":{"line":187,"column":26}}},"160":{"name":"(anonymous_160)","decl":{"start":{"line":188,"column":9},"end":{"line":188,"column":16}},"loc":{"start":{"line":188,"column":9},"end":{"line":188,"column":35}}},"161":{"name":"(anonymous_161)","decl":{"start":{"line":189,"column":9},"end":{"line":189,"column":16}},"loc":{"start":{"line":189,"column":9},"end":{"line":189,"column":32}}},"162":{"name":"(anonymous_162)","decl":{"start":{"line":190,"column":9},"end":{"line":190,"column":16}},"loc":{"start":{"line":190,"column":9},"end":{"line":190,"column":34}}},"163":{"name":"(anonymous_163)","decl":{"start":{"line":191,"column":9},"end":{"line":191,"column":16}},"loc":{"start":{"line":191,"column":9},"end":{"line":191,"column":33}}},"164":{"name":"(anonymous_164)","decl":{"start":{"line":192,"column":9},"end":{"line":192,"column":16}},"loc":{"start":{"line":192,"column":9},"end":{"line":192,"column":41}}},"165":{"name":"(anonymous_165)","decl":{"start":{"line":193,"column":9},"end":{"line":193,"column":16}},"loc":{"start":{"line":193,"column":9},"end":{"line":193,"column":32}}},"166":{"name":"(anonymous_166)","decl":{"start":{"line":195,"column":2},"end":{"line":195,"column":16}},"loc":{"start":{"line":195,"column":2},"end":{"line":195,"column":null}}},"167":{"name":"(anonymous_167)","decl":{"start":{"line":196,"column":2},"end":{"line":196,"column":5}},"loc":{"start":{"line":196,"column":2},"end":{"line":196,"column":null}}},"168":{"name":"(anonymous_168)","decl":{"start":{"line":197,"column":2},"end":{"line":197,"column":21}},"loc":{"start":{"line":197,"column":2},"end":{"line":197,"column":null}}},"169":{"name":"(anonymous_169)","decl":{"start":{"line":198,"column":2},"end":{"line":198,"column":11}},"loc":{"start":{"line":198,"column":2},"end":{"line":198,"column":null}}},"170":{"name":"(anonymous_170)","decl":{"start":{"line":199,"column":2},"end":{"line":199,"column":10}},"loc":{"start":{"line":199,"column":2},"end":{"line":199,"column":null}}},"171":{"name":"(anonymous_171)","decl":{"start":{"line":200,"column":2},"end":{"line":200,"column":13}},"loc":{"start":{"line":200,"column":2},"end":{"line":200,"column":null}}},"172":{"name":"(anonymous_172)","decl":{"start":{"line":201,"column":2},"end":{"line":201,"column":11}},"loc":{"start":{"line":201,"column":2},"end":{"line":201,"column":null}}},"173":{"name":"(anonymous_173)","decl":{"start":{"line":202,"column":2},"end":{"line":202,"column":10}},"loc":{"start":{"line":202,"column":2},"end":{"line":202,"column":null}}},"174":{"name":"(anonymous_174)","decl":{"start":{"line":203,"column":2},"end":{"line":203,"column":12}},"loc":{"start":{"line":203,"column":2},"end":{"line":203,"column":null}}},"175":{"name":"(anonymous_175)","decl":{"start":{"line":205,"column":9},"end":{"line":205,"column":16}},"loc":{"start":{"line":205,"column":9},"end":{"line":205,"column":25}}},"176":{"name":"(anonymous_176)","decl":{"start":{"line":206,"column":9},"end":{"line":206,"column":16}},"loc":{"start":{"line":206,"column":9},"end":{"line":206,"column":26}}},"177":{"name":"(anonymous_177)","decl":{"start":{"line":207,"column":9},"end":{"line":207,"column":16}},"loc":{"start":{"line":207,"column":9},"end":{"line":207,"column":32}}},"178":{"name":"(anonymous_178)","decl":{"start":{"line":208,"column":9},"end":{"line":208,"column":16}},"loc":{"start":{"line":208,"column":9},"end":{"line":208,"column":28}}},"179":{"name":"(anonymous_179)","decl":{"start":{"line":209,"column":9},"end":{"line":209,"column":16}},"loc":{"start":{"line":209,"column":9},"end":{"line":209,"column":25}}},"180":{"name":"(anonymous_180)","decl":{"start":{"line":210,"column":9},"end":{"line":210,"column":16}},"loc":{"start":{"line":210,"column":9},"end":{"line":210,"column":25}}},"181":{"name":"(anonymous_181)","decl":{"start":{"line":211,"column":9},"end":{"line":211,"column":16}},"loc":{"start":{"line":211,"column":9},"end":{"line":211,"column":28}}},"182":{"name":"(anonymous_182)","decl":{"start":{"line":212,"column":9},"end":{"line":212,"column":16}},"loc":{"start":{"line":212,"column":9},"end":{"line":212,"column":36}}},"183":{"name":"(anonymous_183)","decl":{"start":{"line":213,"column":9},"end":{"line":213,"column":16}},"loc":{"start":{"line":213,"column":9},"end":{"line":213,"column":39}}},"184":{"name":"(anonymous_184)","decl":{"start":{"line":214,"column":9},"end":{"line":214,"column":16}},"loc":{"start":{"line":214,"column":9},"end":{"line":214,"column":31}}},"185":{"name":"(anonymous_185)","decl":{"start":{"line":234,"column":2},"end":{"line":234,"column":9}},"loc":{"start":{"line":234,"column":2},"end":{"line":234,"column":null}}},"186":{"name":"(anonymous_186)","decl":{"start":{"line":240,"column":2},"end":{"line":240,"column":16}},"loc":{"start":{"line":240,"column":2},"end":{"line":240,"column":null}}},"187":{"name":"(anonymous_187)","decl":{"start":{"line":242,"column":2},"end":{"line":242,"column":18}},"loc":{"start":{"line":242,"column":2},"end":{"line":242,"column":null}}},"188":{"name":"(anonymous_188)","decl":{"start":{"line":246,"column":9},"end":{"line":246,"column":27}},"loc":{"start":{"line":246,"column":9},"end":{"line":246,"column":59}}},"189":{"name":"(anonymous_189)","decl":{"start":{"line":247,"column":9},"end":{"line":247,"column":16}},"loc":{"start":{"line":247,"column":9},"end":{"line":247,"column":32}}},"190":{"name":"(anonymous_190)","decl":{"start":{"line":248,"column":9},"end":{"line":248,"column":16}},"loc":{"start":{"line":248,"column":9},"end":{"line":248,"column":27}}},"191":{"name":"(anonymous_191)","decl":{"start":{"line":249,"column":9},"end":{"line":249,"column":16}},"loc":{"start":{"line":249,"column":9},"end":{"line":249,"column":28}}},"192":{"name":"(anonymous_192)","decl":{"start":{"line":250,"column":9},"end":{"line":250,"column":16}},"loc":{"start":{"line":250,"column":9},"end":{"line":250,"column":37}}},"193":{"name":"(anonymous_193)","decl":{"start":{"line":251,"column":9},"end":{"line":251,"column":16}},"loc":{"start":{"line":251,"column":9},"end":{"line":251,"column":27}}},"194":{"name":"(anonymous_194)","decl":{"start":{"line":252,"column":9},"end":{"line":252,"column":16}},"loc":{"start":{"line":252,"column":9},"end":{"line":252,"column":34}}},"195":{"name":"(anonymous_195)","decl":{"start":{"line":253,"column":9},"end":{"line":253,"column":16}},"loc":{"start":{"line":253,"column":9},"end":{"line":253,"column":33}}},"196":{"name":"(anonymous_196)","decl":{"start":{"line":254,"column":9},"end":{"line":254,"column":16}},"loc":{"start":{"line":254,"column":9},"end":{"line":254,"column":27}}},"197":{"name":"(anonymous_197)","decl":{"start":{"line":255,"column":9},"end":{"line":255,"column":16}},"loc":{"start":{"line":255,"column":9},"end":{"line":255,"column":29}}},"198":{"name":"(anonymous_198)","decl":{"start":{"line":256,"column":9},"end":{"line":256,"column":16}},"loc":{"start":{"line":256,"column":9},"end":{"line":256,"column":33}}},"199":{"name":"(anonymous_199)","decl":{"start":{"line":257,"column":9},"end":{"line":257,"column":16}},"loc":{"start":{"line":257,"column":9},"end":{"line":257,"column":28}}},"200":{"name":"(anonymous_200)","decl":{"start":{"line":258,"column":9},"end":{"line":258,"column":26}},"loc":{"start":{"line":258,"column":9},"end":{"line":258,"column":49}}},"201":{"name":"(anonymous_201)","decl":{"start":{"line":259,"column":9},"end":{"line":259,"column":16}},"loc":{"start":{"line":259,"column":9},"end":{"line":259,"column":31}}},"202":{"name":"(anonymous_202)","decl":{"start":{"line":261,"column":9},"end":{"line":261,"column":16}},"loc":{"start":{"line":261,"column":9},"end":{"line":261,"column":27}}},"203":{"name":"(anonymous_203)","decl":{"start":{"line":262,"column":9},"end":{"line":262,"column":16}},"loc":{"start":{"line":262,"column":9},"end":{"line":262,"column":34}}},"204":{"name":"(anonymous_204)","decl":{"start":{"line":263,"column":9},"end":{"line":263,"column":16}},"loc":{"start":{"line":263,"column":9},"end":{"line":263,"column":29}}},"205":{"name":"(anonymous_205)","decl":{"start":{"line":264,"column":9},"end":{"line":264,"column":16}},"loc":{"start":{"line":264,"column":9},"end":{"line":264,"column":34}}},"206":{"name":"(anonymous_206)","decl":{"start":{"line":265,"column":9},"end":{"line":265,"column":17}},"loc":{"start":{"line":265,"column":9},"end":{"line":265,"column":19}}},"207":{"name":"(anonymous_207)","decl":{"start":{"line":265,"column":19},"end":{"line":265,"column":31}},"loc":{"start":{"line":265,"column":19},"end":{"line":265,"column":33}}},"208":{"name":"(anonymous_208)","decl":{"start":{"line":265,"column":33},"end":{"line":265,"column":52}},"loc":{"start":{"line":265,"column":33},"end":{"line":265,"column":54}}},"209":{"name":"(anonymous_209)","decl":{"start":{"line":265,"column":54},"end":{"line":265,"column":69}},"loc":{"start":{"line":265,"column":54},"end":{"line":265,"column":71}}},"210":{"name":"(anonymous_210)","decl":{"start":{"line":265,"column":71},"end":{"line":265,"column":85}},"loc":{"start":{"line":265,"column":71},"end":{"line":265,"column":108}}},"211":{"name":"(anonymous_211)","decl":{"start":{"line":266,"column":9},"end":{"line":266,"column":16}},"loc":{"start":{"line":266,"column":9},"end":{"line":266,"column":39}}},"212":{"name":"(anonymous_212)","decl":{"start":{"line":267,"column":44},"end":{"line":267,"column":61}},"loc":{"start":{"line":267,"column":44},"end":{"line":267,"column":94}}},"213":{"name":"(anonymous_213)","decl":{"start":{"line":268,"column":9},"end":{"line":268,"column":16}},"loc":{"start":{"line":268,"column":9},"end":{"line":268,"column":39}}},"214":{"name":"(anonymous_214)","decl":{"start":{"line":269,"column":9},"end":{"line":269,"column":16}},"loc":{"start":{"line":269,"column":9},"end":{"line":269,"column":36}}},"215":{"name":"(anonymous_215)","decl":{"start":{"line":270,"column":9},"end":{"line":270,"column":16}},"loc":{"start":{"line":270,"column":9},"end":{"line":270,"column":42}}}},"branchMap":{},"s":{"0":0,"1":0,"2":0,"3":0,"4":0,"5":0,"6":0,"7":0,"8":0,"9":0,"10":0,"11":0,"12":0,"13":0,"14":0,"15":0,"16":0,"17":0,"18":0,"19":0,"20":0,"21":0,"22":0,"23":0,"24":0,"25":0,"26":0,"27":0,"28":0,"29":0,"30":0,"31":0,"32":0,"33":0,"34":0,"35":0,"36":0,"37":0,"38":0,"39":0,"40":0,"41":0,"42":0,"43":0,"44":0,"45":0,"46":0,"47":0,"48":0,"49":0,"50":0,"51":0,"52":0,"53":0,"54":0,"55":0,"56":0,"57":0,"58":0,"59":0,"60":0,"61":0,"62":0,"63":0,"64":0,"65":0,"66":0,"67":0,"68":0,"69":0,"70":0,"71":0,"72":0,"73":0,"74":0,"75":0,"76":0,"77":0,"78":0,"79":0,"80":0,"81":0,"82":0,"83":0,"84":0,"85":0,"86":0,"87":0,"88":0,"89":0,"90":0,"91":0,"92":0,"93":0,"94":0,"95":0,"96":0,"97":0,"98":0,"99":0,"100":0,"101":0,"102":0,"103":0,"104":0,"105":0,"106":0,"107":0,"108":0,"109":0,"110":0,"111":0,"112":0,"113":0,"114":0,"115":0,"116":0,"117":0,"118":0,"119":0,"120":0,"121":0,"122":0,"123":0,"124":0,"125":0,"126":0,"127":0,"128":0,"129":0,"130":0,"131":0,"132":0,"133":0,"134":0,"135":0,"136":0,"137":0,"138":0,"139":0,"140":0,"141":0,"142":0,"143":0,"144":0,"145":0,"146":0,"147":0,"148":0,"149":0,"150":0,"151":0,"152":0,"153":0,"154":0,"155":0,"156":0,"157":0,"158":0,"159":0,"160":0,"161":0,"162":0,"163":0,"164":0,"165":0,"166":0,"167":0,"168":0,"169":0,"170":0,"171":0,"172":0,"173":0,"174":0,"175":0,"176":0,"177":0,"178":0,"179":0,"180":0,"181":0,"182":0,"183":0,"184":0,"185":0,"186":0,"187":0,"188":0,"189":0,"190":0,"191":0,"192":0,"193":0,"194":0,"195":0,"196":0,"197":0,"198":0,"199":0,"200":0,"201":0,"202":0,"203":0,"204":0,"205":0,"206":0,"207":0,"208":0,"209":0,"210":0,"211":0,"212":0,"213":0,"214":0,"215":0,"216":0,"217":0,"218":0,"219":0,"220":0,"221":0,"222":0,"223":0,"224":0,"225":0,"226":0,"227":0,"228":0,"229":0,"230":0,"231":0,"232":0,"233":0,"234":0,"235":0,"236":0,"237":0,"238":0,"239":0,"240":0,"241":0,"242":0,"243":0,"244":0,"245":0,"246":0,"247":0,"248":0,"249":0,"250":0,"251":0,"252":0,"253":0,"254":0,"255":0,"256":0,"257":0,"258":0,"259":0,"260":0,"261":0,"262":0,"263":0,"264":0,"265":0,"266":0,"267":0,"268":0,"269":0,"270":0,"271":0,"272":0,"273":0,"274":0,"275":0,"276":0,"277":0,"278":0,"279":0,"280":0,"281":0,"282":0,"283":0,"284":0,"285":0,"286":0,"287":0,"288":0,"289":0,"290":0,"291":0,"292":0,"293":0,"294":0,"295":0,"296":0,"297":0,"298":0,"299":0,"300":0,"301":0,"302":0,"303":0,"304":0,"305":0,"306":0,"307":0,"308":0,"309":0,"310":0,"311":0,"312":0,"313":0,"314":0,"315":0,"316":0,"317":0,"318":0,"319":0,"320":0,"321":0,"322":0,"323":0,"324":0,"325":0,"326":0,"327":0},"f":{"0":0,"1":0,"2":0,"3":0,"4":0,"5":0,"6":0,"7":0,"8":0,"9":0,"10":0,"11":0,"12":0,"13":0,"14":0,"15":0,"16":0,"17":0,"18":0,"19":0,"20":0,"21":0,"22":0,"23":0,"24":0,"25":0,"26":0,"27":0,"28":0,"29":0,"30":0,"31":0,"32":0,"33":0,"34":0,"35":0,"36":0,"37":0,"38":0,"39":0,"40":0,"41":0,"42":0,"43":0,"44":0,"45":0,"46":0,"47":0,"48":0,"49":0,"50":0,"51":0,"52":0,"53":0,"54":0,"55":0,"56":0,"57":0,"58":0,"59":0,"60":0,"61":0,"62":0,"63":0,"64":0,"65":0,"66":0,"67":0,"68":0,"69":0,"70":0,"71":0,"72":0,"73":0,"74":0,"75":0,"76":0,"77":0,"78":0,"79":0,"80":0,"81":0,"82":0,"83":0,"84":0,"85":0,"86":0,"87":0,"88":0,"89":0,"90":0,"91":0,"92":0,"93":0,"94":0,"95":0,"96":0,"97":0,"98":0,"99":0,"100":0,"101":0,"102":0,"103":0,"104":0,"105":0,"106":0,"107":0,"108":0,"109":0,"110":0,"111":0,"112":0,"113":0,"114":0,"115":0,"116":0,"117":0,"118":0,"119":0,"120":0,"121":0,"122":0,"123":0,"124":0,"125":0,"126":0,"127":0,"128":0,"129":0,"130":0,"131":0,"132":0,"133":0,"134":0,"135":0,"136":0,"137":0,"138":0,"139":0,"140":0,"141":0,"142":0,"143":0,"144":0,"145":0,"146":0,"147":0,"148":0,"149":0,"150":0,"151":0,"152":0,"153":0,"154":0,"155":0,"156":0,"157":0,"158":0,"159":0,"160":0,"161":0,"162":0,"163":0,"164":0,"165":0,"166":0,"167":0,"168":0,"169":0,"170":0,"171":0,"172":0,"173":0,"174":0,"175":0,"176":0,"177":0,"178":0,"179":0,"180":0,"181":0,"182":0,"183":0,"184":0,"185":0,"186":0,"187":0,"188":0,"189":0,"190":0,"191":0,"192":0,"193":0,"194":0,"195":0,"196":0,"197":0,"198":0,"199":0,"200":0,"201":0,"202":0,"203":0,"204":0,"205":0,"206":0,"207":0,"208":0,"209":0,"210":0,"211":0,"212":0,"213":0,"214":0,"215":0},"b":{}}
,"/home/onurb/workspace/oneki/onekijs/packages/onekijs/src/__tests__/ReactRouter.ts": {"path":"/home/onurb/workspace/oneki/onekijs/packages/onekijs/src/__tests__/ReactRouter.ts","statementMap":{"0":{"start":{"line":2,"column":0},"end":{"line":2,"column":28}},"1":{"start":{"line":3,"column":0},"end":{"line":3,"column":41}},"2":{"start":{"line":5,"column":0},"end":{"line":5,"column":54}},"3":{"start":{"line":11,"column":0},"end":{"line":11,"column":null}},"4":{"start":{"line":11,"column":33},"end":{"line":11,"column":42}},"5":{"start":{"line":15,"column":4},"end":{"line":15,"column":null}},"6":{"start":{"line":16,"column":4},"end":{"line":22,"column":null}},"7":{"start":{"line":17,"column":6},"end":{"line":17,"column":40}},"8":{"start":{"line":18,"column":6},"end":{"line":18,"column":42}},"9":{"start":{"line":19,"column":6},"end":{"line":21,"column":9}},"10":{"start":{"line":20,"column":8},"end":{"line":20,"column":47}},"11":{"start":{"line":37,"column":2},"end":{"line":43,"column":null}},"12":{"start":{"line":38,"column":4},"end":{"line":42,"column":null}},"13":{"start":{"line":39,"column":26},"end":{"line":39,"column":98}},"14":{"start":{"line":40,"column":6},"end":{"line":40,"column":40}},"15":{"start":{"line":41,"column":6},"end":{"line":41,"column":33}},"16":{"start":{"line":45,"column":2},"end":{"line":51,"column":null}},"17":{"start":{"line":46,"column":4},"end":{"line":50,"column":null}},"18":{"start":{"line":47,"column":26},"end":{"line":47,"column":98}},"19":{"start":{"line":48,"column":6},"end":{"line":48,"column":43}},"20":{"start":{"line":49,"column":6},"end":{"line":49,"column":33}},"21":{"start":{"line":64,"column":2},"end":{"line":73,"column":null}},"22":{"start":{"line":64,"column":2},"end":{"line":64,"column":8}},"23":{"start":{"line":65,"column":38},"end":{"line":67,"column":5}},"24":{"start":{"line":66,"column":6},"end":{"line":66,"column":58}},"25":{"start":{"line":68,"column":4},"end":{"line":70,"column":null}},"26":{"start":{"line":69,"column":6},"end":{"line":69,"column":46}},"27":{"start":{"line":72,"column":4},"end":{"line":72,"column":19}},"28":{"start":{"line":75,"column":2},"end":{"line":80,"column":null}},"29":{"start":{"line":76,"column":4},"end":{"line":79,"column":null}},"30":{"start":{"line":78,"column":6},"end":{"line":78,"column":52}},"31":{"start":{"line":82,"column":10},"end":{"line":84,"column":null}},"32":{"start":{"line":83,"column":4},"end":{"line":83,"column":113}},"33":{"start":{"line":86,"column":10},"end":{"line":93,"column":null}},"34":{"start":{"line":87,"column":21},"end":{"line":87,"column":62}},"35":{"start":{"line":88,"column":4},"end":{"line":92,"column":7}},"36":{"start":{"line":89,"column":6},"end":{"line":89,"column":30}},"37":{"start":{"line":91,"column":6},"end":{"line":91,"column":37}},"38":{"start":{"line":94,"column":0},"end":{"line":94,"column":null}},"39":{"start":{"line":11,"column":13},"end":{"line":11,"column":24}}},"fnMap":{"0":{"name":"(anonymous_0)","decl":{"start":{"line":11,"column":0},"end":{"line":11,"column":13}},"loc":{"start":{"line":11,"column":0},"end":{"line":94,"column":null}}},"1":{"name":"ReactRouter","decl":{"start":{"line":14,"column":2},"end":{"line":14,"column":14}},"loc":{"start":{"line":14,"column":46},"end":{"line":23,"column":3}}},"2":{"name":"(anonymous_2)","decl":{"start":{"line":19,"column":21},"end":{"line":19,"column":22}},"loc":{"start":{"line":19,"column":46},"end":{"line":21,"column":7}}},"3":{"name":"(anonymous_3)","decl":{"start":{"line":37,"column":2},"end":{"line":37,"column":6}},"loc":{"start":{"line":37,"column":39},"end":{"line":43,"column":3}}},"4":{"name":"(anonymous_4)","decl":{"start":{"line":45,"column":2},"end":{"line":45,"column":9}},"loc":{"start":{"line":45,"column":42},"end":{"line":51,"column":3}}},"5":{"name":"(anonymous_5)","decl":{"start":{"line":64,"column":2},"end":{"line":64,"column":8}},"loc":{"start":{"line":64,"column":41},"end":{"line":73,"column":3}}},"6":{"name":"(anonymous_6)","decl":{"start":{"line":65,"column":38},"end":{"line":65,"column":39}},"loc":{"start":{"line":65,"column":58},"end":{"line":67,"column":5}}},"7":{"name":"(anonymous_7)","decl":{"start":{"line":75,"column":2},"end":{"line":75,"column":10}},"loc":{"start":{"line":75,"column":36},"end":{"line":80,"column":3}}},"8":{"name":"(anonymous_8)","decl":{"start":{"line":82,"column":2},"end":{"line":82,"column":10}},"loc":{"start":{"line":82,"column":81},"end":{"line":84,"column":3}}},"9":{"name":"(anonymous_9)","decl":{"start":{"line":86,"column":2},"end":{"line":86,"column":10}},"loc":{"start":{"line":86,"column":47},"end":{"line":93,"column":3}}},"10":{"name":"(anonymous_10)","decl":{"start":{"line":88,"column":41},"end":{"line":88,"column":42}},"loc":{"start":{"line":88,"column":54},"end":{"line":92,"column":5}}}},"branchMap":{"0":{"loc":{"start":{"line":15,"column":4},"end":{"line":15,"column":11}},"type":"binary-expr","locations":[{"start":{"line":15,"column":4},"end":{"line":15,"column":11}},{"start":{"line":15,"column":11},"end":{"line":15,"column":null}}]},"1":{"loc":{"start":{"line":16,"column":4},"end":{"line":22,"column":null}},"type":"if","locations":[{"start":{"line":16,"column":4},"end":{"line":22,"column":null}},{"start":{"line":16,"column":4},"end":{"line":22,"column":null}}]},"2":{"loc":{"start":{"line":38,"column":4},"end":{"line":42,"column":null}},"type":"if","locations":[{"start":{"line":38,"column":4},"end":{"line":42,"column":null}},{"start":{"line":38,"column":4},"end":{"line":42,"column":null}}]},"3":{"loc":{"start":{"line":39,"column":62},"end":{"line":39,"column":75}},"type":"cond-expr","locations":[{"start":{"line":39,"column":62},"end":{"line":39,"column":75}},{"start":{"line":39,"column":78},"end":{"line":39,"column":98}}]},"4":{"loc":{"start":{"line":46,"column":4},"end":{"line":50,"column":null}},"type":"if","locations":[{"start":{"line":46,"column":4},"end":{"line":50,"column":null}},{"start":{"line":46,"column":4},"end":{"line":50,"column":null}}]},"5":{"loc":{"start":{"line":47,"column":62},"end":{"line":47,"column":75}},"type":"cond-expr","locations":[{"start":{"line":47,"column":62},"end":{"line":47,"column":75}},{"start":{"line":47,"column":78},"end":{"line":47,"column":98}}]},"6":{"loc":{"start":{"line":68,"column":4},"end":{"line":70,"column":null}},"type":"if","locations":[{"start":{"line":68,"column":4},"end":{"line":70,"column":null}},{"start":{"line":68,"column":4},"end":{"line":70,"column":null}}]},"7":{"loc":{"start":{"line":76,"column":4},"end":{"line":79,"column":null}},"type":"if","locations":[{"start":{"line":76,"column":4},"end":{"line":79,"column":null}},{"start":{"line":76,"column":4},"end":{"line":79,"column":null}}]}},"s":{"0":14,"1":14,"2":14,"3":14,"4":14,"5":68,"6":68,"7":68,"8":68,"9":68,"10":6,"11":14,"12":6,"13":6,"14":6,"15":6,"16":14,"17":0,"18":0,"19":0,"20":0,"21":14,"22":68,"23":68,"24":6,"25":68,"26":68,"27":68,"28":14,"29":0,"30":0,"31":14,"32":80,"33":14,"34":74,"35":74,"36":74,"37":74,"38":14,"39":14},"f":{"0":14,"1":68,"2":6,"3":6,"4":0,"5":68,"6":6,"7":0,"8":80,"9":74,"10":74},"b":{"0":[68,68],"1":[68,0],"2":[6,0],"3":[6,0],"4":[0,0],"5":[0,0],"6":[68,0],"7":[0,0]}}
,"/home/onurb/workspace/oneki/onekijs/packages/onekijs/src/__tests__/customRenderer.tsx": {"path":"/home/onurb/workspace/oneki/onekijs/packages/onekijs/src/__tests__/customRenderer.tsx","statementMap":{"0":{"start":{"line":1,"column":0},"end":{"line":1,"column":62}},"1":{"start":{"line":2,"column":0},"end":{"line":2,"column":71}},"2":{"start":{"line":3,"column":0},"end":{"line":3,"column":34}},"3":{"start":{"line":4,"column":0},"end":{"line":4,"column":57}},"4":{"start":{"line":5,"column":0},"end":{"line":5,"column":39}},"5":{"start":{"line":7,"column":0},"end":{"line":7,"column":44}},"6":{"start":{"line":8,"column":0},"end":{"line":8,"column":44}},"7":{"start":{"line":14,"column":21},"end":{"line":42,"column":1}},"8":{"start":{"line":15,"column":2},"end":{"line":17,"column":null}},"9":{"start":{"line":16,"column":4},"end":{"line":16,"column":15}},"10":{"start":{"line":19,"column":32},"end":{"line":40,"column":3}},"11":{"start":{"line":19,"column":43},"end":{"line":19,"column":45}},"12":{"start":{"line":20,"column":26},"end":{"line":26,"column":6}},"13":{"start":{"line":21,"column":23},"end":{"line":21,"column":37}},"14":{"start":{"line":22,"column":6},"end":{"line":24,"column":null}},"15":{"start":{"line":23,"column":8},"end":{"line":23,"column":44}},"16":{"start":{"line":25,"column":6},"end":{"line":25,"column":24}},"17":{"start":{"line":27,"column":22},"end":{"line":29,"column":6}},"18":{"start":{"line":28,"column":6},"end":{"line":28,"column":52}},"19":{"start":{"line":31,"column":4},"end":{"line":39,"column":6}},"20":{"start":{"line":41,"column":2},"end":{"line":41,"column":54}},"21":{"start":{"line":47,"column":25},"end":{"line":47,"column":31}},"22":{"start":{"line":45,"column":0},"end":{"line":45,"column":39}}},"fnMap":{"0":{"name":"(anonymous_0)","decl":{"start":{"line":14,"column":21},"end":{"line":14,"column":22}},"loc":{"start":{"line":14,"column":81},"end":{"line":42,"column":1}}},"1":{"name":"(anonymous_1)","decl":{"start":{"line":19,"column":32},"end":{"line":19,"column":33}},"loc":{"start":{"line":19,"column":45},"end":{"line":40,"column":3}}},"2":{"name":"(anonymous_2)","decl":{"start":{"line":20,"column":37},"end":{"line":20,"column":null}},"loc":{"start":{"line":20,"column":37},"end":{"line":26,"column":5}}},"3":{"name":"(anonymous_3)","decl":{"start":{"line":27,"column":33},"end":{"line":27,"column":null}},"loc":{"start":{"line":27,"column":33},"end":{"line":29,"column":5}}}},"branchMap":{"0":{"loc":{"start":{"line":15,"column":2},"end":{"line":17,"column":null}},"type":"if","locations":[{"start":{"line":15,"column":2},"end":{"line":17,"column":null}},{"start":{"line":15,"column":2},"end":{"line":17,"column":null}}]},"1":{"loc":{"start":{"line":21,"column":28},"end":{"line":21,"column":30}},"type":"cond-expr","locations":[{"start":{"line":21,"column":28},"end":{"line":21,"column":30}},{"start":{"line":21,"column":23},"end":{"line":21,"column":37}}]},"2":{"loc":{"start":{"line":21,"column":23},"end":{"line":21,"column":30}},"type":"binary-expr","locations":[{"start":{"line":21,"column":23},"end":{"line":21,"column":30}},{"start":{"line":21,"column":23},"end":{"line":21,"column":30}}]},"3":{"loc":{"start":{"line":22,"column":6},"end":{"line":24,"column":null}},"type":"if","locations":[{"start":{"line":22,"column":6},"end":{"line":24,"column":null}},{"start":{"line":22,"column":6},"end":{"line":24,"column":null}}]}},"s":{"0":14,"1":14,"2":14,"3":14,"4":14,"5":14,"6":14,"7":14,"8":68,"9":21,"10":68,"11":68,"12":68,"13":68,"14":68,"15":68,"16":68,"17":68,"18":68,"19":68,"20":68,"21":14,"22":14},"f":{"0":68,"1":68,"2":68,"3":68},"b":{"0":[21,47],"1":[0,68],"2":[68,68],"3":[68,0]}}
,"/home/onurb/workspace/oneki/onekijs/packages/onekijs/src/__tests__/components/NotificationWidget.tsx": {"path":"/home/onurb/workspace/oneki/onekijs/packages/onekijs/src/__tests__/components/NotificationWidget.tsx","statementMap":{"0":{"start":{"line":1,"column":0},"end":{"line":1,"column":34}},"1":{"start":{"line":2,"column":0},"end":{"line":2,"column":67}},"2":{"start":{"line":4,"column":31},"end":{"line":32,"column":1}},"3":{"start":{"line":5,"column":17},"end":{"line":5,"column":42}},"4":{"start":{"line":6,"column":20},"end":{"line":6,"column":47}},"5":{"start":{"line":8,"column":2},"end":{"line":31,"column":4}},"6":{"start":{"line":13,"column":42},"end":{"line":17,"column":14}},"7":{"start":{"line":22,"column":45},"end":{"line":26,"column":14}},"8":{"start":{"line":34,"column":0},"end":{"line":34,"column":34}}},"fnMap":{"0":{"name":"(anonymous_0)","decl":{"start":{"line":4,"column":31},"end":{"line":4,"column":null}},"loc":{"start":{"line":4,"column":31},"end":{"line":32,"column":1}}},"1":{"name":"(anonymous_1)","decl":{"start":{"line":13,"column":24},"end":{"line":13,"column":25}},"loc":{"start":{"line":13,"column":37},"end":{"line":13,"column":null}}},"2":{"name":"(anonymous_2)","decl":{"start":{"line":22,"column":27},"end":{"line":22,"column":28}},"loc":{"start":{"line":22,"column":40},"end":{"line":22,"column":null}}}},"branchMap":{"0":{"loc":{"start":{"line":11,"column":9},"end":{"line":11,"column":26}},"type":"binary-expr","locations":[{"start":{"line":11,"column":9},"end":{"line":11,"column":26}},{"start":{"line":12,"column":10},"end":{"line":17,"column":null}}]},"1":{"loc":{"start":{"line":20,"column":9},"end":{"line":20,"column":29}},"type":"binary-expr","locations":[{"start":{"line":20,"column":9},"end":{"line":20,"column":29}},{"start":{"line":21,"column":10},"end":{"line":26,"column":null}}]}},"s":{"0":12,"1":12,"2":12,"3":59,"4":59,"5":59,"6":7,"7":44,"8":12},"f":{"0":59,"1":7,"2":44},"b":{"0":[59,7],"1":[59,17]}}
,"/home/onurb/workspace/oneki/onekijs/packages/onekijs/src/__tests__/mocks/handlers.ts": {"path":"/home/onurb/workspace/oneki/onekijs/packages/onekijs/src/__tests__/mocks/handlers.ts","statementMap":{"0":{"start":{"line":1,"column":0},"end":{"line":1,"column":42}},"1":{"start":{"line":3,"column":0},"end":{"line":3,"column":30}},"2":{"start":{"line":5,"column":0},"end":{"line":5,"column":null}},"3":{"start":{"line":15,"column":0},"end":{"line":15,"column":47}},"4":{"start":{"line":17,"column":24},"end":{"line":19,"column":2}},"5":{"start":{"line":22,"column":2},"end":{"line":24,"column":null}},"6":{"start":{"line":23,"column":4},"end":{"line":23,"column":59}},"7":{"start":{"line":25,"column":2},"end":{"line":25,"column":14}},"8":{"start":{"line":28,"column":18},"end":{"line":32,"column":1}},"9":{"start":{"line":29,"column":2},"end":{"line":31,"column":5}},"10":{"start":{"line":30,"column":4},"end":{"line":30,"column":39}},"11":{"start":{"line":34,"column":23},"end":{"line":38,"column":1}},"12":{"start":{"line":35,"column":2},"end":{"line":37,"column":5}},"13":{"start":{"line":36,"column":4},"end":{"line":36,"column":39}},"14":{"start":{"line":40,"column":13},"end":{"line":144,"column":null}},"15":{"start":{"line":43,"column":4},"end":{"line":43,"column":51}},"16":{"start":{"line":46,"column":18},"end":{"line":46,"column":56}},"17":{"start":{"line":47,"column":4},"end":{"line":47,"column":31}},"18":{"start":{"line":52,"column":4},"end":{"line":52,"column":42}},"19":{"start":{"line":55,"column":20},"end":{"line":55,"column":21}},"20":{"start":{"line":56,"column":4},"end":{"line":58,"column":null}},"21":{"start":{"line":57,"column":6},"end":{"line":57,"column":72}},"22":{"start":{"line":59,"column":4},"end":{"line":59,"column":64}},"23":{"start":{"line":64,"column":4},"end":{"line":69,"column":6}},"24":{"start":{"line":74,"column":4},"end":{"line":74,"column":40}},"25":{"start":{"line":77,"column":4},"end":{"line":77,"column":39}},"26":{"start":{"line":80,"column":4},"end":{"line":80,"column":40}},"27":{"start":{"line":83,"column":4},"end":{"line":83,"column":39}},"28":{"start":{"line":88,"column":18},"end":{"line":88,"column":56}},"29":{"start":{"line":89,"column":4},"end":{"line":89,"column":43}},"30":{"start":{"line":90,"column":4},"end":{"
[...]
line":111,"column":null}},"39":{"start":{"line":110,"column":4},"end":{"line":110,"column":83}},"40":{"start":{"line":114,"column":2},"end":{"line":122,"column":null}},"41":{"start":{"line":113,"column":2},"end":{"line":113,"column":3}},"42":{"start":{"line":115,"column":4},"end":{"line":121,"column":7}},"43":{"start":{"line":116,"column":6},"end":{"line":120,"column":null}},"44":{"start":{"line":116,"column":19},"end":{"line":116,"column":61}},"45":{"start":{"line":117,"column":8},"end":{"line":119,"column":null}},"46":{"start":{"line":118,"column":10},"end":{"line":118,"column":55}},"47":{"start":{"line":125,"column":2},"end":{"line":134,"column":null}},"48":{"start":{"line":124,"column":2},"end":{"line":124,"column":3}},"49":{"start":{"line":126,"column":4},"end":{"line":133,"column":7}},"50":{"start":{"line":127,"column":6},"end":{"line":132,"column":null}},"51":{"start":{"line":127,"column":19},"end":{"line":127,"column":20}},"52":{"start":{"line":128,"column":8},"end":{"line":131,"column":null}},"53":{"start":{"line":129,"column":10},"end":{"line":129,"column":55}},"54":{"start":{"line":130,"column":10},"end":{"line":130,"column":16}},"55":{"start":{"line":138,"column":3},"end":{"line":163,"column":null}},"56":{"start":{"line":139,"column":10},"end":{"line":139,"column":32}},"57":{"start":{"line":140,"column":4},"end":{"line":147,"column":null}},"58":{"start":{"line":142,"column":12},"end":{"line":142,"column":59}},"59":{"start":{"line":143,"column":12},"end":{"line":143,"column":96}},"60":{"start":{"line":144,"column":6},"end":{"line":146,"column":null}},"61":{"start":{"line":144,"column":36},"end":{"line":144,"column":93}},"62":{"start":{"line":145,"column":8},"end":{"line":145,"column":15}},"63":{"start":{"line":149,"column":10},"end":{"line":149,"column":86}},"64":{"start":{"line":150,"column":4},"end":{"line":156,"column":null}},"65":{"start":{"line":151,"column":6},"end":{"line":155,"column":8}},"66":{"start":{"line":157,"column":4},"end":{"line":157,"column":33}},"67":{"start":{"line":159,"column":8},"end":{"line":159,"column":20}},"68":{"start":{"line":160,"column":6},"end":{"line":160,"column":36}},"69":{"start":{"line":161,"column":6},"end":{"line":161,"column":41}},"70":{"start":{"line":168,"column":3},"end":{"line":170,"column":null}},"71":{"start":{"line":169,"column":4},"end":{"line":169,"column":86}},"72":{"start":{"line":175,"column":3},"end":{"line":177,"column":null}},"73":{"start":{"line":176,"column":4},"end":{"line":176,"column":86}},"74":{"start":{"line":39,"column":2},"end":{"line":41,"column":null}},"75":{"start":{"line":46,"column":2},"end":{"line":48,"column":null}},"76":{"start":{"line":109,"column":2},"end":{"line":111,"column":null}},"77":{"start":{"line":138,"column":2},"end":{"line":163,"column":null}},"78":{"start":{"line":168,"column":2},"end":{"line":170,"column":null}},"79":{"start":{"line":175,"column":2},"end":{"line":177,"column":null}},"80":{"start":{"line":12,"column":21},"end":{"line":178,"column":null}},"81":{"start":{"line":178,"column":0},"end":{"line":178,"column":null}},"82":{"start":{"line":12,"column":21},"end":{"line":12,"column":49}}},"fnMap":{"0":{"name":"(anonymous_0)","decl":{"start":{"line":12,"column":0},"end":{"line":12,"column":21}},"loc":{"start":{"line":12,"column":0},"end":{"line":12,"column":21}}},"1":{"name":"(anonymous_2)","decl":{"start":{"line":13,"column":2},"end":{"line":13,"column":6}},"loc":{"start":{"line":13,"column":2},"end":{"line":15,"column":3}}},"2":{"name":"(anonymous_3)","decl":{"start":{"line":18,"column":2},"end":{"line":18,"column":5}},"loc":{"start":{"line":18,"column":32},"end":{"line":29,"column":3}}},"3":{"name":"(anonymous_4)","decl":{"start":{"line":32,"column":2},"end":{"line":32,"column":12}},"loc":{"start":{"line":32,"column":26},"end":{"line":34,"column":3}}},"4":{"name":"(anonymous_5)","decl":{"start":{"line":39,"column":2},"end":{"line":39,"column":3}},"loc":{"start":{"line":39,"column":21},"end":{"line":41,"column":null}}},"5":{"name":"(anonymous_7)","decl":{"start":{"line":46,"column":2},"end":{"line":46,"column":3}},"loc":{"start":{"line":46,"column":21},"end":{"line":48,"column":null}}},"6":{"name":"(anonymous_9)","decl":{"start":{"line":50,"column":2},"end":{"line":50,"column":20}},"loc":{"start":{"line":53,"column":44},"end":{"line":87,"column":3}}},"7":{"name":"(anonymous_10)","decl":{"start":{"line":79,"column":14},"end":{"line":79,"column":null}},"loc":{"start":{"line":79,"column":14},"end":{"line":81,"column":7}}},"8":{"name":"(anonymous_11)","decl":{"start":{"line":89,"column":2},"end":{"line":89,"column":25}},"loc":{"start":{"line":89,"column":94},"end":{"line":104,"column":3}}},"9":{"name":"(anonymous_12)","decl":{"start":{"line":109,"column":2},"end":{"line":109,"column":3}},"loc":{"start":{"line":109,"column":20},"end":{"line":111,"column":null}}},"10":{"name":"(anonymous_14)","decl":{"start":{"line":114,"column":2},"end":{"line":114,"column":15}},"loc":{"start":{"line":114,"column":2},"end":{"line":122,"column":3}}},"11":{"name":"(anonymous_15)","decl":{"start":{"line":115,"column":56},"end":{"line":115,"column":57}},"loc":{"start":{"line":115,"column":62},"end":{"line":121,"column":5}}},"12":{"name":"(anonymous_16)","decl":{"start":{"line":125,"column":2},"end":{"line":125,"column":8}},"loc":{"start":{"line":125,"column":49},"end":{"line":134,"column":3}}},"13":{"name":"(anonymous_17)","decl":{"start":{"line":126,"column":56},"end":{"line":126,"column":57}},"loc":{"start":{"line":126,"column":62},"end":{"line":133,"column":5}}},"14":{"name":"(anonymous_18)","decl":{"start":{"line":138,"column":2},"end":{"line":138,"column":3}},"loc":{"start":{"line":138,"column":57},"end":{"line":163,"column":null}}},"15":{"name":"(anonymous_20)","decl":{"start":{"line":144,"column":29},"end":{"line":144,"column":30}},"loc":{"start":{"line":144,"column":31},"end":{"line":144,"column":37}}},"16":{"name":"(anonymous_21)","decl":{"start":{"line":168,"column":2},"end":{"line":168,"column":3}},"loc":{"start":{"line":168,"column":23},"end":{"line":170,"column":null}}},"17":{"name":"(anonymous_23)","decl":{"start":{"line":175,"column":2},"end":{"line":175,"column":3}},"loc":{"start":{"line":175,"column":23},"end":{"line":177,"column":null}}}},"branchMap":{"0":{"loc":{"start":{"line":26,"column":4},"end":{"line":28,"column":null}},"type":"if","locations":[{"start":{"line":26,"column":4},"end":{"line":28,"column":null}},{"start":{"line":26,"column":4},"end":{"line":28,"column":null}}]},"1":{"loc":{"start":{"line":26,"column":8},"end":{"line":26,"column":15}},"type":"binary-expr","locations":[{"start":{"line":26,"column":8},"end":{"line":26,"column":15}},{"start":{"line":26,"column":19},"end":{"line":26,"column":76}}]},"2":{"loc":{"start":{"line":40,"column":4},"end":{"line":40,"column":84}},"type":"switch","locations":[{"start":{"line":40,"column":4},"end":{"line":40,"column":84}}]},"3":{"loc":{"start":{"line":47,"column":4},"end":{"line":47,"column":84}},"type":"switch","locations":[{"start":{"line":47,"column":4},"end":{"line":47,"column":84}}]},"4":{"loc":{"start":{"line":55,"column":4},"end":{"line":59,"column":null}},"type":"if","locations":[{"start":{"line":55,"column":4},"end":{"line":59,"column":null}},{"start":{"line":55,"column":4},"end":{"line":59,"column":null}}]},"5":{"loc":{"start":{"line":68,"column":52},"end":{"line":68,"column":72}},"type":"cond-expr","locations":[{"start":{"line":68,"column":52},"end":{"line":68,"column":72}},{"start":{"line":68,"column":75},"end":{"line":68,"column":104}}]},"6":{"loc":{"start":{"line":69,"column":54},"end":{"line":69,"column":76}},"type":"cond-expr","locations":[{"start":{"line":69,"column":54},"end":{"line":69,"column":76}},{"start":{"line":69,"column":79},"end":{"line":69,"column":101}}]},"7":{"loc":{"start":{"line":70,"column":60},"end":{"line":70,"column":69}},"type":"cond-expr","locations":[{"start":{"line":70,"column":60},"end":{"line":70,"column":69}},{"start":{"line":70,"column":72},"end":{"line":70,"column":97}}]},"8":{"loc":{"start":{"line":71,"column":60},"end":{"line":71,"column":64}},"type":"cond-expr","locations":[{"start":{"line":71,"column":60},"end":{"line":71,"column":64}},{"start":{"line":71,"column":67},"end":{"line":71,"column":102}}]},"9":{"loc":{"start":{"line":77,"column":59},"end":{"line":77,"column":66}},"type":"cond-expr","locations":[{"start":{"line":77,"column":59},"end":{"line":77,"column":66}},{"start":{"line":77,"column":69},"end":{"line":77,"column":96}}]},"10":{"loc":{"start":{"line":90,"column":4},"end":{"line":102,"column":null}},"type":"if","locations":[{"start":{"line":90,"column":4},"end":{"line":102,"column":null}},{"start":{"line":90,"column":4},"end":{"line":102,"column":null}}]},"11":{"loc":{"start":{"line":110,"column":4},"end":{"line":110,"column":83}},"type":"switch","locations":[{"start":{"line":110,"column":4},"end":{"line":110,"column":83}}]},"12":{"loc":{"start":{"line":115,"column":16},"end":{"line":115,"column":40}},"type":"binary-expr","locations":[{"start":{"line":115,"column":16},"end":{"line":115,"column":40}},{"start":{"line":115,"column":44},"end":{"line":115,"column":46}}]},"13":{"loc":{"start":{"line":117,"column":8},"end":{"line":119,"column":null}},"type":"if","locations":[{"start":{"line":117,"column":8},"end":{"line":119,"column":null}},{"start":{"line":117,"column":8},"end":{"line":119,"column":null}}]},"14":{"loc":{"start":{"line":126,"column":16},"end":{"line":126,"column":40}},"type":"binary-expr","locations":[{"start":{"line":126,"column":16},"end":{"line":126,"column":40}},{"start":{"line":126,"column":44},"end":{"line":126,"column":46}}]},"15":{"loc":{"start":{"line":128,"column":8},"end":{"line":131,"column":null}},"type":"if","locations":[{"start":{"line":128,"column":8},"end":{"line":131,"column":null}},{"start":{"line":128,"column":8},"end":{"line":131,"column":null}}]},"16":{"loc":{"start":{"line":140,"column":4},"end":{"line":147,"column":null}},"type":"if","locations":[{"start":{"line":140,"column":4},"end":{"line":147,"column":null}},{"start":{"line":140,"column":4},"end":{"line":147,"column":null}}]},"17":{"loc":{"start":{"line":140,"column":8},"end":{"line":140,"column":50}},"type":"binary-expr","locations":[{"start":{"line":140,"column":8},"end":{"line":140,"column":50}},{"start":{"line":140,"column":54},"end":{"line":140,"column":110}}]},"18":{"loc":{"start":{"line":142,"column":20},"end":{"line":142,"column":45}},"type":"binary-expr","locations":[{"start":{"line":142,"column":20},"end":{"line":142,"column":45}},{"start":{"line":142,"column":49},"end":{"line":142,"column":58}}]},"19":{"loc":{"start":{"line":144,"column":6},"end":{"line":146,"column":null}},"type":"if","locations":[{"start":{"line":144,"column":6},"end":{"line":146,"column":null}},{"start":{"line":144,"column":6},"end":{"line":146,"column":null}}]},"20":{"loc":{"start":{"line":150,"column":4},"end":{"line":156,"column":null}},"type":"if","locations":[{"start":{"line":150,"column":4},"end":{"line":156,"column":null}},{"start":{"line":150,"column":4},"end":{"line":156,"column":null}}]},"21":{"loc":{"start":{"line":159,"column":8},"end":{"line":159,"column":20}},"type":"if","locations":[{"start":{"line":159,"column":8},"end":{"line":159,"column":20}},{"start":{"line":159,"column":8},"end":{"line":159,"column":20}}]},"22":{"loc":{"start":{"line":169,"column":4},"end":{"line":169,"column":86}},"type":"switch","locations":[{"start":{"line":169,"column":4},"end":{"line":169,"column":86}}]},"23":{"loc":{"start":{"line":176,"column":4},"end":{"line":176,"column":86}},"type":"switch","locations":[{"start":{"line":176,"column":4},"end":{"line":176,"column":86}}]}},"s":{"0":14,"1":14,"2":14,"3":14,"4":14,"5":14,"6":14,"7":14,"8":14,"9":14,"10":68,"11":28,"12":25,"13":25,"14":25,"15":4,"16":28,"17":7,"18":14,"19":0,"20":14,"21":8,"22":14,"23":25,"24":0,"25":25,"26":25,"27":25,"28":25,"29":25,"30":25,"31":0,"32":25,"33":14,"34":4,"35":0,"36":4,"37":4,"38":14,"39":0,"40":28,"41":6,"42":6,"43":6,"44":6,"45":0,"46":0,"47":28,"48":0,"49":0,"50":0,"51":0,"52":0,"53":0,"54":0,"55":14,"56":25,"57":25,"58":19,"59":19,"60":19,"61":31,"62":0,"63":25,"64":25,"65":23,"66":50,"67":48,"68":2,"69":0,"70":14,"71":0,"72":14,"73":0,"74":14,"75":14,"76":14,"77":14,"78":14,"79":14,"80":14,"81":14,"82":14},"f":{"0":82,"1":68,"2":25,"3":7,"4":0,"5":4,"6":25,"7":0,"8":4,"9":0,"10":6,"11":6,"12":0,"13":0,"14":25,"15":31,"16":0,"17":0},"b":{"0":[4,21],"1":[25,19],"2":[0],"3":[4],"4":[0,25],"5":[25,0],"6":[6,19],"7":[0,25],"8":[23,2],"9":[25,0],"10":[0,4],"11":[0],"12":[6,0],"13":[0,0],"14":[0,0],"15":[0,0],"16":[19,6],"17":[25,25],"18":[19,0],"19":[0,19],"20":[23,2],"21":[23,2],"22":[0],"23":[0]}}
,"/home/onurb/workspace/oneki/onekijs/packages/onekijs/src/notification/typings.ts": {"path":"/home/onurb/workspace/oneki/onekijs/packages/onekijs/src/notification/typings.ts","statementMap":{"0":{"start":{"line":21,"column":0},"end":{"line":21,"column":null}},"1":{"start":{"line":22,"column":2},"end":{"line":22,"column":null}},"2":{"start":{"line":23,"column":2},"end":{"line":23,"column":null}},"3":{"start":{"line":24,"column":2},"end":{"line":24,"column":null}},"4":{"start":{"line":25,"column":2},"end":{"line":25,"column":null}},"5":{"start":{"line":26,"column":2},"end":{"line":26,"column":null}}},"fnMap":{"0":{"name":"(anonymous_0)","decl":{"start":{"line":21,"column":0},"end":{"line":21,"column":12}},"loc":{"start":{"line":21,"column":29},"end":{"line":27,"column":1}}}},"branchMap":{"0":{"loc":{"start":{"line":21,"column":12},"end":{"line":21,"column":29}},"type":"binary-expr","locations":[{"start":{"line":21,"column":12},"end":{"line":21,"column":29}},{"start":{"line":21,"column":12},"end":{"line":21,"column":null}}]}},"s":{"0":14,"1":14,"2":14,"3":14,"4":14,"5":14},"f":{"0":14},"b":{"0":[14,14]}}
,"/home/onurb/workspace/oneki/onekijs/packages/onekijs/src/notification/useAllNotifications.ts": {"path":"/home/onurb/workspace/oneki/onekijs/packages/onekijs/src/notification/useAllNotifications.ts","statementMap":{"0":{"start":{"line":1,"column":0},"end":{"line":1,"column":57}},"1":{"start":{"line":5,"column":28},"end":{"line":7,"column":1}},"2":{"start":{"line":6,"column":2},"end":{"line":6,"column":78}},"3":{"start":{"line":9,"column":0},"end":{"line":9,"column":35}}},"fnMap":{"0":{"name":"(anonymous_0)","decl":{"start":{"line":5,"column":28},"end":{"line":5,"column":null}},"loc":{"start":{"line":5,"column":28},"end":{"line":7,"column":1}}}},"branchMap":{"0":{"loc":{"start":{"line":6,"column":9},"end":{"line":6,"column":71}},"type":"binary-expr","locations":[{"start":{"line":6,"column":9},"end":{"line":6,"column":71}},{"start":{"line":6,"column":75},"end":{"line":6,"column":77}}]}},"s":{"0":0,"1":0,"2":0,"3":0},"f":{"0":0},"b":{"0":[0,0]}}
,"/home/onurb/workspace/oneki/onekijs/packages/onekijs/src/notification/useNotificationService.ts": {"path":"/home/onurb/workspace/oneki/onekijs/packages/onekijs/src/notification/useNotificationService.ts","statementMap":{"0":{"start":{"line":1,"column":0},"end":{"line":1,"column":56}},"1":{"start":{"line":2,"column":0},"end":{"line":2,"column":56}},"2":{"start":{"line":4,"column":13},"end":{"line":6,"column":2}},"3":{"start":{"line":5,"column":2},"end":{"line":5,"column":47}},"4":{"start":{"line":8,"column":0},"end":{"line":8,"column":38}}},"fnMap":{"0":{"name":"(anonymous_0)","decl":{"start":{"line":4,"column":38},"end":{"line":4,"column":null}},"loc":{"start":{"line":4,"column":38},"end":{"line":6,"column":1}}}},"branchMap":{},"s":{"0":13,"1":13,"2":13,"3":98,"4":13},"f":{"0":98},"b":{}}
,"/home/onurb/workspace/oneki/onekijs/packages/onekijs/src/notification/useNotifications.ts": {"path":"/home/onurb/workspace/oneki/onekijs/packages/onekijs/src/notification/useNotifications.ts","statementMap":{"0":{"start":{"line":1,"column":0},"end":{"line":1,"column":57}},"1":{"start":{"line":4,"column":25},"end":{"line":6,"column":1}},"2":{"start":{"line":5,"column":2},"end":{"line":5,"column":75}},"3":{"start":{"line":8,"column":0},"end":{"line":8,"column":32}}},"fnMap":{"0":{"name":"(anonymous_0)","decl":{"start":{"line":4,"column":25},"end":{"line":4,"column":26}},"loc":{"start":{"line":4,"column":39},"end":{"line":6,"column":1}}}},"branchMap":{"0":{"loc":{"start":{"line":5,"column":9},"end":{"line":5,"column":68}},"type":"binary-expr","locations":[{"start":{"line":5,"column":9},"end":{"line":5,"column":68}},{"start":{"line":5,"column":72},"end":{"line":5,"column":74}}]}},"s":{"0":13,"1":13,"2":127,"3":13},"f":{"0":127},"b":{"0":[127,101]}}
,"/home/onurb/workspace/oneki/onekijs/packages/onekijs/src/notification/__tests__/components/NotificationSender.tsx": {"path":"/home/onurb/workspace/oneki/onekijs/packages/onekijs/src/notification/__tests__/components/NotificationSender.tsx","statementMap":{"0":{"start":{"line":1,"column":0},"end":{"line":1,"column":34}},"1":{"start":{"line":3,"column":0},"end":{"line":3,"column":66}},"2":{"start":{"line":9,"column":56},"end":{"line":21,"column":1}},"3":{"start":{"line":9,"column":72},"end":{"line":9,"column":74}},"4":{"start":{"line":11,"column":30},"end":{"line":11,"column":54}},"5":{"start":{"line":12,"column":2},"end":{"line":20,"column":4}},"6":{"start":{"line":14,"column":43},"end":{"line":18,"column":8}},"7":{"start":{"line":15,"column":31},"end":{"line":15,"column":71}},"8":{"start":{"line":23,"column":0},"end":{"line":23,"column":34}}},"fnMap":{"0":{"name":"(anonymous_0)","decl":{"start":{"line":9,"column":56},"end":{"line":9,"column":57}},"loc":{"start":{"line":9,"column":74},"end":{"line":21,"column":1}}},"1":{"name":"(anonymous_1)","decl":{"start":{"line":14,"column":25},"end":{"line":14,"column":26}},"loc":{"start":{"line":14,"column":38},"end":{"line":14,"column":null}}},"2":{"name":"(anonymous_2)","decl":{"start":{"line":15,"column":25},"end":{"line":15,"column":31}},"loc":{"start":{"line":15,"column":25},"end":{"line":15,"column":50}}}},"branchMap":{},"s":{"0":3,"1":3,"2":3,"3":6,"4":6,"5":6,"6":19,"7":19,"8":3},"f":{"0":6,"1":19,"2":19},"b":{}}
,"/home/onurb/workspace/oneki/onekijs/packages/onekijs/src/notification/__tests__/components/NotificationWidget.tsx": {"path":"/home/onurb/workspace/oneki/onekijs/packages/onekijs/src/notification/__tests__/components/NotificationWidget.tsx","statementMap":{"0":{"start":{"line":1,"column":0},"end":{"line":1,"column":34}},"1":{"start":{"line":2,"column":0},"end":{"line":2,"column":54}},"2":{"start":{"line":4,"column":31},"end":{"line":32,"column":1}},"3":{"start":{"line":5,"column":17},"end":{"line":5,"column":42}},"4":{"start":{"line":6,"column":20},"end":{"line":6,"column":47}},"5":{"start":{"line":8,"column":2},"end":{"line":31,"column":4}},"6":{"start":{"line":13,"column":42},"end":{"line":17,"column":14}},"7":{"start":{"line":22,"column":45},"end":{"line":26,"column":14}},"8":{"start":{"line":34,"column":0},"end":{"line":34,"column":34}}},"fnMap":{"0":{"name":"(anonymous_0)","decl":{"start":{"line":4,"column":31},"end":{"line":4,"column":null}},"loc":{"start":{"line":4,"column":31},"end":{"line":32,"column":1}}},"1":{"name":"(anonymous_1)","decl":{"start":{"line":13,"column":24},"end":{"line":13,"column":25}},"loc":{"start":{"line":13,"column":37},"end":{"line":13,"column":null}}},"2":{"name":"(anonymous_2)","decl":{"start":{"line":22,"column":27},"end":{"line":22,"column":28}},"loc":{"start":{"line":22,"column":40},"end":{"line":22,"column":null}}}},"branchMap":{"0":{"loc":{"start":{"line":11,"column":9},"end":{"line":11,"column":26}},"type":"binary-expr","locations":[{"start":{"line":11,"column":9},"end":{"line":11,"column":26}},{"start":{"line":12,"column":10},"end":{"line":17,"column":null}}]},"1":{"loc":{"start":{"line":20,"column":9},"end":{"line":20,"column":29}},"type":"binary-expr","locations":[{"start":{"line":20,"column":9},"end":{"line":20,"column":29}},{"start":{"line":21,"column":10},"end":{"line":26,"column":null}}]}},"s":{"0":0,"1":0,"2":0,"3":0,"4":0,"5":0,"6":0,"7":0,"8":0},"f":{"0":0,"1":0,"2":0},"b":{"0":[0,0],"1":[0,0]}}
}
