TN:
SF:/home/onurb/workspace/oneki/onekijs/packages/onekijs/src/index.ts
FN:1,(anonymous_0)
FN:2,(anonymous_1)
FN:2,(anonymous_2)
FN:3,(anonymous_3)
FN:3,(anonymous_4)
FN:4,(anonymous_5)
FN:5,(anonymous_6)
FN:6,(anonymous_7)
FN:7,(anonymous_8)
FN:8,(anonymous_9)
FN:9,(anonymous_10)
FN:9,(anonymous_11)
FN:20,(anonymous_12)
FN:20,(anonymous_13)
FN:21,(anonymous_14)
FN:22,(anonymous_15)
FN:23,(anonymous_16)
FN:24,(anonymous_17)
FN:25,(anonymous_18)
FN:26,(anonymous_19)
FN:27,(anonymous_20)
FN:28,(anonymous_21)
FN:29,(anonymous_22)
FN:30,(anonymous_23)
FN:30,(anonymous_24)
FN:31,(anonymous_25)
FN:32,(anonymous_26)
FN:33,(anonymous_27)
FN:34,(anonymous_28)
FN:35,(anonymous_29)
FN:38,(anonymous_30)
FN:39,(anonymous_31)
FN:40,(anonymous_32)
FN:41,(anonymous_33)
FN:42,(anonymous_34)
FN:43,(anonymous_35)
FN:44,(anonymous_36)
FN:45,(anonymous_37)
FN:53,(anonymous_38)
FN:54,(anonymous_39)
FN:54,(anonymous_40)
FN:55,(anonymous_41)
FN:55,(anonymous_42)
FN:56,(anonymous_43)
FN:57,(anonymous_44)
FN:58,(anonymous_45)
FN:58,(anonymous_46)
FN:59,(anonymous_47)
FN:60,(anonymous_48)
FN:62,(anonymous_49)
FN:63,(anonymous_50)
FN:64,(anonymous_51)
FN:65,(anonymous_52)
FN:66,(anonymous_53)
FN:67,(anonymous_54)
FN:68,(anonymous_55)
FN:69,(anonymous_56)
FN:70,(anonymous_57)
FN:71,(anonymous_58)
FN:72,(anonymous_59)
FN:73,(anonymous_60)
FN:74,(anonymous_61)
FN:75,(anonymous_62)
FN:77,(anonymous_63)
FN:78,(anonymous_64)
FN:78,(anonymous_65)
FN:79,(anonymous_66)
FN:79,(anonymous_67)
FN:79,(anonymous_68)
FN:79,(anonymous_69)
FN:80,(anonymous_70)
FN:80,(anonymous_71)
FN:80,(anonymous_72)
FN:81,(anonymous_73)
FN:81,(anonymous_74)
FN:83,(anonymous_75)
FN:84,(anonymous_76)
FN:85,(anonymous_77)
FN:86,(anonymous_78)
FN:87,(anonymous_79)
FN:88,(anonymous_80)
FN:89,(anonymous_81)
FN:90,(anonymous_82)
FN:91,(anonymous_83)
FN:92,(anonymous_84)
FN:93,(anonymous_85)
FN:94,(anonymous_86)
FN:95,(anonymous_87)
FN:96,(anonymous_88)
FN:97,(anonymous_89)
FN:98,(anonymous_90)
FN:99,(anonymous_91)
FN:100,(anonymous_92)
FN:103,(anonymous_93)
FN:104,(anonymous_94)
FN:105,(anonymous_95)
FN:106,(anonymous_96)
FN:107,(anonymous_97)
FN:108,(anonymous_98)
FN:109,(anonymous_99)
FN:110,(anonymous_100)
FN:113,(anonymous_101)
FN:114,(anonymous_102)
FN:115,(anonymous_103)
FN:116,(anonymous_104)
FN:117,(anonymous_105)
FN:118,(anonymous_106)
FN:119,(anonymous_107)
FN:120,(anonymous_108)
FN:123,(anonymous_109)
FN:124,(anonymous_110)
FN:125,(anonymous_111)
FN:126,(anonymous_112)
FN:127,(anonymous_113)
FN:128,(anonymous_114)
FN:129,(anonymous_115)
FN:130,(anonymous_116)
FN:131,(anonymous_117)
FN:134,(anonymous_118)
FN:135,(anonymous_119)
FN:136,(anonymous_120)
FN:137,(anonymous_121)
FN:138,(anonymous_122)
FN:139,(anonymous_123)
FN:140,(anonymous_124)
FN:143,(anonymous_125)
FN:144,(anonymous_126)
FN:145,(anonymous_127)
FN:146,(anonymous_128)
FN:147,(anonymous_129)
FN:148,(anonymous_130)
FN:149,(anonymous_131)
FN:150,(anonymous_132)
FN:151,(anonymous_133)
FN:152,(anonymous_134)
FN:153,(anonymous_135)
FN:155,(anonymous_136)
FN:156,(anonymous_137)
FN:157,(anonymous_138)
FN:158,(anonymous_139)
FN:159,(anonymous_140)
FN:160,(anonymous_141)
FN:161,(anonymous_142)
FN:162,(anonymous_143)
FN:169,(anonymous_144)
FN:173,(anonymous_145)
FN:174,(anonymous_146)
FN:175,(anonymous_147)
FN:176,(anonymous_148)
FN:177,(anonymous_149)
FN:178,(anonymous_150)
FN:179,(anonymous_151)
FN:180,(anonymous_152)
FN:181,(anonymous_153)
FN:182,(anonymous_154)
FN:183,(anonymous_155)
FN:184,(anonymous_156)
FN:185,(anonymous_157)
FN:186,(anonymous_158)
FN:187,(anonymous_159)
FN:188,(anonymous_160)
FN:189,(anonymous_161)
FN:190,(anonymous_162)
FN:191,(anonymous_163)
FN:192,(anonymous_164)
FN:193,(anonymous_165)
FN:195,(anonymous_166)
FN:196,(anonymous_167)
FN:197,(anonymous_168)
FN:198,(anonymous_169)
FN:199,(anonymous_170)
FN:200,(anonymous_171)
FN:201,(anonymous_172)
FN:202,(anonymous_173)
FN:203,(anonymous_174)
FN:205,(anonymous_175)
FN:206,(anonymous_176)
FN:207,(anonymous_177)
FN:208,(anonymous_178)
FN:209,(anonymous_179)
FN:210,(anonymous_180)
FN:211,(anonymous_181)
FN:212,(anonymous_182)
FN:213,(anonymous_183)
FN:214,(anonymous_184)
FN:234,(anonymous_185)
FN:240,(anonymous_186)
FN:242,(anonymous_187)
FN:246,(anonymous_188)
FN:247,(anonymous_189)
FN:248,(anonymous_190)
FN:249,(anonymous_191)
FN:250,(anonymous_192)
FN:251,(anonymous_193)
FN:252,(anonymous_194)
FN:253,(anonymous_195)
FN:254,(anonymous_196)
FN:255,(anonymous_197)
FN:256,(anonymous_198)
FN:257,(anonymous_199)
FN:258,(anonymous_200)
FN:259,(anonymous_201)
FN:261,(anonymous_202)
FN:262,(anonymous_203)
FN:263,(anonymous_204)
FN:264,(anonymous_205)
FN:265,(anonymous_206)
FN:265,(anonymous_207)
FN:265,(anonymous_208)
FN:265,(anonymous_209)
FN:265,(anonymous_210)
FN:266,(anonymous_211)
FN:267,(anonymous_212)
FN:268,(anonymous_213)
FN:269,(anonymous_214)
FN:270,(anonymous_215)
FNF:216
FNH:0
FNDA:0,(anonymous_0)
FNDA:0,(anonymous_1)
FNDA:0,(anonymous_2)
FNDA:0,(anonymous_3)
FNDA:0,(anonymous_4)
FNDA:0,(anonymous_5)
FNDA:0,(anonymous_6)
FNDA:0,(anonymous_7)
FNDA:0,(anonymous_8)
FNDA:0,(anonymous_9)
FNDA:0,(anonymous_10)
FNDA:0,(anonymous_11)
FNDA:0,(anonymous_12)
FNDA:0,(anonymous_13)
FNDA:0,(anonymous_14)
FNDA:0,(anonymous_15)
FNDA:0,(anonymous_16)
FNDA:0,(anonymous_17)
FNDA:0,(anonymous_18)
FNDA:0,(anonymous_19)
FNDA:0,(anonymous_20)
FNDA:0,(anonymous_21)
FNDA:0,(anonymous_22)
FNDA:0,(anonymous_23)
FNDA:0,(anonymous_24)
FNDA:0,(anonymous_25)
FNDA:0,(anonymous_26)
FNDA:0,(anonymous_27)
FNDA:0,(anonymous_28)
FNDA:0,(anonymous_29)
FNDA:0,(anonymous_30)
FNDA:0,(anonymous_31)
FNDA:0,(anonymous_32)
FNDA:0,(anonymous_33)
FNDA:0,(anonymous_34)
FNDA:0,(anonymous_35)
FNDA:0,(anonymous_36)
FNDA:0,(anonymous_37)
FNDA:0,(anonymous_38)
FNDA:0,(anonymous_39)
FNDA:0,(anonymous_40)
FNDA:0,(anonymous_41)
FNDA:0,(anonymous_42)
FNDA:0,(anonymous_43)
FNDA:0,(anonymous_44)
FNDA:0,(anonymous_45)
FNDA:0,(anonymous_46)
FNDA:0,(anonymous_47)
FNDA:0,(anonymous_48)
FNDA:0,(anonymous_49)
FNDA:0,(anonymous_50)
FNDA:0,(anonymous_51)
FNDA:0,(anonymous_52)
FNDA:0,(anonymous_53)
FNDA:0,(anonymous_54)
FNDA:0,(anonymous_55)
FNDA:0,(anonymous_56)
FNDA:0,(anonymous_57)
FNDA:0,(anonymous_58)
FNDA:0,(anonymous_59)
FNDA:0,(anonymous_60)
FNDA:0,(anonymous_61)
FNDA:0,(anonymous_62)
FNDA:0,(anonymous_63)
FNDA:0,(anonymous_64)
FNDA:0,(anonymous_65)
FNDA:0,(anonymous_66)
FNDA:0,(anonymous_67)
FNDA:0,(anonymous_68)
FNDA:0,(anonymous_69)
FNDA:0,(anonymous_70)
FNDA:0,(anonymous_71)
FNDA:0,(anonymous_72)
FNDA:0,(anonymous_73)
FNDA:0,(anonymous_74)
FNDA:0,(anonymous_75)
FNDA:0,(anonymous_76)
FNDA:0,(anonymous_77)
FNDA:0,(anonymous_78)
FNDA:0,(anonymous_79)
FNDA:0,(anonymous_80)
FNDA:0,(anonymous_81)
FNDA:0,(anonymous_82)
FNDA:0,(anonymous_83)
FNDA:0,(anonymous_84)
FNDA:0,(anonymous_85)
FNDA:0,(anonymous_86)
FNDA:0,(anonymous_87)
FNDA:0,(anonymous_88)
FNDA:0,(anonymous_89)
FNDA:0,(anonymous_90)
FNDA:0,(anonymous_91)
FNDA:0,(anonymous_92)
FNDA:0,(anonymous_93)
FNDA:0,(anonymous_94)
FNDA:0,(anonymous_95)
FNDA:0,(anonymous_96)
FNDA:0,(anonymous_97)
FNDA:0,(anonymous_98)
FNDA:0,(anonymous_99)
FNDA:0,(anonymous_100)
FNDA:0,(anonymous_101)
FNDA:0,(anonymous_102)
FNDA:0,(anonymous_103)
FNDA:0,(anonymous_104)
FNDA:0,(anonymous_105)
FNDA:0,(anonymous_106)
FNDA:0,(anonymous_107)
FNDA:0,(anonymous_108)
FNDA:0,(anonymous_109)
FNDA:0,(anonymous_110)
FNDA:0,(anonymous_111)
FNDA:0,(anonymous_112)
FNDA:0,(anonymous_113)
FNDA:0,(anonymous_114)
FNDA:0,(anonymous_115)
FNDA:0,(anonymous_116)
FNDA:0,(anonymous_117)
FNDA:0,(anonymous_118)
FNDA:0,(anonymous_119)
FNDA:0,(anonymous_120)
FNDA:0,(anonymous_121)
FNDA:0,(anonymous_122)
FNDA:0,(anonymous_123)
FNDA:0,(anonymous_124)
FNDA:0,(anonymous_125)
FNDA:0,(anonymous_126)
FNDA:0,(anonymous_127)
FNDA:0,(anonymous_128)
FNDA:0,(anonymous_129)
FNDA:0,(anonymous_130)
FNDA:0,(anonymous_131)
FNDA:0,(anonymous_132)
FNDA:0,(anonymous_133)
FNDA:0,(anonymous_134)
FNDA:0,(anonymous_135)
FNDA:0,(anonymous_136)
FNDA:0,(anonymous_137)
FNDA:0,(anonymous_138)
FNDA:0,(anonymous_139)
FNDA:0,(anonymous_140)
FNDA:0,(anonymous_141)
FNDA:0,(anonymous_142)
FNDA:0,(anonymous_143)
FNDA:0,(anonymous_144)
FNDA:0,(anonymous_145)
FNDA:0,(anonymous_146)
FNDA:0,(anonymous_147)
FNDA:0,(anonymous_148)
FNDA:0,(anonymous_149)
FNDA:0,(anonymous_150)
FNDA:0,(anonymous_151)
FNDA:0,(anonymous_152)
FNDA:0,(anonymous_153)
FNDA:0,(anonymous_154)
FNDA:0,(anonymous_155)
FNDA:0,(anonymous_156)
FNDA:0,(anonymous_157)
FNDA:0,(anonymous_158)
FNDA:0,(anonymous_159)
FNDA:0,(anonymous_160)
FNDA:0,(anonymous_161)
FNDA:0,(anonymous_162)
FNDA:0,(anonymous_163)
FNDA:0,(anonymous_164)
FNDA:0,(anonymous_165)
FNDA:0,(anonymous_166)
FNDA:0,(anonymous_167)
FNDA:0,(anonymous_168)
FNDA:0,(anonymous_169)
FNDA:0,(anonymous_170)
FNDA:0,(anonymous_171)
FNDA:0,(anonymous_172)
FNDA:0,(anonymous_173)
FNDA:0,(anonymous_174)
FNDA:0,(anonymous_175)
FNDA:0,(anonymous_176)
FNDA:0,(anonymous_177)
FNDA:0,(anonymous_178)
FNDA:0,(anonymous_179)
FNDA:0,(anonymous_180)
FNDA:0,(anonymous_181)
FNDA:0,(anonymous_182)
FNDA:0,(anonymous_183)
FNDA:0,(anonymous_184)
FNDA:0,(anonymous_185)
FNDA:0,(anonymous_186)
FNDA:0,(anonymous_187)
FNDA:0,(anonymous_188)
FNDA:0,(anonymous_189)
FNDA:0,(anonymous_190)
FNDA:0,(anonymous_191)
FNDA:0,(anonymous_192)
FNDA:0,(anonymous_193)
FNDA:0,(anonymous_194)
FNDA:0,(anonymous_195)
FNDA:0,(anonymous_196)
FNDA:0,(anonymous_197)
FNDA:0,(anonymous_198)
FNDA:0,(anonymous_199)
FNDA:0,(anonymous_200)
FNDA:0,(anonymous_201)
FNDA:0,(anonymous_202)
FNDA:0,(anonymous_203)
FNDA:0,(anonymous_204)
FNDA:0,(anonymous_205)
FNDA:0,(anonymous_206)
FNDA:0,(anonymous_207)
FNDA:0,(anonymous_208)
FNDA:0,(anonymous_209)
FNDA:0,(anonymous_210)
FNDA:0,(anonymous_211)
FNDA:0,(anonymous_212)
FNDA:0,(anonymous_213)
FNDA:0,(anonymous_214)
FNDA:0,(anonymous_215)
DA:1,0
DA:2,0
DA:3,0
DA:4,0
DA:5,0
DA:6,0
DA:7,0
DA:8,0
DA:9,0
DA:20,0
DA:21,0
DA:22,0
DA:23,0
DA:24,0
DA:25,0
DA:26,0
DA:27,0
DA:28,0
DA:29,0
DA:30,0
DA:31,0
DA:32,0
DA:33,0
DA:34,0
DA:35,0
DA:36,0
DA:38,0
DA:39,0
DA:40,0
DA:41,0
DA:42,0
DA:43,0
DA:44,0
DA:45,0
DA:53,0
DA:54,0
DA:55,0
DA:56,0
DA:57,0
DA:58,0
DA:59,0
DA:60,0
DA:61,0
DA:62,0
DA:63,0
DA:64,0
DA:65,0
DA:66,0
DA:67,0
DA:68,0
DA:69,0
DA:70,0
DA:71,0
DA:72,0
DA:73,0
DA:74,0
DA:75,0
DA:77,0
DA:78,0
DA:79,0
DA:80,0
DA:81,0
DA:82,0
DA:83,0
DA:84,0
DA:85,0
DA:86,0
DA:87,0
DA:88,0
DA:89,0
DA:90,0
DA:91,0
DA:92,0
DA:93,0
DA:94,0
DA:95,0
DA:96,0
DA:97,0
DA:98,0
DA:99,0
DA:100,0
DA:102,0
DA:103,0
DA:104,0
DA:105,0
DA:106,0
DA:107,0
DA:108,0
DA:109,0
DA:110,0
DA:112,0
DA:113,0
DA:114,0
DA:115,0
DA:116,0
DA:117,0
DA:118,0
DA:119,0
DA:120,0
DA:122,0
DA:123,0
DA:124,0
DA:125,0
DA:126,0
DA:127,0
DA:128,0
DA:129,0
DA:130,0
DA:131,0
DA:133,0
DA:134,0
DA:135,0
DA:136,0
DA:137,0
DA:138,0
DA:139,0
DA:140,0
DA:142,0
DA:143,0
DA:144,0
DA:145,0
DA:146,0
DA:147,0
DA:148,0
DA:149,0
DA:150,0
DA:151,0
DA:152,0
DA:153,0
DA:155,0
DA:156,0
DA:157,0
DA:158,0
DA:159,0
DA:160,0
DA:161,0
DA:162,0
DA:163,0
DA:169,0
DA:173,0
DA:174,0
DA:175,0
DA:176,0
DA:177,0
DA:178,0
DA:179,0
DA:180,0
DA:181,0
DA:182,0
DA:183,0
DA:184,0
DA:185,0
DA:186,0
DA:187,0
DA:188,0
DA:189,0
DA:190,0
DA:191,0
DA:192,0
DA:193,0
DA:194,0
DA:195,0
DA:196,0
DA:197,0
DA:198,0
DA:199,0
DA:200,0
DA:201,0
DA:202,0
DA:203,0
DA:205,0
DA:206,0
DA:207,0
DA:208,0
DA:209,0
DA:210,0
DA:211,0
DA:212,0
DA:213,0
DA:214,0
DA:215,0
DA:234,0
DA:240,0
DA:242,0
DA:246,0
DA:247,0
DA:248,0
DA:249,0
DA:250,0
DA:251,0
DA:252,0
DA:253,0
DA:254,0
DA:255,0
DA:256,0
DA:257,0
DA:258,0
DA:259,0
DA:261,0
DA:262,0
DA:263,0
DA:264,0
DA:265,0
DA:266,0
DA:267,0
DA:268,0
DA:269,0
DA:270,0
LF:208
LH:0
BRF:0
BRH:0
end_of_record
TN:
SF:/home/onurb/workspace/oneki/onekijs/packages/onekijs/src/__tests__/ReactRouter.ts
FN:11,(anonymous_0)
FN:14,ReactRouter
FN:19,(anonymous_2)
FN:37,(anonymous_3)
FN:45,(anonymous_4)
FN:64,(anonymous_5)
FN:65,(anonymous_6)
FN:75,(anonymous_7)
FN:82,(anonymous_8)
FN:86,(anonymous_9)
FN:88,(anonymous_10)
FNF:11
FNH:9
FNDA:14,(anonymous_0)
FNDA:68,ReactRouter
FNDA:6,(anonymous_2)
FNDA:6,(anonymous_3)
FNDA:0,(anonymous_4)
FNDA:68,(anonymous_5)
FNDA:6,(anonymous_6)
FNDA:0,(anonymous_7)
FNDA:80,(anonymous_8)
FNDA:74,(anonymous_9)
FNDA:74,(anonymous_10)
DA:2,14
DA:3,14
DA:5,14
DA:11,14
DA:15,68
DA:16,68
DA:17,68
DA:18,68
DA:19,68
DA:20,6
DA:37,14
DA:38,6
DA:39,6
DA:40,6
DA:41,6
DA:45,14
DA:46,0
DA:47,0
DA:48,0
DA:49,0
DA:64,68
DA:65,68
DA:66,6
DA:68,68
DA:69,68
DA:72,68
DA:75,14
DA:76,0
DA:78,0
DA:82,14
DA:83,80
DA:86,14
DA:87,74
DA:88,74
DA:89,74
DA:91,74
DA:94,14
LF:37
LH:31
BRDA:15,0,0,68
BRDA:15,0,1,68
BRDA:16,1,0,68
BRDA:16,1,1,0
BRDA:38,2,0,6
BRDA:38,2,1,0
BRDA:39,3,0,6
BRDA:39,3,1,0
BRDA:46,4,0,0
BRDA:46,4,1,0
BRDA:47,5,0,0
BRDA:47,5,1,0
BRDA:68,6,0,68
BRDA:68,6,1,0
BRDA:76,7,0,0
BRDA:76,7,1,0
BRF:16
BRH:6
end_of_record
TN:
SF:/home/onurb/workspace/oneki/onekijs/packages/onekijs/src/__tests__/customRenderer.tsx
FN:14,(anonymous_0)
FN:19,(anonymous_1)
FN:20,(anonymous_2)
FN:27,(anonymous_3)
FNF:4
FNH:4
FNDA:68,(anonymous_0)
FNDA:68,(anonymous_1)
FNDA:68,(anonymous_2)
FNDA:68,(anonymous_3)
DA:1,14
DA:2,14
DA:3,14
DA:4,14
DA:5,14
DA:7,14
DA:8,14
DA:14,14
DA:15,68
DA:16,21
DA:19,68
DA:20,68
DA:21,68
DA:22,68
DA:23,68
DA:25,68
DA:27,68
DA:28,68
DA:31,68
DA:41,68
DA:45,14
DA:47,14
LF:22
LH:22
BRDA:15,0,0,21
BRDA:15,0,1,47
BRDA:21,1,0,0
BRDA:21,1,1,68
BRDA:21,2,0,68
BRDA:21,2,1,68
BRDA:22,3,0,68
BRDA:22,3,1,0
BRF:8
BRH:6
end_of_record
TN:
SF:/home/onurb/workspace/oneki/onekijs/packages/onekijs/src/__tests__/components/NotificationWidget.tsx
FN:4,(anonymous_0)
FN:13,(anonymous_1)
FN:22,(anonymous_2)
FNF:3
FNH:3
FNDA:59,(anonymous_0)
FNDA:7,(anonymous_1)
FNDA:44,(anonymous_2)
DA:1,12
DA:2,12
DA:4,12
DA:5,59
DA:6,59
DA:8,59
DA:13,7
DA:22,44
DA:34,12
LF:9
LH:9
BRDA:11,0,0,59
BRDA:11,0,1,7
BRDA:20,1,0,59
BRDA:20,1,1,17
BRF:4
BRH:4
end_of_record
TN:
SF:/home/onurb/workspace/oneki/onekijs/packages/onekijs/src/__tests__/mocks/handlers.ts
FN:21,extractToken
FN:28,(anonymous_1)
FN:29,(anonymous_2)
FN:34,(anonymous_3)
FN:35,(anonymous_4)
FN:42,(anonymous_5)
FN:45,(anonymous_6)
FN:51,(anonymous_7)
FN:54,(anonymous_8)
FN:63,(anonymous_9)
FN:73,(anonymous_10)
FN:76,(anonymous_11)
FN:79,(anonymous_12)
FN:82,(anonymous_13)
FN:87,(anonymous_14)
FN:93,(anonymous_15)
FN:99,(anonymous_16)
FN:105,(anonymous_17)
FN:120,(anonymous_18)
FN:124,(anonymous_19)
FN:128,(anonymous_20)
FN:141,(anonymous_21)
FN:146,(anonymous_22)
FN:172,(anonymous_23)
FNF:24
FNH:20
FNDA:7,extractToken
FNDA:42,(anonymous_1)
FNDA:168,(anonymous_2)
FNDA:14,(anonymous_3)
FNDA:42,(anonymous_4)
FNDA:1,(anonymous_5)
FNDA:3,(anonymous_6)
FNDA:2,(anonymous_7)
FNDA:4,(anonymous_8)
FNDA:10,(anonymous_9)
FNDA:24,(anonymous_10)
FNDA:7,(anonymous_11)
FNDA:24,(anonymous_12)
FNDA:7,(anonymous_13)
FNDA:2,(anonymous_14)
FNDA:2,(anonymous_15)
FNDA:1,(anonymous_16)
FNDA:2,(anonymous_17)
FNDA:0,(anonymous_18)
FNDA:0,(anonymous_19)
FNDA:5,(anonymous_20)
FNDA:0,(anonymous_21)
FNDA:0,(anonymous_22)
FNDA:2,(anonymous_23)
DA:1,14
DA:3,14
DA:5,14
DA:15,14
DA:17,14
DA:22,7
DA:23,3
DA:25,4
DA:28,14
DA:29,42
DA:30,168
DA:34,14
DA:35,14
DA:36,42
DA:40,14
DA:43,1
DA:46,3
DA:47,3
DA:52,2
DA:55,4
DA:56,4
DA:57,4
DA:59,4
DA:64,10
DA:74,24
DA:77,7
DA:80,24
DA:83,7
DA:88,2
DA:89,2
DA:90,2
DA:91,2
DA:94,2
DA:95,2
DA:96,2
DA:97,2
DA:100,1
DA:101,1
DA:102,1
DA:103,1
DA:106,2
DA:107,2
DA:108,2
DA:109,2
DA:110,2
DA:112,0
DA:115,0
DA:122,0
DA:125,0
DA:129,5
DA:130,5
DA:131,1
DA:132,1
DA:133,1
DA:135,0
DA:138,4
DA:142,0
DA:146,14
DA:147,0
DA:148,0
DA:149,0
DA:151,0
DA:152,0
DA:153,0
DA:155,0
DA:156,0
DA:158,0
DA:159,0
DA:161,0
DA:162,0
DA:164,0
DA:165,0
DA:166,0
DA:169,0
DA:172,14
DA:173,2
DA:174,2
DA:175,2
DA:176,2
LF:79
LH:57
BRDA:22,0,0,3
BRDA:22,0,1,4
BRDA:22,1,0,7
BRDA:22,1,1,3
BRDA:22,2,0,0
BRDA:22,2,1,3
BRDA:22,3,0,3
BRDA:22,3,1,3
BRDA:23,4,0,0
BRDA:23,4,1,3
BRDA:23,5,0,3
BRDA:23,5,1,3
BRDA:46,6,0,3
BRDA:46,6,1,0
BRDA:56,7,0,4
BRDA:56,7,1,0
BRDA:88,8,0,2
BRDA:88,8,1,0
BRDA:94,9,0,2
BRDA:94,9,1,0
BRDA:100,10,0,1
BRDA:100,10,1,0
BRDA:107,11,0,2
BRDA:107,11,1,0
BRDA:130,12,0,1
BRDA:130,12,1,4
BRDA:148,13,0,0
BRDA:148,13,1,0
BRDA:148,14,0,0
BRDA:148,14,1,0
BRDA:152,15,0,0
BRDA:152,15,1,0
BRDA:155,16,0,0
BRDA:155,16,1,0
BRDA:158,17,0,0
BRDA:158,17,1,0
BRDA:161,18,0,0
BRDA:161,18,1,0
BRDA:164,19,0,0
BRDA:164,19,1,0
BRDA:165,20,0,0
BRDA:165,20,1,0
BRF:42
BRH:18
end_of_record
TN:
SF:/home/onurb/workspace/oneki/onekijs/packages/onekijs/src/__tests__/mocks/responses.ts
FNF:0
FNH:0
DA:5,2
LF:1
LH:1
BRF:0
BRH:0
end_of_record
TN:
SF:/home/onurb/workspace/oneki/onekijs/packages/onekijs/src/__tests__/mocks/server.ts
FNF:0
FNH:0
DA:1,14
DA:2,14
DA:4,14
LF:3
LH:3
BRF:0
BRH:0
end_of_record
TN:
SF:/home/onurb/workspace/oneki/onekijs/packages/onekijs/src/__tests__/utils/auth.ts
FN:6,(anonymous_0)
FN:20,(anonymous_1)
FNF:2
FNH:2
FNDA:14,(anonymous_0)
FNDA:3,(anonymous_1)
DA:1,14
DA:4,14
DA:5,14
DA:6,14
DA:7,14
DA:20,14
DA:21,3
DA:23,14
DA:24,14
DA:26,14
DA:27,14
DA:28,14
DA:29,14
DA:30,14
DA:31,14
DA:32,14
DA:33,14
DA:34,14
DA:35,14
DA:36,14
DA:37,14
DA:38,14
DA:39,14
DA:40,14
DA:41,14
DA:42,14
DA:43,14
DA:44,14
DA:45,14
LF:29
LH:29
BRF:0
BRH:0
end_of_record
TN:
SF:/home/onurb/workspace/oneki/onekijs/packages/onekijs/src/__tests__/utils/i18n.ts
FNF:0
FNH:0
DA:1,14
DA:29,14
LF:2
LH:2
BRF:0
BRH:0
end_of_record
TN:
SF:/home/onurb/workspace/oneki/onekijs/packages/onekijs/src/__tests__/utils/timeout.ts
FN:1,asyncTimeout
FN:2,(anonymous_3)
FN:5,wait
FN:18,waitCallback
FN:21,(anonymous_10)
FNF:5
FNH:5
FNDA:20,asyncTimeout
FNDA:20,(anonymous_3)
FNDA:18,wait
FNDA:7,waitCallback
FNDA:14,(anonymous_10)
DA:1,20
DA:2,20
DA:5,36
DA:6,18
DA:7,37
DA:8,37
DA:9,37
DA:10,19
DA:11,19
DA:12,0
DA:14,38
DA:18,6
DA:19,7
DA:20,7
DA:22,14
LF:15
LH:14
BRDA:1,0,0,0
BRDA:1,0,1,20
BRDA:2,1,0,20
BRDA:2,1,1,20
BRDA:5,2,0,7
BRDA:5,2,1,11
BRDA:5,3,0,18
BRDA:5,3,1,0
BRDA:7,4,0,0
BRDA:7,4,1,37
BRDA:9,5,0,18
BRDA:9,5,1,19
BRDA:11,6,0,0
BRDA:11,6,1,19
BRDA:20,7,0,7
BRDA:19,8,0,0
BRDA:19,8,1,7
BRF:17
BRH:12
end_of_record
TN:
SF:/home/onurb/workspace/oneki/onekijs/packages/onekijs/src/app/AppContext.ts
FN:7,(anonymous_0)
FN:13,AppContext
FNF:2
FNH:2
FNDA:14,(anonymous_0)
FNDA:92,AppContext
DA:1,14
DA:2,14
DA:4,14
DA:7,14
DA:8,14
DA:14,92
DA:15,92
DA:16,92
DA:17,92
DA:19,14
DA:22,14
LF:11
LH:11
BRF:0
BRH:0
end_of_record
TN:
SF:/home/onurb/workspace/oneki/onekijs/packages/onekijs/src/app/AppProvider.tsx
FN:10,(anonymous_0)
FN:21,(anonymous_1)
FN:24,(anonymous_2)
FN:31,(anonymous_3)
FN:35,(anonymous_4)
FNF:5
FNH:4
FNDA:92,(anonymous_0)
FNDA:68,(anonymous_1)
FNDA:0,(anonymous_2)
FNDA:92,(anonymous_3)
FNDA:92,(anonymous_4)
DA:1,14
DA:2,14
DA:3,14
DA:4,14
DA:5,14
DA:6,14
DA:8,14
DA:10,14
DA:11,92
DA:12,92
DA:13,92
DA:14,92
DA:15,92
DA:16,92
DA:17,92
DA:18,92
DA:20,92
DA:21,92
DA:22,68
DA:23,68
DA:24,0
DA:25,0
DA:28,68
DA:31,92
DA:32,92
DA:35,92
DA:36,92
DA:43,92
DA:49,92
DA:56,14
LF:30
LH:28
BRDA:23,0,0,0
BRDA:23,0,1,68
BRF:2
BRH:1
end_of_record
TN:
SF:/home/onurb/workspace/oneki/onekijs/packages/onekijs/src/app/AppRouter.ts
FN:6,(anonymous_0)
FN:11,AppRouter
FN:15,(anonymous_2)
FN:19,(anonymous_3)
FN:23,(anonymous_4)
FN:27,(anonymous_5)
FN:31,(anonymous_6)
FN:35,(anonymous_7)
FN:39,(anonymous_8)
FN:43,(anonymous_9)
FN:47,(anonymous_10)
FN:68,(anonymous_11)
FNF:12
FNH:9
FNDA:14,(anonymous_0)
FNDA:68,AppRouter
FNDA:331,(anonymous_2)
FNDA:2,(anonymous_3)
FNDA:0,(anonymous_4)
FNDA:1,(anonymous_5)
FNDA:0,(anonymous_6)
FNDA:72,(anonymous_7)
FNDA:0,(anonymous_8)
FNDA:5,(anonymous_9)
FNDA:5,(anonymous_10)
FNDA:15,(anonymous_11)
DA:2,14
DA:6,14
DA:7,68
DA:8,68
DA:12,68
DA:15,14
DA:16,331
DA:19,14
DA:20,2
DA:23,14
DA:24,0
DA:27,14
DA:28,1
DA:31,14
DA:32,0
DA:35,14
DA:36,72
DA:39,14
DA:40,0
DA:43,14
DA:44,5
DA:47,14
DA:48,5
DA:49,5
DA:68,15
DA:69,15
DA:70,15
DA:72,2
DA:73,2
DA:74,2
DA:75,0
DA:78,2
DA:96,14
LF:33
LH:29
BRDA:24,0,0,0
BRDA:24,0,1,0
BRDA:28,1,0,1
BRDA:28,1,1,0
BRDA:32,2,0,0
BRDA:32,2,1,0
BRDA:36,3,0,72
BRDA:36,3,1,0
BRDA:40,4,0,0
BRDA:40,4,1,0
BRDA:48,5,0,5
BRDA:48,5,1,0
BRDA:68,6,0,0
BRDA:68,6,1,15
BRDA:70,7,0,13
BRDA:70,7,1,2
BRDA:70,8,0,15
BRDA:70,8,1,15
BRDA:74,9,0,0
BRDA:74,9,1,2
BRDA:74,10,0,2
BRDA:74,10,1,0
BRF:22
BRH:10
end_of_record
TN:
SF:/home/onurb/workspace/oneki/onekijs/packages/onekijs/src/app/AppState.tsx
FN:9,(anonymous_0)
FN:25,(anonymous_1)
FN:32,(anonymous_2)
FN:45,(anonymous_3)
FN:57,(anonymous_4)
FN:59,(anonymous_5)
FN:59,(anonymous_6)
FN:60,(anonymous_7)
FNF:8
FNH:5
FNDA:68,(anonymous_0)
FNDA:68,(anonymous_1)
FNDA:68,(anonymous_2)
FNDA:68,(anonymous_3)
FNDA:136,(anonymous_4)
FNDA:0,(anonymous_5)
FNDA:0,(anonymous_6)
FNDA:0,(anonymous_7)
DA:1,14
DA:2,14
DA:3,14
DA:4,14
DA:5,14
DA:7,14
DA:9,14
DA:10,68
DA:11,68
DA:12,68
DA:13,68
DA:14,68
DA:15,68
DA:16,68
DA:17,68
DA:18,68
DA:19,68
DA:21,68
DA:22,68
DA:23,68
DA:25,68
DA:26,68
DA:27,68
DA:29,0
DA:32,68
DA:33,68
DA:34,68
DA:36,0
DA:39,68
DA:40,68
DA:43,68
DA:45,68
DA:46,68
DA:47,68
DA:48,68
DA:57,136
DA:58,68
DA:59,0
DA:60,0
DA:61,0
DA:67,68
DA:68,0
DA:71,68
DA:88,14
LF:44
LH:38
BRDA:10,0,0,21
BRDA:10,0,1,47
BRDA:12,1,0,68
BRDA:12,1,1,0
BRDA:18,2,0,68
BRDA:18,2,1,0
BRDA:21,3,0,68
BRDA:21,3,1,68
BRDA:22,4,0,0
BRDA:22,4,1,68
BRDA:23,5,0,0
BRDA:23,5,1,68
BRDA:26,6,0,68
BRDA:26,6,1,0
BRDA:27,7,0,0
BRDA:27,7,1,68
BRDA:27,8,0,68
BRDA:27,8,1,0
BRDA:33,9,0,68
BRDA:33,9,1,0
BRDA:39,10,0,68
BRDA:39,10,1,0
BRDA:46,11,0,68
BRDA:46,11,1,0
BRDA:58,12,0,0
BRDA:58,12,1,68
BRDA:67,13,0,0
BRDA:67,13,1,68
BRF:28
BRH:16
end_of_record
TN:
SF:/home/onurb/workspace/oneki/onekijs/packages/onekijs/src/app/DefaultLoadingComponent.tsx
FN:3,(anonymous_0)
FNF:1
FNH:0
FNDA:0,(anonymous_0)
DA:1,14
DA:3,14
DA:5,14
LF:3
LH:3
BRF:0
BRH:0
end_of_record
TN:
SF:/home/onurb/workspace/oneki/onekijs/packages/onekijs/src/app/GlobalStateService.ts
FN:6,(anonymous_0)
FN:9,(anonymous_2)
FNF:2
FNH:0
FNDA:0,(anonymous_0)
FNDA:0,(anonymous_2)
DA:1,0
DA:2,0
DA:3,0
DA:6,0
DA:9,0
DA:10,0
DA:12,0
LF:7
LH:0
BRF:0
BRH:0
end_of_record
TN:
SF:/home/onurb/workspace/oneki/onekijs/packages/onekijs/src/app/LocalStateService.ts
FN:7,(anonymous_0)
FN:9,(anonymous_2)
FNF:2
FNH:0
FNDA:0,(anonymous_0)
FNDA:0,(anonymous_2)
DA:1,0
DA:2,0
DA:3,0
DA:7,0
DA:9,0
DA:10,0
DA:12,0
LF:7
LH:0
BRF:0
BRH:0
end_of_record
TN:
SF:/home/onurb/workspace/oneki/onekijs/packages/onekijs/src/app/settings.ts
FN:13,(anonymous_0)
FN:20,(anonymous_1)
FN:23,(anonymous_2)
FN:37,(anonymous_3)
FNF:4
FNH:2
FNDA:92,(anonymous_0)
FNDA:0,(anonymous_1)
FNDA:0,(anonymous_2)
FNDA:24,(anonymous_3)
DA:1,14
DA:6,14
DA:14,184
DA:15,92
DA:16,92
DA:17,92
DA:18,92
DA:21,0
DA:22,0
DA:23,0
DA:24,0
DA:25,0
DA:26,0
DA:28,0
DA:29,0
DA:30,0
DA:31,0
DA:32,0
DA:35,0
DA:37,24
DA:39,24
DA:40,24
DA:41,24
DA:42,24
DA:43,24
DA:44,0
DA:45,0
DA:84,14
LF:28
LH:14
BRDA:15,0,0,92
BRDA:15,0,1,0
BRDA:17,1,0,0
BRDA:17,1,1,92
BRDA:24,2,0,0
BRDA:24,2,1,0
BRDA:26,3,0,0
BRDA:26,3,1,0
BRDA:28,4,0,0
BRDA:28,4,1,0
BRDA:29,5,0,0
BRDA:29,5,1,0
BRDA:30,6,0,0
BRDA:30,6,1,0
BRDA:30,7,0,0
BRDA:30,7,1,0
BRDA:32,8,0,0
BRDA:32,8,1,0
BRDA:40,9,0,24
BRDA:40,9,1,0
BRDA:42,10,0,24
BRDA:42,10,1,0
BRDA:43,11,0,0
BRDA:43,11,1,24
BRDA:43,12,0,24
BRDA:43,12,1,24
BRF:26
BRH:7
end_of_record
TN:
SF:/home/onurb/workspace/oneki/onekijs/packages/onekijs/src/app/typings.ts
FNF:0
FNH:0
DA:11,14
DA:12,14
DA:13,14
LF:3
LH:3
BRF:0
BRH:0
end_of_record
TN:
SF:/home/onurb/workspace/oneki/onekijs/packages/onekijs/src/app/useAppContext.ts
FN:4,(anonymous_0)
FNF:1
FNH:1
FNDA:1643,(anonymous_0)
DA:1,14
DA:2,14
DA:4,14
DA:5,1643
DA:8,14
LF:5
LH:5
BRF:0
BRH:0
end_of_record
TN:
SF:/home/onurb/workspace/oneki/onekijs/packages/onekijs/src/app/useGlobalProp.ts
FN:15,useGlobalProp
FN:16,(anonymous_1)
FN:20,(anonymous_2)
FNF:3
FNH:0
FNDA:0,useGlobalProp
FNDA:0,(anonymous_1)
FNDA:0,(anonymous_2)
DA:1,0
DA:2,0
DA:3,0
DA:4,0
DA:5,0
DA:16,0
DA:17,0
DA:18,0
DA:19,0
DA:21,0
DA:25,0
DA:28,0
LF:12
LH:0
BRDA:17,0,0,0
BRDA:17,0,1,0
BRF:2
BRH:0
end_of_record
TN:
SF:/home/onurb/workspace/oneki/onekijs/packages/onekijs/src/app/useGlobalSelector.ts
FN:16,useGlobalSelector
FN:17,(anonymous_1)
FN:18,(anonymous_2)
FNF:3
FNH:3
FNDA:558,useGlobalSelector
FNDA:558,(anonymous_1)
FNDA:2292,(anonymous_2)
DA:1,14
DA:2,14
DA:3,14
DA:17,558
DA:18,2292
DA:21,558
DA:22,558
DA:25,14
DA:26,14
LF:9
LH:9
BRDA:18,0,0,558
BRDA:18,0,1,0
BRDA:22,1,0,382
BRDA:22,1,1,176
BRF:4
BRH:3
end_of_record
TN:
SF:/home/onurb/workspace/oneki/onekijs/packages/onekijs/src/app/useGlobalState.ts
FN:6,(anonymous_0)
FN:8,(anonymous_1)
FN:16,(anonymous_2)
FNF:3
FNH:0
FNDA:0,(anonymous_0)
FNDA:0,(anonymous_1)
FNDA:0,(anonymous_2)
DA:1,0
DA:2,0
DA:3,0
DA:4,0
DA:6,0
DA:8,0
DA:12,0
DA:13,0
DA:14,0
DA:15,0
DA:17,0
DA:21,0
DA:24,0
LF:13
LH:0
BRDA:12,0,0,0
BRDA:12,0,1,0
BRDA:13,1,0,0
BRDA:13,1,1,0
BRF:4
BRH:0
end_of_record
TN:
SF:/home/onurb/workspace/oneki/onekijs/packages/onekijs/src/app/useGlobalStateModifier.ts
FN:5,(anonymous_0)
FN:8,(anonymous_1)
FNF:2
FNH:0
FNDA:0,(anonymous_0)
FNDA:0,(anonymous_1)
DA:1,0
DA:2,0
DA:3,0
DA:5,0
DA:6,0
DA:7,0
DA:9,0
DA:13,0
DA:16,0
LF:9
LH:0
BRF:0
BRH:0
end_of_record
TN:
SF:/home/onurb/workspace/oneki/onekijs/packages/onekijs/src/app/useHistory.ts
FN:6,(anonymous_0)
FN:9,(anonymous_1)
FN:13,(anonymous_2)
FN:15,(anonymous_3)
FNF:4
FNH:0
FNDA:0,(anonymous_0)
FNDA:0,(anonymous_1)
FNDA:0,(anonymous_2)
FNDA:0,(anonymous_3)
DA:1,0
DA:3,0
DA:6,0
DA:7,0
DA:8,0
DA:9,0
DA:10,0
DA:13,0
DA:14,0
DA:15,0
DA:16,0
DA:20,0
DA:23,0
LF:13
LH:0
BRF:0
BRH:0
end_of_record
TN:
SF:/home/onurb/workspace/oneki/onekijs/packages/onekijs/src/app/useLocalState.ts
FN:6,(anonymous_0)
FN:11,(anonymous_1)
FNF:2
FNH:0
FNDA:0,(anonymous_0)
FNDA:0,(anonymous_1)
DA:1,0
DA:2,0
DA:3,0
DA:6,0
DA:9,0
DA:10,0
DA:12,0
DA:16,0
LF:8
LH:0
BRF:0
BRH:0
end_of_record
TN:
SF:/home/onurb/workspace/oneki/onekijs/packages/onekijs/src/app/useLocation.ts
FN:6,(anonymous_0)
FN:10,(anonymous_1)
FN:16,(anonymous_2)
FN:18,(anonymous_3)
FNF:4
FNH:0
FNDA:0,(anonymous_0)
FNDA:0,(anonymous_1)
FNDA:0,(anonymous_2)
FNDA:0,(anonymous_3)
DA:1,0
DA:3,0
DA:6,0
DA:7,0
DA:8,0
DA:9,0
DA:11,0
DA:16,0
DA:17,0
DA:18,0
DA:19,0
DA:23,0
DA:26,0
LF:13
LH:0
BRF:0
BRH:0
end_of_record
TN:
SF:/home/onurb/workspace/oneki/onekijs/packages/onekijs/src/app/useOnekiRouter.ts
FN:5,(anonymous_0)
FNF:1
FNH:1
FNDA:275,(anonymous_0)
DA:2,14
DA:5,14
DA:6,275
DA:9,14
LF:4
LH:4
BRF:0
BRH:0
end_of_record
TN:
SF:/home/onurb/workspace/oneki/onekijs/packages/onekijs/src/app/useParams.ts
FN:7,(anonymous_0)
FN:11,(anonymous_1)
FN:17,(anonymous_2)
FN:19,(anonymous_3)
FNF:4
FNH:0
FNDA:0,(anonymous_0)
FNDA:0,(anonymous_1)
FNDA:0,(anonymous_2)
FNDA:0,(anonymous_3)
DA:1,0
DA:3,0
DA:4,0
DA:7,0
DA:8,0
DA:9,0
DA:10,0
DA:12,0
DA:17,0
DA:18,0
DA:19,0
DA:20,0
DA:23,0
DA:26,0
LF:14
LH:0
BRF:0
BRH:0
end_of_record
TN:
SF:/home/onurb/workspace/oneki/onekijs/packages/onekijs/src/app/useSetting.ts
FN:9,useSetting
FNF:1
FNH:1
FNDA:31,useSetting
DA:1,5
DA:2,5
DA:10,31
DA:11,31
DA:13,5
LF:5
LH:5
BRF:0
BRH:0
end_of_record
TN:
SF:/home/onurb/workspace/oneki/onekijs/packages/onekijs/src/app/useSettings.ts
FN:4,(anonymous_0)
FNF:1
FNH:0
FNDA:0,(anonymous_0)
DA:2,0
DA:4,0
DA:5,0
DA:8,0
LF:4
LH:0
BRF:0
BRH:0
end_of_record
TN:
SF:/home/onurb/workspace/oneki/onekijs/packages/onekijs/src/app/utils.ts
FN:24,(anonymous_0)
FN:28,(anonymous_1)
FN:34,(anonymous_2)
FN:38,(anonymous_3)
FN:39,(anonymous_4)
FN:42,(anonymous_5)
FN:43,(anonymous_6)
FN:53,(anonymous_7)
FN:65,(anonymous_8)
FN:68,(anonymous_9)
FN:75,(anonymous_10)
FN:76,(anonymous_11)
FN:87,(anonymous_12)
FN:88,(anonymous_13)
FN:98,(anonymous_14)
FN:110,asResultCallback
FN:117,(anonymous_16)
FN:122,(anonymous_17)
FN:127,(anonymous_18)
FN:133,useResultCallback
FN:136,(anonymous_20)
FN:142,useErrorCallback
FN:151,useSuccessCallback
FNF:23
FNH:17
FNDA:68,(anonymous_0)
FNDA:0,(anonymous_1)
FNDA:68,(anonymous_2)
FNDA:112,(anonymous_3)
FNDA:479,(anonymous_4)
FNDA:237,(anonymous_5)
FNDA:237,(anonymous_6)
FNDA:237,(anonymous_7)
FNDA:556,(anonymous_8)
FNDA:0,(anonymous_9)
FNDA:112,(anonymous_10)
FNDA:404,(anonymous_11)
FNDA:0,(anonymous_12)
FNDA:0,(anonymous_13)
FNDA:68,(anonymous_14)
FNDA:88,asResultCallback
FNDA:0,(anonymous_16)
FNDA:0,(anonymous_17)
FNDA:13,(anonymous_18)
FNDA:244,useResultCallback
FNDA:80,(anonymous_20)
FNDA:61,useErrorCallback
FNDA:61,useSuccessCallback
DA:1,14
DA:2,14
DA:3,14
DA:5,14
DA:7,14
DA:8,14
DA:11,14
DA:12,14
DA:21,14
DA:22,14
DA:24,14
DA:25,68
DA:26,136
DA:28,68
DA:29,68
DA:30,68
DA:31,68
DA:34,68
DA:35,68
DA:38,68
DA:39,479
DA:40,479
DA:41,479
DA:42,237
DA:43,237
DA:44,237
DA:45,237
DA:46,237
DA:47,237
DA:49,237
DA:53,237
DA:54,237
DA:56,237
DA:58,242
DA:62,68
DA:63,68
DA:65,556
DA:66,556
DA:68,68
DA:69,0
DA:70,0
DA:71,0
DA:75,68
DA:76,112
DA:77,404
DA:78,404
DA:84,112
DA:87,68
DA:88,0
DA:89,0
DA:90,0
DA:92,0
DA:95,68
DA:98,14
DA:99,68
DA:100,68
DA:101,0
DA:102,0
DA:103,0
DA:106,68
DA:107,68
DA:110,14
DA:115,88
DA:116,23
DA:117,0
DA:118,0
DA:120,23
DA:122,0
DA:123,0
DA:126,23
DA:127,23
DA:128,13
DA:134,244
DA:135,244
DA:136,244
DA:137,80
DA:139,244
DA:142,14
DA:146,61
DA:147,61
DA:148,61
DA:151,14
DA:155,61
DA:156,61
DA:157,61
LF:85
LH:71
BRDA:25,0,0,0
BRDA:25,0,1,68
BRDA:26,1,0,68
BRDA:26,1,1,0
BRDA:29,2,0,68
BRDA:29,2,1,0
BRDA:39,3,0,0
BRDA:39,3,1,479
BRDA:41,4,0,237
BRDA:41,4,1,242
BRDA:65,5,0,0
BRDA:65,5,1,556
BRDA:68,6,0,0
BRDA:68,6,1,0
BRDA:70,7,0,0
BRDA:70,7,1,0
BRDA:77,8,0,404
BRDA:77,8,1,404
BRDA:87,9,0,0
BRDA:87,9,1,0
BRDA:89,10,0,0
BRDA:89,10,1,0
BRDA:100,11,0,0
BRDA:100,11,1,68
BRDA:115,12,0,65
BRDA:115,12,1,23
BRDA:116,13,0,0
BRDA:116,13,1,23
BRDA:120,14,0,0
BRDA:120,14,1,23
BRDA:148,15,0,61
BRDA:148,15,1,10
BRDA:157,16,0,61
BRDA:157,16,1,54
BRF:34
BRH:18
end_of_record
TN:
SF:/home/onurb/workspace/oneki/onekijs/packages/onekijs/src/auth/AuthService.ts
FN:15,(anonymous_0)
FN:22,(anonymous_2)
FN:32,(anonymous_3)
FN:49,(anonymous_4)
FN:59,(anonymous_5)
FN:74,(anonymous_6)
FN:95,(anonymous_7)
FN:129,(anonymous_8)
FN:148,(anonymous_9)
FN:178,(anonymous_11)
FN:261,(anonymous_13)
FN:339,(anonymous_15)
FN:434,(anonymous_17)
FNF:13
FNH:12
FNDA:25,(anonymous_0)
FNDA:12,(anonymous_2)
FNDA:8,(anonymous_3)
FNDA:30,(anonymous_4)
FNDA:12,(anonymous_5)
FNDA:24,(anonymous_6)
FNDA:11,(anonymous_7)
FNDA:0,(anonymous_8)
FNDA:2,(anonymous_9)
FNDA:19,(anonymous_11)
FNDA:14,(anonymous_13)
FNDA:2,(anonymous_15)
FNDA:6,(anonymous_17)
DA:1,5
DA:2,5
DA:3,5
DA:4,5
DA:5,5
DA:6,5
DA:7,5
DA:8,5
DA:9,5
DA:10,5
DA:12,5
DA:15,5
DA:22,10
DA:23,12
DA:32,10
DA:33,8
DA:34,8
DA:35,8
DA:37,8
DA:39,8
DA:40,0
DA:41,0
DA:42,0
DA:43,0
DA:49,8
DA:50,30
DA:51,16
DA:53,16
DA:56,8
DA:59,2
DA:60,12
DA:62,2
DA:64,2
DA:65,6
DA:66,2
DA:67,4
DA:69,0
DA:71,0
DA:74,4
DA:75,24
DA:76,16
DA:80,4
DA:81,0
DA:82,0
DA:85,4
DA:95,10
DA:96,11
DA:97,11
DA:99,11
DA:102,2
DA:104,2
DA:106,2
DA:111,11
DA:115,11
DA:117,11
DA:119,2
DA:121,2
DA:124,9
DA:126,9
DA:127,9
DA:129,9
DA:130,0
DA:131,0
DA:148,5
DA:150,4
DA:151,4
DA:152,4
DA:153,4
DA:154,0
DA:157,0
DA:158,0
DA:160,0
DA:178,5
DA:179,19
DA:181,19
DA:182,19
DA:184,10
DA:187,9
DA:188,9
DA:189,0
DA:192,9
DA:193,9
DA:194,0
DA:197,9
DA:199,9
DA:202,10
DA:204,16
DA:205,8
DA:207,18
DA:209,0
DA:210,14
DA:214,4
DA:215,4
DA:217,0
DA:219,4
DA:223,5
DA:230,10
DA:232,10
DA:234,0
DA:236,5
DA:238,14
DA:239,0
DA:241,27
DA:242,2
DA:244,13
DA:261,5
DA:262,14
DA:264,14
DA:265,14
DA:266,14
DA:267,14
DA:269,6
DA:271,8
DA:272,8
DA:273,8
DA:275,0
DA:279,8
DA:281,8
DA:282,8
DA:283,8
DA:284,8
DA:285,12
DA:287,4
DA:292,24
DA:293,28
DA:294,20
DA:298,4
DA:299,8
DA:302,0
DA:304,4
DA:305,8
DA:306,0
DA:311,16
DA:313,0
DA:316,8
DA:318,0
DA:319,0
DA:321,0
DA:339,5
DA:340,2
DA:342,2
DA:344,2
DA:347,0
DA:350,0
DA:351,0
DA:352,0
DA:354,0
DA:356,0
DA:360,0
DA:361,0
DA:364,0
DA:369,0
DA:370,0
DA:372,0
DA:375,0
DA:380,0
DA:384,0
DA:385,0
DA:386,0
DA:388,0
DA:396,0
DA:397,0
DA:402,0
DA:403,0
DA:407,0
DA:410,0
DA:411,0
DA:413,0
DA:415,0
DA:416,0
DA:418,0
DA:434,5
DA:436,12
DA:437,0
DA:438,0
DA:440,0
DA:441,0
DA:447,0
DA:448,0
DA:450,0
DA:451,0
DA:457,0
DA:458,0
DA:463,12
DA:464,12
DA:466,10
DA:467,4
DA:469,6
DA:471,0
DA:472,0
DA:473,0
DA:475,0
DA:479,5
LF:193
LH:123
BRDA:39,0,0,0
BRDA:39,0,1,8
BRDA:41,1,0,0
BRDA:41,1,1,0
BRDA:41,2,0,0
BRDA:41,2,1,0
BRDA:50,3,0,14
BRDA:50,3,1,16
BRDA:50,4,0,30
BRDA:50,4,1,16
BRDA:50,4,2,16
BRDA:51,5,0,0
BRDA:51,5,1,16
BRDA:53,6,0,16
BRDA:53,6,1,0
BRDA:56,7,0,2
BRDA:56,7,1,6
BRDA:56,8,0,8
BRDA:56,8,1,6
BRDA:65,9,0,2
BRDA:65,9,1,4
BRDA:67,10,0,0
BRDA:67,10,1,4
BRDA:75,11,0,16
BRDA:75,11,1,8
BRDA:80,12,0,0
BRDA:80,12,1,4
BRDA:80,13,0,4
BRDA:80,13,1,0
BRDA:99,14,0,2
BRDA:99,14,1,9
BRDA:104,15,0,0
BRDA:104,15,1,2
BRDA:115,16,0,0
BRDA:115,16,1,11
BRDA:117,17,0,2
BRDA:117,17,1,9
BRDA:117,18,0,11
BRDA:117,18,1,11
BRDA:127,19,0,9
BRDA:127,19,1,0
BRDA:130,20,0,0
BRDA:130,20,1,0
BRDA:131,21,0,0
BRDA:131,21,1,0
BRDA:160,22,0,0
BRDA:153,23,0,2
BRDA:153,23,1,0
BRDA:157,24,0,0
BRDA:157,24,1,0
BRDA:223,25,0,5
BRDA:223,25,1,5
BRDA:223,25,2,13
BRDA:182,26,0,10
BRDA:182,26,1,9
BRDA:182,27,0,19
BRDA:182,27,1,9
BRDA:188,28,0,0
BRDA:188,28,1,9
BRDA:193,29,0,0
BRDA:193,29,1,9
BRDA:202,30,0,1
BRDA:202,30,1,8
BRDA:207,31,0,9
BRDA:207,31,1,0
BRDA:210,32,0,5
BRDA:210,32,1,4
BRDA:215,33,0,0
BRDA:215,33,1,4
BRDA:219,34,0,4
BRDA:219,34,1,0
BRDA:232,35,0,5
BRDA:232,35,1,0
BRDA:238,36,0,0
BRDA:238,36,1,14
BRDA:241,37,0,13
BRDA:241,37,1,1
BRDA:298,38,0,4
BRDA:298,38,1,4
BRDA:298,38,2,8
BRDA:298,38,3,0
BRDA:265,39,0,0
BRDA:265,39,1,14
BRDA:267,40,0,6
BRDA:267,40,1,8
BRDA:267,41,0,14
BRDA:267,41,1,8
BRDA:273,42,0,0
BRDA:273,42,1,8
BRDA:279,43,0,4
BRDA:279,43,1,4
BRDA:282,44,0,8
BRDA:282,44,1,8
BRDA:285,45,0,4
BRDA:285,45,1,4
BRDA:285,46,0,8
BRDA:285,46,1,4
BRDA:293,47,0,4
BRDA:293,47,1,20
BRDA:299,48,0,4
BRDA:299,48,1,0
BRDA:305,49,0,4
BRDA:305,49,1,0
BRDA:311,50,0,8
BRDA:311,50,1,0
BRDA:318,51,0,0
BRDA:318,51,1,0
BRDA:339,52,0,0
BRDA:339,52,1,2
BRDA:413,53,0,0
BRDA:413,53,1,0
BRDA:342,54,0,2
BRDA:342,54,1,0
BRDA:342,55,0,2
BRDA:342,55,1,2
BRDA:347,56,0,0
BRDA:347,56,1,0
BRDA:350,57,0,0
BRDA:350,57,1,0
BRDA:354,58,0,0
BRDA:354,58,1,0
BRDA:361,59,0,0
BRDA:361,59,1,0
BRDA:370,60,0,0
BRDA:370,60,1,0
BRDA:384,61,0,0
BRDA:384,61,1,0
BRDA:385,62,0,0
BRDA:385,62,1,0
BRDA:396,63,0,0
BRDA:396,63,1,0
BRDA:402,64,0,0
BRDA:402,64,1,0
BRDA:410,65,0,0
BRDA:410,65,1,0
BRDA:410,66,0,0
BRDA:410,66,1,0
BRDA:415,67,0,0
BRDA:415,67,1,0
BRDA:463,68,0,6
BRDA:463,68,1,6
BRDA:463,68,2,0
BRDA:436,69,0,6
BRDA:436,69,1,0
BRDA:437,70,0,0
BRDA:437,70,1,0
BRDA:440,71,0,0
BRDA:440,71,1,0
BRDA:440,72,0,0
BRDA:440,72,1,0
BRDA:447,73,0,0
BRDA:447,73,1,0
BRDA:450,74,0,0
BRDA:450,74,1,0
BRDA:450,75,0,0
BRDA:450,75,1,0
BRDA:457,76,0,0
BRDA:457,76,1,0
BRDA:466,77,0,4
BRDA:466,77,1,2
BRDA:466,78,0,6
BRDA:466,78,1,6
BRDA:471,79,0,0
BRDA:471,79,1,0
BRF:164
BRH:82
end_of_record
TN:
SF:/home/onurb/workspace/oneki/onekijs/packages/onekijs/src/auth/DefaultAuthErrorComponent.tsx
FN:6,(anonymous_0)
FN:10,(anonymous_1)
FNF:2
FNH:0
FNDA:0,(anonymous_0)
FNDA:0,(anonymous_1)
DA:1,0
DA:3,0
DA:4,0
DA:6,0
DA:7,0
DA:8,0
DA:10,0
DA:11,0
DA:12,0
DA:16,0
DA:17,0
DA:20,0
DA:23,0
LF:13
LH:0
BRDA:11,0,0,0
BRDA:11,0,1,0
BRDA:16,1,0,0
BRDA:16,1,1,0
BRF:4
BRH:0
end_of_record
TN:
SF:/home/onurb/workspace/oneki/onekijs/packages/onekijs/src/auth/LoginService.ts
FN:27,(anonymous_0)
FN:31,LoginService
FN:44,(anonymous_2)
FN:55,(anonymous_3)
FN:66,(anonymous_4)
FN:86,(anonymous_5)
FN:178,(anonymous_7)
FN:244,(anonymous_9)
FN:296,(anonymous_10)
FN:391,(anonymous_12)
FN:444,(anonymous_13)
FN:514,(anonymous_15)
FNF:12
FNH:11
FNDA:4,(anonymous_0)
FNDA:16,LoginService
FNDA:5,(anonymous_2)
FNDA:5,(anonymous_3)
FNDA:5,(anonymous_4)
FNDA:5,(anonymous_5)
FNDA:8,(anonymous_7)
FNDA:15,(anonymous_9)
FNDA:1,(anonymous_10)
FNDA:0,(anonymous_12)
FNDA:5,(anonymous_13)
FNDA:15,(anonymous_15)
DA:1,4
DA:2,4
DA:3,4
DA:4,4
DA:5,4
DA:6,4
DA:7,4
DA:8,4
DA:9,4
DA:10,4
DA:11,4
DA:13,4
DA:27,4
DA:32,16
DA:33,16
DA:34,16
DA:44,8
DA:45,5
DA:55,8
DA:56,5
DA:57,5
DA:66,8
DA:67,5
DA:68,5
DA:86,4
DA:87,5
DA:90,10
DA:93,5
DA:96,5
DA:98,10
DA:101,0
DA:104,5
DA:105,5
DA:106,5
DA:107,5
DA:108,5
DA:109,5
DA:110,5
DA:111,0
DA:113,5
DA:115,5
DA:116,0
DA:118,5
DA:125,5
DA:133,5
DA:135,8
DA:139,2
DA:140,3
DA:142,1
DA:143,2
DA:146,2
DA:149,10
DA:151,0
DA:152,0
DA:154,0
DA:155,0
DA:158,0
DA:162,0
DA:178,4
DA:179,8
DA:182,8
DA:185,8
DA:186,8
DA:187,0
DA:190,10
DA:191,6
DA:192,1
DA:194,5
DA:198,5
DA:199,5
DA:201,5
DA:202,5
DA:205,9
DA:206,1
DA:207,1
DA:208,1
DA:209,1
DA:211,4
DA:213,5
DA:214,5
DA:215,5
DA:217,5
DA:218,5
DA:220,0
DA:223,5
DA:224,5
DA:225,5
DA:226,5
DA:227,5
DA:228,5
DA:230,0
DA:233,8
DA:236,2
DA:237,2
DA:238,3
DA:244,2
DA:245,15
DA:246,15
DA:249,2
DA:251,1
DA:253,4
DA:256,0
DA:257,0
DA:258,2
DA:261,2
DA:262,2
DA:264,0
DA:267,2
DA:268,0
DA:270,4
DA:271,2
DA:274,4
DA:278,0
DA:296,4
DA:297,1
DA:300,1
DA:304,1
DA:308,1
DA:311,1
DA:314,1
DA:316,1
DA:317,1
DA:318,1
DA:319,2
DA:323,0
DA:324,1
DA:327,1
DA:328,1
DA:329,1
DA:331,1
DA:332,0
DA:335,1
DA:336,0
DA:339,1
DA:340,0
DA:346,1
DA:347,1
DA:348,1
DA:353,0
DA:356,0
DA:362,0
DA:363,0
DA:364,0
DA:366,0
DA:375,0
DA:376,0
DA:377,0
DA:381,0
DA:383,0
DA:387,0
DA:388,0
DA:391,0
DA:392,0
DA:397,0
DA:400,0
DA:403,0
DA:406,0
DA:407,0
DA:408,0
DA:409,0
DA:410,0
DA:411,0
DA:415,0
DA:417,1
DA:418,0
DA:420,2
DA:421,1
DA:424,2
DA:428,0
DA:444,4
DA:451,5
DA:454,5
DA:455,8
DA:457,4
DA:460,6
DA:463,6
DA:465,8
DA:468,2
DA:471,10
DA:472,10
DA:475,5
DA:476,5
DA:478,10
DA:480,0
DA:483,10
DA:486,0
DA:487,0
DA:488,0
DA:490,0
DA:491,0
DA:494,0
DA:498,0
DA:514,4
DA:515,15
DA:517,15
DA:520,15
DA:522,20
DA:525,6
DA:526,12
DA:528,0
DA:534,13
DA:537,0
DA:543,13
DA:544,0
DA:548,18
DA:550,16
DA:553,2
DA:554,0
DA:556,4
DA:557,2
DA:560,4
DA:564,0
DA:568,4
LF:213
LH:152
BRDA:32,0,0,16
BRDA:32,0,1,0
BRDA:149,1,0,5
BRDA:98,2,0,5
BRDA:98,2,1,0
BRDA:104,3,0,5
BRDA:104,3,1,0
BRDA:105,4,0,5
BRDA:105,4,1,0
BRDA:106,5,0,5
BRDA:106,5,1,0
BRDA:107,6,0,5
BRDA:107,6,1,0
BRDA:108,7,0,5
BRDA:108,7,1,0
BRDA:110,8,0,0
BRDA:110,8,1,5
BRDA:115,9,0,0
BRDA:115,9,1,5
BRDA:135,10,0,3
BRDA:135,10,1,2
BRDA:140,11,0,1
BRDA:140,11,1,2
BRDA:143,12,0,2
BRDA:143,12,1,0
BRDA:151,13,0,0
BRDA:151,13,1,0
BRDA:155,14,0,0
BRDA:155,14,1,0
BRDA:185,15,0,8
BRDA:185,15,1,0
BRDA:186,16,0,0
BRDA:186,16,1,8
BRDA:190,17,0,2
BRDA:190,17,1,6
BRDA:191,18,0,1
BRDA:191,18,1,5
BRDA:198,19,0,5
BRDA:198,19,1,0
BRDA:201,20,0,5
BRDA:201,20,1,0
BRDA:205,21,0,4
BRDA:205,21,1,1
BRDA:205,22,0,5
BRDA:205,22,1,4
BRDA:205,22,2,4
BRDA:213,23,0,0
BRDA:213,23,1,5
BRDA:223,24,0,0
BRDA:223,24,1,5
BRDA:223,25,0,5
BRDA:223,25,1,5
BRDA:233,26,0,3
BRDA:233,26,1,2
BRDA:238,27,0,2
BRDA:238,27,1,1
BRDA:245,28,0,13
BRDA:245,28,1,2
BRDA:253,29,0,2
BRDA:253,29,1,0
BRDA:258,30,0,2
BRDA:258,30,1,0
BRDA:261,31,0,2
BRDA:261,31,1,0
BRDA:267,32,0,0
BRDA:267,32,1,2
BRDA:271,33,0,0
BRDA:271,33,1,2
BRDA:383,34,0,0
BRDA:383,34,1,0
BRDA:316,35,0,0
BRDA:316,35,1,1
BRDA:317,36,0,1
BRDA:317,36,1,0
BRDA:318,37,0,0
BRDA:318,37,1,1
BRDA:319,38,0,1
BRDA:319,38,1,0
BRDA:324,39,0,0
BRDA:324,39,1,1
BRDA:331,40,0,0
BRDA:331,40,1,1
BRDA:335,41,0,0
BRDA:335,41,1,1
BRDA:336,42,0,0
BRDA:336,42,1,0
BRDA:336,43,0,0
BRDA:336,43,1,0
BRDA:336,44,0,0
BRDA:336,44,1,0
BRDA:336,45,0,0
BRDA:336,45,1,0
BRDA:336,46,0,0
BRDA:336,46,1,0
BRDA:339,47,0,0
BRDA:339,47,1,1
BRDA:346,48,0,1
BRDA:346,48,1,0
BRDA:347,49,0,1
BRDA:347,49,1,0
BRDA:347,50,0,1
BRDA:347,50,1,1
BRDA:359,51,0,0
BRDA:359,51,1,0
BRDA:362,52,0,0
BRDA:362,52,1,0
BRDA:363,53,0,0
BRDA:363,53,1,0
BRDA:375,54,0,0
BRDA:375,54,1,0
BRDA:388,55,0,0
BRDA:388,55,1,0
BRDA:388,56,0,0
BRDA:388,56,1,0
BRDA:397,57,0,0
BRDA:397,57,1,0
BRDA:403,58,0,0
BRDA:403,58,1,0
BRDA:403,59,0,0
BRDA:403,59,1,0
BRDA:403,59,2,0
BRDA:408,60,0,0
BRDA:408,60,1,0
BRDA:410,61,0,0
BRDA:410,61,1,0
BRDA:417,62,0,0
BRDA:417,62,1,1
BRDA:421,63,0,0
BRDA:421,63,1,1
BRDA:455,64,0,3
BRDA:455,64,1,2
BRDA:463,65,0,1
BRDA:463,65,1,4
BRDA:478,66,0,5
BRDA:478,66,1,0
BRDA:487,67,0,0
BRDA:487,67,1,0
BRDA:491,68,0,0
BRDA:491,68,1,0
BRDA:522,69,0,7
BRDA:522,69,1,6
BRDA:526,70,0,6
BRDA:526,70,1,0
BRDA:526,71,0,6
BRDA:526,71,1,0
BRDA:543,72,0,0
BRDA:543,72,1,13
BRDA:548,73,0,5
BRDA:548,73,1,8
BRDA:553,74,0,0
BRDA:553,74,1,2
BRDA:557,75,0,0
BRDA:557,75,1,2
BRF:153
BRH:71
end_of_record
TN:
SF:/home/onurb/workspace/oneki/onekijs/packages/onekijs/src/auth/LogoutService.ts
FN:15,(anonymous_0)
FN:19,LogoutService
FN:31,(anonymous_2)
FN:41,(anonymous_3)
FN:51,(anonymous_4)
FN:64,(anonymous_5)
FN:134,(anonymous_7)
FNF:7
FNH:7
FNDA:1,(anonymous_0)
FNDA:4,LogoutService
FNDA:4,(anonymous_2)
FNDA:2,(anonymous_3)
FNDA:2,(anonymous_4)
FNDA:4,(anonymous_5)
FNDA:2,(anonymous_7)
DA:1,1
DA:2,1
DA:3,1
DA:4,1
DA:5,1
DA:6,1
DA:7,1
DA:8,1
DA:9,1
DA:10,1
DA:12,1
DA:15,1
DA:20,4
DA:21,4
DA:22,4
DA:31,2
DA:32,4
DA:41,2
DA:42,2
DA:43,2
DA:51,2
DA:52,2
DA:53,2
DA:64,1
DA:65,4
DA:67,4
DA:68,8
DA:69,0
DA:73,8
DA:76,4
DA:78,8
DA:79,0
DA:83,0
DA:84,0
DA:85,0
DA:87,0
DA:88,0
DA:89,0
DA:92,0
DA:93,0
DA:94,0
DA:95,0
DA:98,0
DA:101,0
DA:104,8
DA:107,0
DA:108,4
DA:110,4
DA:111,8
DA:117,4
DA:120,4
DA:121,2
DA:124,4
DA:128,0
DA:134,1
DA:135,2
DA:138,4
DA:141,4
DA:142,4
DA:144,3
DA:146,2
DA:149,2
DA:152,0
DA:153,0
DA:155,0
DA:156,0
DA:159,0
DA:163,0
DA:167,1
LF:69
LH:47
BRDA:20,0,0,4
BRDA:20,0,1,0
BRDA:69,1,0,0
BRDA:68,2,0,4
BRDA:68,2,1,0
BRDA:78,3,0,4
BRDA:78,3,1,0
BRDA:79,4,0,0
BRDA:79,4,1,0
BRDA:85,5,0,0
BRDA:85,5,1,0
BRDA:87,6,0,0
BRDA:87,6,1,0
BRDA:89,7,0,0
BRDA:89,7,1,0
BRDA:92,8,0,0
BRDA:92,8,1,0
BRDA:94,9,0,0
BRDA:94,9,1,0
BRDA:104,10,0,4
BRDA:104,10,1,0
BRDA:108,11,0,0
BRDA:108,11,1,4
BRDA:110,12,0,4
BRDA:110,12,1,0
BRDA:121,13,0,0
BRDA:121,13,1,2
BRDA:144,14,0,1
BRDA:144,14,1,1
BRDA:152,15,0,0
BRDA:152,15,1,0
BRDA:156,16,0,0
BRDA:156,16,1,0
BRF:33
BRH:9
end_of_record
TN:
SF:/home/onurb/workspace/oneki/onekijs/packages/onekijs/src/auth/secure.tsx
FN:9,(anonymous_0)
FN:14,(anonymous_1)
FN:23,(anonymous_2)
FN:30,(anonymous_3)
FN:33,(anonymous_4)
FNF:5
FNH:0
FNDA:0,(anonymous_0)
FNDA:0,(anonymous_1)
FNDA:0,(anonymous_2)
FNDA:0,(anonymous_3)
FNDA:0,(anonymous_4)
DA:1,0
DA:2,0
DA:3,0
DA:4,0
DA:7,0
DA:9,0
DA:12,0
DA:14,0
DA:15,0
DA:16,0
DA:17,0
DA:18,0
DA:19,0
DA:20,0
DA:22,0
DA:24,0
DA:25,0
DA:30,0
DA:31,0
DA:32,0
DA:33,0
DA:37,0
DA:38,0
DA:43,0
DA:44,0
DA:45,0
DA:47,0
DA:49,0
DA:52,0
DA:54,0
DA:55,0
DA:56,0
DA:57,0
DA:59,0
DA:61,0
DA:63,0
DA:65,0
LF:37
LH:0
BRDA:12,0,0,0
BRDA:12,0,1,0
BRDA:20,1,0,0
BRDA:20,1,1,0
BRDA:31,2,0,0
BRDA:31,2,1,0
BRDA:31,3,0,0
BRDA:31,3,1,0
BRDA:31,3,2,0
BRDA:37,4,0,0
BRDA:37,4,1,0
BRDA:37,5,0,0
BRDA:37,5,1,0
BRDA:38,6,0,0
BRDA:38,6,1,0
BRDA:39,7,0,0
BRDA:39,7,1,0
BRDA:39,7,2,0
BRDA:44,8,0,0
BRDA:44,8,1,0
BRDA:45,9,0,0
BRDA:45,9,1,0
BRDA:45,10,0,0
BRDA:45,10,1,0
BRDA:54,11,0,0
BRDA:54,11,1,0
BRDA:56,12,0,0
BRDA:56,12,1,0
BRF:28
BRH:0
end_of_record
TN:
SF:/home/onurb/workspace/oneki/onekijs/packages/onekijs/src/auth/typings.ts
FN:11,(anonymous_0)
FN:16,(anonymous_1)
FN:20,(anonymous_2)
FN:24,(anonymous_3)
FN:31,(anonymous_4)
FN:40,(anonymous_5)
FN:44,(anonymous_6)
FN:50,(anonymous_7)
FNF:8
FNH:8
FNDA:5,(anonymous_0)
FNDA:5,(anonymous_1)
FNDA:5,(anonymous_2)
FNDA:5,(anonymous_3)
FNDA:5,(anonymous_4)
FNDA:5,(anonymous_5)
FNDA:5,(anonymous_6)
FNDA:5,(anonymous_7)
DA:11,5
DA:12,5
DA:13,5
DA:16,5
DA:17,5
DA:20,5
DA:21,5
DA:24,5
DA:25,5
DA:26,5
DA:27,5
DA:28,5
DA:31,5
DA:32,5
DA:33,5
DA:34,5
DA:35,5
DA:36,5
DA:37,5
DA:40,5
DA:41,5
DA:44,5
DA:45,5
DA:46,5
DA:47,5
DA:50,5
DA:51,5
DA:52,5
LF:28
LH:28
BRDA:11,0,0,5
BRDA:11,0,1,5
BRDA:16,1,0,5
BRDA:16,1,1,5
BRDA:20,2,0,5
BRDA:20,2,1,5
BRDA:24,3,0,5
BRDA:24,3,1,5
BRDA:31,4,0,5
BRDA:31,4,1,5
BRDA:40,5,0,5
BRDA:40,5,1,5
BRDA:44,6,0,5
BRDA:44,6,1,5
BRDA:50,7,0,5
BRDA:50,7,1,5
BRF:16
BRH:16
end_of_record
TN:
SF:/home/onurb/workspace/oneki/onekijs/packages/onekijs/src/auth/useAuthService.ts
FN:4,(anonymous_0)
FNF:1
FNH:1
FNDA:51,(anonymous_0)
DA:1,2
DA:2,2
DA:4,2
DA:5,51
DA:8,2
LF:5
LH:5
BRF:0
BRH:0
end_of_record
TN:
SF:/home/onurb/workspace/oneki/onekijs/packages/onekijs/src/auth/useLogin.ts
FN:11,(anonymous_0)
FN:22,(anonymous_1)
FN:36,(anonymous_2)
FN:42,(anonymous_3)
FNF:4
FNH:4
FNDA:47,(anonymous_0)
FNDA:1,(anonymous_1)
FNDA:5,(anonymous_2)
FNDA:16,(anonymous_3)
DA:3,4
DA:4,4
DA:5,4
DA:7,4
DA:8,4
DA:11,54
DA:13,47
DA:18,47
DA:21,47
DA:23,1
DA:30,47
DA:31,47
DA:32,47
DA:35,47
DA:37,5
DA:42,47
DA:43,16
DA:45,1
DA:48,15
DA:52,47
DA:56,4
DA:57,4
LF:22
LH:22
BRDA:11,0,0,0
BRDA:11,0,1,47
BRDA:11,1,0,7
BRDA:11,1,1,40
BRDA:30,2,0,47
BRDA:30,2,1,7
BRDA:43,3,0,1
BRDA:43,3,1,15
BRDA:52,4,0,47
BRDA:52,4,1,37
BRF:10
BRH:9
end_of_record
TN:
SF:/home/onurb/workspace/oneki/onekijs/packages/onekijs/src/auth/useLoginCallback.ts
FN:6,(anonymous_0)
FNF:1
FNH:1
FNDA:2,(anonymous_0)
DA:2,1
DA:6,2
DA:7,2
DA:8,2
DA:9,2
DA:12,1
DA:13,1
LF:7
LH:7
BRDA:6,0,0,0
BRDA:6,0,1,2
BRDA:6,1,0,0
BRDA:6,1,1,2
BRF:4
BRH:2
end_of_record
TN:
SF:/home/onurb/workspace/oneki/onekijs/packages/onekijs/src/auth/useLoginError.ts
FN:4,(anonymous_0)
FNF:1
FNH:0
FNDA:0,(anonymous_0)
DA:1,0
DA:4,0
DA:5,0
DA:6,0
DA:9,0
LF:5
LH:0
BRF:0
BRH:0
end_of_record
TN:
SF:/home/onurb/workspace/oneki/onekijs/packages/onekijs/src/auth/useLogout.ts
FN:9,(anonymous_0)
FN:17,(anonymous_1)
FN:29,(anonymous_2)
FNF:3
FNH:3
FNDA:14,(anonymous_0)
FNDA:1,(anonymous_1)
FNDA:4,(anonymous_2)
DA:1,1
DA:2,1
DA:3,1
DA:5,1
DA:7,1
DA:9,17
DA:10,14
DA:13,14
DA:16,14
DA:18,1
DA:25,14
DA:26,14
DA:27,14
DA:29,14
DA:30,4
DA:31,0
DA:33,4
DA:37,14
DA:41,1
DA:42,1
LF:20
LH:19
BRDA:9,0,0,3
BRDA:9,0,1,11
BRDA:25,1,0,14
BRDA:25,1,1,3
BRDA:30,2,0,0
BRDA:30,2,1,4
BRDA:37,3,0,14
BRDA:37,3,1,4
BRF:8
BRH:7
end_of_record
TN:
SF:/home/onurb/workspace/oneki/onekijs/packages/onekijs/src/auth/useLogoutCallback.ts
FN:5,(anonymous_0)
FNF:1
FNH:0
FNDA:0,(anonymous_0)
DA:3,0
DA:5,0
DA:6,0
DA:7,0
DA:10,0
DA:11,0
LF:6
LH:0
BRDA:5,0,0,0
BRDA:5,0,1,0
BRF:2
BRH:0
end_of_record
TN:
SF:/home/onurb/workspace/oneki/onekijs/packages/onekijs/src/auth/useLogoutError.ts
FN:4,(anonymous_0)
FNF:1
FNH:0
FNDA:0,(anonymous_0)
DA:1,0
DA:4,0
DA:5,0
DA:6,0
DA:9,0
LF:5
LH:0
BRF:0
BRH:0
end_of_record
TN:
SF:/home/onurb/workspace/oneki/onekijs/packages/onekijs/src/auth/useSecurityContext.ts
FN:12,useSecurityContext
FN:17,(anonymous_1)
FN:22,(anonymous_2)
FNF:3
FNH:3
FNDA:51,useSecurityContext
FNDA:21,(anonymous_1)
FNDA:1,(anonymous_2)
DA:1,2
DA:2,2
DA:3,2
DA:4,2
DA:13,51
DA:14,51
DA:15,51
DA:17,51
DA:18,21
DA:19,12
DA:21,9
DA:22,9
DA:26,51
DA:29,2
LF:14
LH:14
BRDA:18,0,0,12
BRDA:18,0,1,9
BRF:2
BRH:2
end_of_record
TN:
SF:/home/onurb/workspace/oneki/onekijs/packages/onekijs/src/auth/utils.ts
FN:14,generateCodeChallenge
FN:21,generateCodeVerifier
FN:27,generateNonce
FN:32,generateState
FN:37,getIdp
FN:47,idpForm
FN:51,external
FN:55,oidcServer
FN:59,oidcBrowser
FN:63,getIdpName
FN:72,parseJwt
FN:80,(anonymous_13)
FN:89,validateToken
FN:101,(anonymous_17)
FN:110,(anonymous_18)
FN:111,(anonymous_19)
FN:118,(anonymous_20)
FN:120,(anonymous_21)
FN:128,(anonymous_22)
FNF:19
FNH:15
FNDA:5,generateCodeChallenge
FNDA:5,generateCodeVerifier
FNDA:1,generateNonce
FNDA:5,generateState
FNDA:65,getIdp
FNDA:9,idpForm
FNDA:2,external
FNDA:8,oidcServer
FNDA:1,oidcBrowser
FNDA:47,getIdpName
FNDA:4,parseJwt
FNDA:1096,(anonymous_13)
FNDA:0,validateToken
FNDA:0,(anonymous_17)
FNDA:22,(anonymous_18)
FNDA:25,(anonymous_19)
FNDA:0,(anonymous_20)
FNDA:0,(anonymous_21)
FNDA:17,(anonymous_22)
DA:2,5
DA:4,5
DA:6,5
DA:7,5
DA:8,5
DA:9,5
DA:10,5
DA:12,5
DA:14,5
DA:15,5
DA:21,5
DA:22,5
DA:23,5
DA:24,5
DA:27,5
DA:28,1
DA:29,1
DA:32,5
DA:33,5
DA:34,5
DA:37,5
DA:38,65
DA:39,65
DA:40,65
DA:41,65
DA:42,2
DA:44,63
DA:47,5
DA:48,9
DA:51,5
DA:52,2
DA:55,5
DA:56,8
DA:59,5
DA:60,1
DA:63,5
DA:64,47
DA:72,8
DA:73,4
DA:75,4
DA:76,4
DA:77,4
DA:81,1096
DA:86,4
DA:89,5
DA:95,0
DA:96,0
DA:97,0
DA:98,0
DA:100,0
DA:101,0
DA:103,0
DA:104,0
DA:106,0
DA:107,0
DA:110,22
DA:111,25
DA:118,5
DA:119,0
DA:120,0
DA:121,0
DA:122,0
DA:125,0
DA:128,5
DA:129,17
DA:130,0
DA:132,17
LF:67
LH:51
BRDA:15,0,0,5
BRDA:39,1,0,65
BRDA:39,1,1,10
BRDA:41,2,0,2
BRDA:41,2,1,63
BRDA:65,3,0,47
BRDA:65,3,1,32
BRDA:65,3,2,32
BRDA:65,3,3,16
BRDA:72,4,0,4
BRDA:72,4,1,0
BRDA:73,5,0,0
BRDA:73,5,1,4
BRDA:100,6,0,0
BRDA:97,7,0,0
BRDA:97,7,1,0
BRDA:103,8,0,0
BRDA:103,8,1,0
BRDA:106,9,0,0
BRDA:106,9,1,0
BRDA:110,10,0,22
BRDA:110,10,1,9
BRDA:121,11,0,0
BRDA:121,11,1,0
BRDA:129,12,0,0
BRDA:129,12,1,17
BRDA:129,13,0,17
BRDA:129,13,1,5
BRF:28
BRH:16
end_of_record
TN:
SF:/home/onurb/workspace/oneki/onekijs/packages/onekijs/src/auth/__tests__/components/LoginNotificationWidget.tsx
FN:4,(anonymous_0)
FN:12,(anonymous_1)
FNF:2
FNH:2
FNDA:6,(anonymous_0)
FNDA:1,(anonymous_1)
DA:1,2
DA:2,2
DA:4,2
DA:5,6
DA:7,6
DA:12,1
DA:24,2
LF:7
LH:7
BRDA:10,0,0,6
BRDA:10,0,1,1
BRF:2
BRH:2
end_of_record
TN:
SF:/home/onurb/workspace/oneki/onekijs/packages/onekijs/src/auth/__tests__/components/LogoutNotificationWidget.tsx
FN:4,(anonymous_0)
FN:12,(anonymous_1)
FNF:2
FNH:2
FNDA:3,(anonymous_0)
FNDA:1,(anonymous_1)
DA:1,1
DA:2,1
DA:4,1
DA:5,3
DA:7,3
DA:12,1
DA:24,1
LF:7
LH:7
BRDA:10,0,0,3
BRDA:10,0,1,1
BRF:2
BRH:2
end_of_record
TN:
SF:/home/onurb/workspace/oneki/onekijs/packages/onekijs/src/auth/__tests__/components/UseLoginCallbackWidget.tsx
FN:11,(anonymous_0)
FNF:1
FNH:1
FNDA:2,(anonymous_0)
DA:1,1
DA:3,1
DA:11,2
DA:12,2
DA:14,2
DA:17,1
LF:6
LH:6
BRDA:14,0,0,2
BRDA:14,0,1,1
BRDA:14,1,0,1
BRDA:14,1,1,0
BRDA:14,2,0,0
BRDA:14,2,1,0
BRDA:14,3,0,0
BRDA:14,3,1,0
BRF:8
BRH:3
end_of_record
TN:
SF:/home/onurb/workspace/oneki/onekijs/packages/onekijs/src/auth/__tests__/components/UseLoginFormWidget.tsx
FN:14,(anonymous_0)
FNF:1
FNH:1
FNDA:31,(anonymous_0)
DA:1,1
DA:3,1
DA:4,1
DA:5,1
DA:6,1
DA:7,1
DA:14,31
DA:15,31
DA:16,31
DA:17,31
DA:24,31
DA:43,1
LF:12
LH:12
BRDA:26,0,0,31
BRDA:26,0,1,0
BRDA:26,1,0,0
BRDA:26,1,1,0
BRF:4
BRH:1
end_of_record
TN:
SF:/home/onurb/workspace/oneki/onekijs/packages/onekijs/src/auth/__tests__/components/UseLoginWidget.tsx
FN:10,(anonymous_0)
FNF:1
FNH:1
FNDA:14,(anonymous_0)
DA:1,2
DA:3,2
DA:10,14
DA:11,14
DA:13,14
DA:16,2
LF:6
LH:6
BRDA:13,0,0,14
BRDA:13,0,1,4
BRDA:13,1,0,4
BRDA:13,1,1,0
BRDA:13,2,0,0
BRDA:13,2,1,0
BRDA:13,3,0,0
BRDA:13,3,1,0
BRF:8
BRH:3
end_of_record
TN:
SF:/home/onurb/workspace/oneki/onekijs/packages/onekijs/src/auth/__tests__/components/UseLogoutWidget.tsx
FN:11,(anonymous_0)
FN:23,(anonymous_1)
FNF:2
FNH:2
FNDA:20,(anonymous_0)
FNDA:14,(anonymous_1)
DA:1,1
DA:3,1
DA:4,1
DA:11,20
DA:12,20
DA:13,20
DA:14,20
DA:15,20
DA:23,14
DA:24,14
DA:26,14
DA:29,1
LF:12
LH:12
BRDA:14,0,0,8
BRDA:14,0,1,12
BRDA:18,1,0,20
BRDA:18,1,1,12
BRDA:26,2,0,14
BRDA:26,2,1,2
BRDA:26,3,0,2
BRDA:26,3,1,0
BRDA:26,4,0,0
BRDA:26,4,1,0
BRDA:26,5,0,0
BRDA:26,5,1,0
BRF:12
BRH:7
end_of_record
TN:
SF:/home/onurb/workspace/oneki/onekijs/packages/onekijs/src/core/AppService.ts
FN:5,(anonymous_0)
FNF:1
FNH:1
FNDA:151,(anonymous_0)
DA:2,14
DA:5,137
DA:7,137
DA:8,14
LF:4
LH:4
BRDA:5,0,0,137
BRDA:5,0,1,137
BRDA:5,0,2,137
BRF:3
BRH:3
end_of_record
TN:
SF:/home/onurb/workspace/oneki/onekijs/packages/onekijs/src/core/BasicError.ts
FN:3,(anonymous_0)
FN:6,BasicError
FNF:2
FNH:2
FNDA:14,(anonymous_0)
FNDA:29,BasicError
DA:3,14
DA:6,34
DA:7,29
DA:8,29
DA:9,29
DA:11,14
LF:6
LH:6
BRDA:6,0,0,5
BRDA:6,0,1,24
BRDA:7,1,0,29
BRDA:7,1,1,0
BRDA:8,2,0,29
BRDA:8,2,1,4
BRF:6
BRH:5
end_of_record
TN:
SF:/home/onurb/workspace/oneki/onekijs/packages/onekijs/src/core/Container.ts
FN:11,(anonymous_0)
FN:20,Container
FN:25,(anonymous_2)
FN:32,(anonymous_3)
FN:36,(anonymous_4)
FN:42,(anonymous_5)
FN:59,(anonymous_6)
FN:77,(anonymous_7)
FNF:8
FNH:7
FNDA:14,(anonymous_0)
FNDA:82,Container
FNDA:0,(anonymous_2)
FNDA:137,(anonymous_3)
FNDA:186,(anonymous_4)
FNDA:64,(anonymous_5)
FNDA:1550,(anonymous_6)
FNDA:137,(anonymous_7)
DA:1,14
DA:3,14
DA:4,14
DA:5,14
DA:6,14
DA:7,14
DA:9,14
DA:11,14
DA:21,82
DA:22,82
DA:25,14
DA:26,0
DA:27,0
DA:28,0
DA:32,14
DA:33,137
DA:36,186
DA:37,186
DA:38,186
DA:39,49
DA:41,137
DA:42,137
DA:43,64
DA:44,0
DA:46,64
DA:49,137
DA:50,137
DA:51,137
DA:59,137
DA:60,1550
DA:61,0
DA:62,0
DA:66,137
DA:68,137
DA:70,137
DA:71,92
DA:72,92
DA:73,92
DA:77,137
DA:79,137
DA:80,137
DA:81,112
DA:83,137
DA:85,14
LF:44
LH:38
BRDA:25,0,0,0
BRDA:25,0,1,0
BRDA:27,1,0,0
BRDA:27,1,1,0
BRDA:27,2,0,0
BRDA:27,2,1,0
BRDA:33,3,0,137
BRDA:33,3,1,137
BRDA:38,4,0,49
BRDA:38,4,1,137
BRDA:41,5,0,137
BRDA:41,5,1,88
BRDA:43,6,0,0
BRDA:43,6,1,64
BRDA:46,7,0,64
BRDA:46,7,1,60
BRDA:60,8,0,0
BRDA:60,8,1,1550
BRDA:60,9,0,1550
BRDA:60,9,1,1413
BRDA:70,10,0,92
BRDA:70,10,1,45
BRDA:80,11,0,112
BRDA:80,11,1,25
BRF:24
BRH:16
end_of_record
TN:
SF:/home/onurb/workspace/oneki/onekijs/packages/onekijs/src/core/ContainerContext.ts
FNF:0
FNH:0
DA:1,14
DA:2,14
DA:4,14
DA:5,14
LF:4
LH:4
BRF:0
BRH:0
end_of_record
TN:
SF:/home/onurb/workspace/oneki/onekijs/packages/onekijs/src/core/GlobalService.ts
FN:5,(anonymous_0)
FN:6,(anonymous_2)
FN:9,(anonymous_3)
FN:14,(anonymous_4)
FN:17,(anonymous_5)
FNF:5
FNH:3
FNDA:126,(anonymous_0)
FNDA:112,(anonymous_2)
FNDA:556,(anonymous_3)
FNDA:0,(anonymous_4)
FNDA:0,(anonymous_5)
DA:1,14
DA:2,14
DA:3,14
DA:5,14
DA:6,112
DA:7,112
DA:8,112
DA:9,112
DA:10,556
DA:14,14
DA:15,0
DA:16,0
DA:17,0
DA:18,0
DA:21,14
LF:15
LH:11
BRF:0
BRH:0
end_of_record
TN:
SF:/home/onurb/workspace/oneki/onekijs/packages/onekijs/src/core/HTTPError.ts
FN:71,(anonymous_0)
FN:72,HTTPError
FNF:2
FNH:2
FNDA:11,(anonymous_0)
FNDA:24,HTTPError
DA:2,11
DA:5,11
DA:71,11
DA:72,34
DA:73,24
DA:75,11
LF:6
LH:6
BRDA:72,0,0,10
BRDA:72,0,1,14
BRDA:73,1,0,24
BRDA:73,1,1,0
BRDA:73,2,0,24
BRDA:73,2,1,10
BRDA:73,2,2,0
BRF:7
BRH:5
end_of_record
TN:
SF:/home/onurb/workspace/oneki/onekijs/packages/onekijs/src/core/LocalService.ts
FN:5,(anonymous_0)
FNF:1
FNH:1
FNDA:30,(anonymous_0)
DA:2,5
DA:5,25
DA:7,25
DA:8,5
LF:4
LH:4
BRDA:5,0,0,25
BRDA:5,0,1,25
BRDA:5,0,2,0
BRF:3
BRH:2
end_of_record
TN:
SF:/home/onurb/workspace/oneki/onekijs/packages/onekijs/src/core/Service.ts
FN:20,(anonymous_0)
FN:24,(anonymous_1)
FN:31,(anonymous_2)
FN:32,(anonymous_3)
FN:48,(anonymous_4)
FN:59,Service
FN:65,(anonymous_6)
FN:79,(anonymous_7)
FN:89,(anonymous_8)
FN:100,(anonymous_9)
FN:112,(anonymous_10)
FN:119,wrapper
FN:137,(anonymous_13)
FN:141,(anonymous_15)
FN:146,(anonymous_17)
FN:158,(anonymous_19)
FN:163,(anonymous_21)
FN:164,(anonymous_22)
FN:167,(anonymous_23)
FN:182,(anonymous_24)
FN:183,(anonymous_25)
FNF:21
FNH:17
FNDA:1590,(anonymous_0)
FNDA:15,(anonymous_1)
FNDA:183,(anonymous_2)
FNDA:183,(anonymous_3)
FNDA:14,(anonymous_4)
FNDA:155,Service
FNDA:3522,(anonymous_6)
FNDA:4261,(anonymous_7)
FNDA:540,(anonymous_8)
FNDA:316,(anonymous_9)
FNDA:767,(anonymous_10)
FNDA:179,wrapper
FNDA:0,(anonymous_13)
FNDA:0,(anonymous_15)
FNDA:767,(anonymous_17)
FNDA:42,(anonymous_19)
FNDA:43,(anonymous_21)
FNDA:64,(anonymous_22)
FNDA:64,(anonymous_23)
FNDA:0,(anonymous_24)
FNDA:0,(anonymous_25)
DA:1,14
DA:2,14
DA:3,14
DA:4,14
DA:5,14
DA:7,14
DA:8,14
DA:9,14
DA:10,14
DA:11,14
DA:12,14
DA:13,14
DA:14,14
DA:15,14
DA:16,14
DA:17,14
DA:19,14
DA:21,1590
DA:22,1590
DA:23,248
DA:24,45
DA:25,15
DA:30,208
DA:31,674
DA:32,183
DA:33,183
DA:43,1342
DA:48,14
DA:56,155
DA:59,155
DA:60,155
DA:61,155
DA:62,155
DA:63,155
DA:65,155
DA:66,3522
DA:67,540
DA:68,2982
DA:69,767
DA:73,155
DA:75,155
DA:76,155
DA:77,894
DA:79,894
DA:80,4261
DA:81,3522
DA:83,4261
DA:85,894
DA:89,14
DA:91,540
DA:92,540
DA:93,540
DA:94,540
DA:95,540
DA:100,997
DA:101,316
DA:103,286
DA:108,30
DA:112,14
DA:114,767
DA:115,767
DA:116,767
DA:117,767
DA:119,767
DA:121,179
DA:122,164
DA:123,164
DA:125,164
DA:127,13
DA:128,13
DA:130,0
DA:135,767
DA:136,0
DA:137,0
DA:138,0
DA:141,0
DA:142,0
DA:146,767
DA:147,944
DA:148,944
DA:149,356
DA:153,767
DA:157,767
DA:158,767
DA:159,84
DA:163,43
DA:164,43
DA:165,64
DA:166,64
DA:167,64
DA:168,64
DA:169,64
DA:171,64
DA:174,64
DA:175,64
DA:177,64
DA:182,14
DA:183,0
DA:185,14
LF:99
LH:92
BRDA:22,0,0,248
BRDA:22,0,1,1342
BRDA:23,1,0,40
BRDA:23,1,1,208
BRDA:30,2,0,208
BRDA:30,2,1,0
BRDA:66,3,0,540
BRDA:66,3,1,2982
BRDA:66,4,0,3522
BRDA:66,4,1,3367
BRDA:68,5,0,767
BRDA:68,5,1,2215
BRDA:68,6,0,2982
BRDA:68,6,1,2827
BRDA:80,7,0,3522
BRDA:80,7,1,739
BRDA:80,8,0,4261
BRDA:80,8,1,4106
BRDA:92,9,0,504
BRDA:92,9,1,36
BRDA:93,10,0,540
BRDA:93,10,1,0
BRDA:101,11,0,286
BRDA:101,11,1,30
BRDA:115,12,0,659
BRDA:115,12,1,108
BRDA:122,13,0,164
BRDA:122,13,1,0
BRDA:127,14,0,13
BRDA:127,14,1,0
BRDA:135,15,0,0
BRDA:135,15,1,767
BRDA:136,16,0,0
BRDA:136,16,1,0
BRDA:138,17,0,0
BRDA:142,18,0,0
BRDA:147,19,0,0
BRDA:147,19,1,944
BRDA:159,20,0,42
BRDA:169,21,0,64
BRDA:169,21,1,0
BRF:41
BRH:30
end_of_record
TN:
SF:/home/onurb/workspace/oneki/onekijs/packages/onekijs/src/core/annotations.ts
FN:14,(anonymous_0)
FN:25,(anonymous_1)
FN:30,(anonymous_2)
FN:37,reducer
FN:42,(anonymous_4)
FN:48,(anonymous_5)
FN:53,(anonymous_6)
FN:60,(anonymous_7)
FN:67,(anonymous_8)
FN:74,(anonymous_9)
FN:82,(anonymous_10)
FN:99,saga
FN:101,(anonymous_12)
FNF:13
FNH:5
FNDA:26,(anonymous_0)
FNDA:0,(anonymous_1)
FNDA:0,(anonymous_2)
FNDA:107,reducer
FNDA:26,(anonymous_4)
FNDA:0,(anonymous_5)
FNDA:0,(anonymous_6)
FNDA:0,(anonymous_7)
FNDA:0,(anonymous_8)
FNDA:0,(anonymous_9)
FNDA:0,(anonymous_10)
FNDA:166,saga
FNDA:166,(anonymous_12)
DA:1,14
DA:2,14
DA:3,14
DA:10,14
DA:12,14
DA:13,14
DA:14,14
DA:15,26
DA:16,0
DA:17,26
DA:18,0
DA:20,26
DA:22,26
DA:25,14
DA:26,0
DA:27,0
DA:30,14
DA:31,0
DA:37,14
DA:38,107
DA:42,14
DA:43,26
DA:44,26
DA:48,14
DA:49,0
DA:50,0
DA:53,14
DA:54,0
DA:57,0
DA:60,14
DA:61,0
DA:64,0
DA:67,14
DA:68,0
DA:71,0
DA:74,14
DA:75,0
DA:79,0
DA:82,14
DA:83,0
DA:88,0
DA:91,14
DA:99,14
DA:101,166
DA:102,166
LF:45
LH:28
BRDA:15,0,0,0
BRDA:15,0,1,26
BRDA:17,1,0,0
BRDA:17,1,1,26
BRDA:43,2,0,26
BRDA:43,2,1,0
BRDA:103,3,0,166
BRDA:103,3,1,0
BRF:8
BRH:4
end_of_record
TN:
SF:/home/onurb/workspace/oneki/onekijs/packages/onekijs/src/core/typings.ts
FN:28,(anonymous_0)
FNF:1
FNH:1
FNDA:14,(anonymous_0)
DA:5,14
DA:6,14
DA:28,14
DA:29,14
DA:30,14
DA:31,14
DA:32,14
DA:33,14
DA:34,14
LF:9
LH:9
BRDA:28,0,0,14
BRDA:28,0,1,14
BRF:2
BRH:2
end_of_record
TN:
SF:/home/onurb/workspace/oneki/onekijs/packages/onekijs/src/core/useAppService.ts
FN:8,(anonymous_0)
FN:11,(anonymous_1)
FNF:2
FNH:2
FNDA:433,(anonymous_0)
FNDA:126,(anonymous_1)
DA:1,14
DA:2,14
DA:5,14
DA:6,14
DA:8,14
DA:9,433
DA:10,433
DA:11,433
DA:12,126
DA:13,126
DA:16,433
DA:19,14
LF:12
LH:12
BRF:0
BRH:0
end_of_record
TN:
SF:/home/onurb/workspace/oneki/onekijs/packages/onekijs/src/core/useContainer.ts
FN:5,(anonymous_0)
FNF:1
FNH:1
FNDA:433,(anonymous_0)
DA:1,14
DA:2,14
DA:5,14
DA:6,433
DA:9,14
LF:5
LH:5
BRF:0
BRH:0
end_of_record
TN:
SF:/home/onurb/workspace/oneki/onekijs/packages/onekijs/src/core/useGlobalService.ts
FN:6,(anonymous_0)
FNF:1
FNH:1
FNDA:341,(anonymous_0)
DA:1,14
DA:4,14
DA:6,14
DA:7,341
DA:8,341
DA:9,341
DA:12,14
DA:13,14
LF:8
LH:8
BRF:0
BRH:0
end_of_record
TN:
SF:/home/onurb/workspace/oneki/onekijs/packages/onekijs/src/core/useIsomorphicLayoutEffect.ts
FNF:0
FNH:0
DA:1,0
DA:4,0
LF:2
LH:0
BRDA:8,0,0,0
BRDA:8,0,1,0
BRDA:5,1,0,0
BRDA:5,1,1,0
BRDA:5,1,2,0
BRF:5
BRH:0
end_of_record
TN:
SF:/home/onurb/workspace/oneki/onekijs/packages/onekijs/src/core/useLazyRef.ts
FN:4,(anonymous_0)
FN:7,(anonymous_1)
FNF:2
FNH:2
FNDA:1109,(anonymous_0)
FNDA:1109,(anonymous_1)
DA:1,14
DA:2,14
DA:4,14
DA:5,1109
DA:7,1109
DA:8,1109
DA:9,485
DA:13,1109
DA:15,1109
DA:18,14
LF:10
LH:10
BRDA:8,0,0,485
BRDA:8,0,1,624
BRDA:9,1,0,447
BRDA:9,1,1,38
BRF:4
BRH:4
end_of_record
TN:
SF:/home/onurb/workspace/oneki/onekijs/packages/onekijs/src/core/useLocalReducer.ts
FN:6,(anonymous_0)
FN:12,(anonymous_1)
FN:23,(anonymous_2)
FN:25,(anonymous_3)
FN:27,(anonymous_4)
FN:30,(anonymous_5)
FNF:6
FNH:5
FNDA:123,(anonymous_0)
FNDA:117,(anonymous_1)
FNDA:0,(anonymous_2)
FNDA:43,(anonymous_3)
FNDA:211,(anonymous_4)
FNDA:43,(anonymous_5)
DA:1,10
DA:2,10
DA:3,10
DA:6,10
DA:7,123
DA:8,123
DA:9,123
DA:10,123
DA:11,123
DA:13,117
DA:14,64
DA:16,53
DA:21,123
DA:23,123
DA:25,123
DA:26,43
DA:27,43
DA:28,211
DA:30,43
DA:31,211
DA:32,211
DA:37,123
DA:40,10
LF:23
LH:23
BRDA:13,0,0,64
BRDA:13,0,1,53
BRF:2
BRH:2
end_of_record
TN:
SF:/home/onurb/workspace/oneki/onekijs/packages/onekijs/src/core/useLocalService.ts
FN:7,(anonymous_0)
FNF:1
FNH:1
FNDA:92,(anonymous_0)
DA:3,5
DA:4,5
DA:5,5
DA:7,5
DA:11,92
DA:12,92
DA:13,92
DA:16,5
LF:8
LH:8
BRF:0
BRH:0
end_of_record
TN:
SF:/home/onurb/workspace/oneki/onekijs/packages/onekijs/src/core/useService.ts
FN:9,(anonymous_0)
FN:11,(anonymous_1)
FN:21,(anonymous_2)
FNF:3
FNH:3
FNDA:31,(anonymous_0)
FNDA:18,(anonymous_1)
FNDA:18,(anonymous_2)
DA:1,5
DA:2,5
DA:4,5
DA:5,5
DA:6,5
DA:7,5
DA:9,5
DA:10,31
DA:11,31
DA:12,18
DA:13,18
DA:14,18
DA:15,18
DA:16,0
DA:17,0
DA:18,0
DA:21,18
DA:22,18
DA:25,31
DA:28,5
LF:20
LH:17
BRDA:15,0,0,0
BRDA:15,0,1,18
BRF:2
BRH:1
end_of_record
TN:
SF:/home/onurb/workspace/oneki/onekijs/packages/onekijs/src/core/utils/async.ts
FN:4,delayLoading
FNF:1
FNH:0
FNDA:0,delayLoading
DA:1,0
DA:4,0
DA:5,0
DA:6,0
LF:4
LH:0
BRDA:5,0,0,0
BRF:1
BRH:0
end_of_record
TN:
SF:/home/onurb/workspace/oneki/onekijs/packages/onekijs/src/core/utils/browser.ts
FN:1,isMobile
FN:13,isBrowser
FNF:2
FNH:1
FNDA:0,isMobile
FNDA:68,isBrowser
DA:1,14
DA:2,0
DA:13,14
DA:14,68
LF:4
LH:3
BRDA:3,0,0,0
BRDA:3,0,1,0
BRDA:3,0,2,0
BRDA:3,0,3,0
BRDA:3,0,4,0
BRDA:3,0,5,0
BRDA:3,0,6,0
BRF:7
BRH:0
end_of_record
TN:
SF:/home/onurb/workspace/oneki/onekijs/packages/onekijs/src/core/utils/crypt.ts
FN:12,getDerivation
FN:29,getKey
FN:43,encryptText
FN:50,decryptText
FN:61,encrypt
FN:76,(anonymous_15)
FN:80,decrypt
FN:92,(anonymous_19)
FN:103,sha256
FN:107,(anonymous_23)
FN:111,verify
FNF:11
FNH:2
FNDA:0,getDerivation
FNDA:0,getKey
FNDA:0,encryptText
FNDA:0,decryptText
FNDA:0,encrypt
FNDA:0,(anonymous_15)
FNDA:0,decrypt
FNDA:0,(anonymous_19)
FNDA:12,sha256
FNDA:384,(anonymous_23)
FNDA:0,verify
DA:1,5
DA:2,5
DA:3,5
DA:6,5
DA:7,5
DA:8,5
DA:9,5
DA:19,0
DA:20,0
DA:21,0
DA:23,0
DA:24,0
DA:25,0
DA:26,0
DA:30,0
DA:31,0
DA:32,0
DA:33,0
DA:37,0
DA:44,0
DA:45,0
DA:46,0
DA:47,0
DA:51,0
DA:52,0
DA:57,0
DA:61,5
DA:62,0
DA:63,0
DA:64,0
DA:67,0
DA:68,0
DA:69,0
DA:70,0
DA:72,0
DA:73,0
DA:74,0
DA:75,0
DA:76,0
DA:77,0
DA:80,5
DA:81,0
DA:82,0
DA:83,0
DA:84,0
DA:86,0
DA:87,0
DA:89,0
DA:90,0
DA:91,0
DA:92,0
DA:93,0
DA:94,0
DA:95,0
DA:96,0
DA:99,0
DA:103,5
DA:104,12
DA:105,12
DA:106,12
DA:107,384
DA:108,12
DA:111,5
DA:124,0
DA:126,0
DA:127,0
DA:129,0
DA:130,0
DA:132,0
DA:133,0
DA:135,0
DA:136,0
DA:138,0
DA:139,0
DA:141,0
DA:142,0
DA:144,0
DA:145,0
DA:147,0
DA:148,0
DA:150,0
DA:151,0
DA:153,0
DA:154,0
DA:156,0
DA:157,0
DA:159,0
DA:160,0
DA:162,0
DA:163,0
DA:165,0
DA:166,0
DA:168,0
DA:169,0
DA:172,0
DA:173,0
DA:174,0
DA:175,0
DA:182,0
LF:99
LH:16
BRDA:62,0,0,0
BRDA:62,0,1,0
BRDA:63,1,0,0
BRDA:63,1,1,0
BRDA:64,2,0,0
BRDA:64,2,1,0
BRDA:64,2,2,0
BRDA:67,3,0,0
BRDA:67,3,1,0
BRDA:99,4,0,0
BRDA:81,5,0,0
BRDA:81,5,1,0
BRDA:82,6,0,0
BRDA:82,6,1,0
BRDA:83,7,0,0
BRDA:83,7,1,0
BRDA:86,8,0,0
BRDA:86,8,1,0
BRDA:86,9,0,0
BRDA:86,9,1,0
BRDA:87,10,0,0
BRDA:87,10,1,0
BRDA:91,11,0,0
BRDA:91,11,1,0
BRDA:175,12,0,0
BRDA:125,13,0,0
BRDA:125,13,1,0
BRDA:125,13,2,0
BRDA:125,13,3,0
BRDA:125,13,4,0
BRDA:125,13,5,0
BRDA:125,13,6,0
BRDA:125,13,7,0
BRDA:125,13,8,0
BRDA:125,13,9,0
BRDA:125,13,10,0
BRDA:125,13,11,0
BRDA:125,13,12,0
BRDA:125,13,13,0
BRDA:125,13,14,0
BRF:40
BRH:0
end_of_record
TN:
SF:/home/onurb/workspace/oneki/onekijs/packages/onekijs/src/core/utils/jsx.ts
FN:6,(anonymous_0)
FN:19,(anonymous_1)
FN:60,(anonymous_2)
FN:62,(anonymous_3)
FNF:4
FNH:4
FNDA:3446,(anonymous_0)
FNDA:2606,(anonymous_1)
FNDA:2640,(anonymous_2)
FNDA:7200,(anonymous_3)
DA:1,14
DA:2,14
DA:3,14
DA:6,14
DA:7,3446
DA:8,3446
DA:9,1632
DA:10,1632
DA:12,1632
DA:13,1632
DA:14,1632
DA:16,1814
DA:19,14
DA:21,2606
DA:22,5212
DA:29,2606
DA:30,2606
DA:31,2606
DA:32,3446
DA:33,3446
DA:34,1814
DA:35,1814
DA:36,1814
DA:38,1814
DA:41,1632
DA:42,1248
DA:45,1632
DA:46,1632
DA:47,1632
DA:49,1632
DA:50,1632
DA:51,840
DA:57,2606
DA:60,3648
DA:61,2640
DA:62,2640
DA:63,7200
DA:64,2784
DA:65,1632
DA:66,1632
DA:67,1632
DA:68,1632
DA:69,1632
DA:71,1152
DA:72,1152
DA:75,2640
LF:46
LH:46
BRDA:8,0,0,1632
BRDA:8,0,1,1814
BRDA:21,1,0,0
BRDA:21,1,1,2606
BRDA:22,2,0,2606
BRDA:22,2,1,0
BRDA:33,3,0,1814
BRDA:33,3,1,1632
BRDA:35,4,0,1814
BRDA:35,4,1,0
BRDA:41,5,0,1248
BRDA:41,5,1,384
BRDA:41,6,0,1632
BRDA:41,6,1,1632
BRDA:50,7,0,792
BRDA:50,7,1,840
BRDA:51,8,0,0
BRDA:51,8,1,840
BRDA:60,9,0,0
BRDA:60,9,1,2640
BRDA:60,10,0,1008
BRDA:60,10,1,1632
BRDA:63,11,0,4416
BRDA:63,11,1,2784
BRDA:64,12,0,1632
BRDA:64,12,1,1152
BRF:26
BRH:21
end_of_record
TN:
SF:/home/onurb/workspace/oneki/onekijs/packages/onekijs/src/core/utils/layout.tsx
FN:8,(anonymous_0)
FN:9,(anonymous_1)
FN:20,(anonymous_2)
FNF:3
FNH:0
FNDA:0,(anonymous_0)
FNDA:0,(anonymous_1)
FNDA:0,(anonymous_2)
DA:1,0
DA:8,0
DA:9,0
DA:10,0
DA:11,0
DA:13,0
DA:16,0
DA:17,0
DA:20,0
DA:21,0
DA:22,0
DA:24,0
LF:12
LH:0
BRDA:10,0,0,0
BRDA:10,0,1,0
BRDA:21,1,0,0
BRDA:21,1,1,0
BRDA:21,2,0,0
BRDA:21,2,1,0
BRF:6
BRH:0
end_of_record
TN:
SF:/home/onurb/workspace/oneki/onekijs/packages/onekijs/src/core/utils/object.ts
FN:5,isNull
FN:10,isNullOrEmpty
FN:15,or
FN:20,deepFreeze
FN:36,isObject
FN:42,simpleMergeDeep
FN:44,(anonymous_6)
FN:60,clone
FN:69,(anonymous_8)
FN:78,(anonymous_9)
FN:115,del
FN:128,find
FN:172,get
FN:188,append
FN:189,(anonymous_14)
FN:201,set
FN:214,update
FN:230,is
FN:253,shallowEqual
FN:279,useShallowEqual
FN:290,(anonymous_20)
FN:298,(anonymous_21)
FN:299,(anonymous_22)
FN:300,(anonymous_23)
FN:305,(anonymous_24)
FN:307,(anonymous_25)
FN:311,(anonymous_26)
FN:315,(anonymous_27)
FN:322,(anonymous_28)
FN:324,(anonymous_29)
FN:329,(anonymous_30)
FN:335,(anonymous_31)
FN:341,(anonymous_32)
FNF:33
FNH:19
FNDA:14518,isNull
FNDA:15,isNullOrEmpty
FNDA:0,or
FNDA:0,deepFreeze
FNDA:825,isObject
FNDA:142,simpleMergeDeep
FNDA:470,(anonymous_6)
FNDA:2176,clone
FNDA:5508,(anonymous_8)
FNDA:0,(anonymous_9)
FNDA:2,del
FNDA:4666,find
FNDA:3171,get
FNDA:87,append
FNDA:87,(anonymous_14)
FNDA:1406,set
FNDA:87,update
FNDA:0,is
FNDA:0,shallowEqual
FNDA:0,useShallowEqual
FNDA:0,(anonymous_20)
FNDA:0,(anonymous_21)
FNDA:0,(anonymous_22)
FNDA:0,(anonymous_23)
FNDA:484,(anonymous_24)
FNDA:648,(anonymous_25)
FNDA:480,(anonymous_26)
FNDA:644,(anonymous_27)
FNDA:0,(anonymous_28)
FNDA:0,(anonymous_29)
FNDA:0,(anonymous_30)
FNDA:0,(anonymous_31)
FNDA:4261,(anonymous_32)
DA:1,14
DA:5,14
DA:6,14518
DA:10,14
DA:11,15
DA:15,14
DA:16,0
DA:20,14
DA:22,0
DA:25,0
DA:26,0
DA:28,0
DA:31,0
DA:36,14
DA:37,825
DA:42,14
DA:43,142
DA:44,142
DA:45,470
DA:46,74
DA:47,23
DA:49,74
DA:51,396
DA:55,142
DA:60,14
DA:61,2176
DA:62,340
DA:65,1836
DA:69,1836
DA:70,5508
DA:71,0
DA:75,1836
DA:76,1836
DA:77,68
DA:78,68
DA:79,0
DA:81,1768
DA:83,680
DA:84,0
DA:85,680
DA:87,680
DA:88,0
DA:91,680
DA:92,680
DA:93,2108
DA:99,0
DA:101,0
DA:103,0
DA:107,1088
DA:111,1836
DA:115,14
DA:116,2
DA:117,2
DA:118,2
DA:119,0
DA:121,2
DA:124,2
DA:128,7839
DA:129,4666
DA:130,0
DA:132,4666
DA:133,28
DA:135,4638
DA:136,0
DA:138,4638
DA:139,4638
DA:140,5426
DA:141,5426
DA:142,5426
DA:143,5426
DA:144,2134
DA:145,724
DA:146,0
DA:148,724
DA:151,1410
DA:155,0
DA:157,4016
DA:158,4016
DA:159,0
DA:162,3228
DA:163,3228
DA:172,14
DA:173,3171
DA:174,0
DA:176,3171
DA:177,3171
DA:178,3171
DA:179,1882
DA:181,1289
DA:183,0
DA:188,14
DA:189,87
DA:190,87
DA:191,61
DA:193,26
DA:194,26
DA:196,26
DA:201,2792
DA:202,1406
DA:203,0
DA:205,1406
DA:206,1406
DA:207,1406
DA:208,1406
DA:211,1406
DA:214,14
DA:215,87
DA:216,87
DA:217,87
DA:218,87
DA:232,0
DA:236,0
DA:240,0
DA:253,14
DA:254,0
DA:255,0
DA:258,0
DA:259,0
DA:262,0
DA:263,0
DA:265,0
DA:266,0
DA:270,0
DA:271,0
DA:272,0
DA:276,0
DA:279,14
DA:280,0
DA:281,0
DA:282,0
DA:284,0
DA:287,0
DA:290,14
DA:298,0
DA:299,0
DA:300,0
DA:301,0
DA:305,14
DA:306,484
DA:307,648
DA:308,484
DA:311,14
DA:312,480
DA:313,480
DA:316,644
DA:318,480
DA:322,14
DA:323,0
DA:324,0
DA:325,0
DA:329,14
DA:330,0
DA:331,0
DA:335,14
DA:336,0
DA:337,0
DA:341,14
DA:342,4261
DA:343,4261
LF:159
LH:106
BRDA:6,0,0,14518
BRDA:6,0,1,12990
BRDA:11,1,0,15
BRDA:11,1,1,15
BRDA:11,1,2,15
BRDA:16,2,0,0
BRDA:16,2,1,0
BRDA:28,3,0,0
BRDA:28,3,1,0
BRDA:28,4,0,0
BRDA:28,4,1,0
BRDA:37,5,0,825
BRDA:37,5,1,763
BRDA:37,5,2,433
BRDA:37,5,3,409
BRDA:43,6,0,142
BRDA:43,6,1,0
BRDA:43,7,0,142
BRDA:43,7,1,142
BRDA:45,8,0,74
BRDA:45,8,1,396
BRDA:46,9,0,23
BRDA:46,9,1,51
BRDA:46,10,0,74
BRDA:46,10,1,51
BRDA:61,11,0,340
BRDA:61,11,1,1836
BRDA:70,12,0,0
BRDA:70,12,1,5508
BRDA:75,13,0,1836
BRDA:75,13,1,0
BRDA:76,14,0,68
BRDA:76,14,1,1768
BRDA:81,15,0,680
BRDA:81,15,1,1088
BRDA:83,16,0,0
BRDA:83,16,1,680
BRDA:83,17,0,680
BRDA:83,17,1,0
BRDA:85,18,0,680
BRDA:85,18,1,0
BRDA:87,19,0,0
BRDA:87,19,1,680
BRDA:99,20,0,0
BRDA:99,20,1,0
BRDA:99,21,0,0
BRDA:99,21,1,0
BRDA:117,22,0,2
BRDA:117,22,1,0
BRDA:118,23,0,0
BRDA:118,23,1,2
BRDA:128,24,0,3173
BRDA:128,24,1,1493
BRDA:129,25,0,0
BRDA:129,25,1,4666
BRDA:132,26,0,28
BRDA:132,26,1,4638
BRDA:135,27,0,0
BRDA:135,27,1,4638
BRDA:141,28,0,0
BRDA:141,28,1,5426
BRDA:143,29,0,2134
BRDA:143,29,1,3292
BRDA:144,30,0,724
BRDA:144,30,1,1410
BRDA:145,31,0,0
BRDA:145,31,1,724
BRDA:158,32,0,0
BRDA:158,32,1,4016
BRDA:162,33,0,0
BRDA:162,33,1,3228
BRDA:173,34,0,0
BRDA:173,34,1,3171
BRDA:173,35,0,3171
BRDA:173,35,1,3171
BRDA:173,35,2,3171
BRDA:178,36,0,1882
BRDA:178,36,1,1289
BRDA:178,37,0,3171
BRDA:178,37,1,1733
BRDA:190,38,0,61
BRDA:190,38,1,26
BRDA:193,39,0,26
BRDA:193,39,1,0
BRDA:201,40,0,1386
BRDA:201,40,1,20
BRDA:202,41,0,0
BRDA:202,41,1,1406
BRDA:206,42,0,1406
BRDA:206,42,1,0
BRDA:207,43,0,1406
BRDA:207,43,1,0
BRDA:207,44,0,1406
BRDA:207,44,1,20
BRDA:232,45,0,0
BRDA:232,45,1,0
BRDA:236,46,0,0
BRDA:236,46,1,0
BRDA:236,46,2,0
BRDA:240,47,0,0
BRDA:240,47,1,0
BRDA:254,48,0,0
BRDA:254,48,1,0
BRDA:258,49,0,0
BRDA:258,49,1,0
BRDA:258,50,0,0
BRDA:258,50,1,0
BRDA:258,50,2,0
BRDA:258,50,3,0
BRDA:265,51,0,0
BRDA:265,51,1,0
BRDA:271,52,0,0
BRDA:271,52,1,0
BRDA:271,53,0,0
BRDA:271,53,1,0
BRDA:281,54,0,0
BRDA:281,54,1,0
BRDA:331,55,0,0
BRDA:331,55,1,0
BRDA:337,56,0,0
BRDA:337,56,1,0
BRDA:343,57,0,4261
BRDA:343,57,1,4261
BRDA:343,57,2,4106
BRF:124
BRH:67
end_of_record
TN:
SF:/home/onurb/workspace/oneki/onekijs/packages/onekijs/src/core/utils/storage.ts
FN:13,addCookie
FN:31,getCookie
FN:33,escape
FN:47,(anonymous_7)
FN:63,getItem
FN:89,onStorageChange
FN:90,(anonymous_12)
FN:111,(anonymous_13)
FN:122,removeItem
FN:147,setItem
FNF:10
FNH:4
FNDA:0,addCookie
FNDA:0,getCookie
FNDA:0,escape
FNDA:0,(anonymous_7)
FNDA:48,getItem
FNDA:9,onStorageChange
FNDA:0,(anonymous_12)
FNDA:0,(anonymous_13)
FNDA:16,removeItem
FNDA:25,setItem
DA:1,5
DA:2,5
DA:13,5
DA:14,0
DA:15,0
DA:17,0
DA:18,0
DA:19,0
DA:21,0
DA:31,5
DA:32,0
DA:35,0
DA:37,0
DA:38,0
DA:39,0
DA:47,5
DA:48,0
DA:49,0
DA:50,0
DA:51,0
DA:52,0
DA:63,96
DA:64,48
DA:66,48
DA:67,32
DA:70,16
DA:71,4
DA:74,24
DA:75,0
DA:76,0
DA:78,0
DA:89,5
DA:90,9
DA:91,0
DA:92,0
DA:94,0
DA:95,0
DA:98,9
DA:99,9
DA:101,0
DA:111,5
DA:112,0
DA:122,5
DA:123,16
DA:125,16
DA:126,16
DA:128,16
DA:129,0
DA:131,16
DA:132,0
DA:133,0
DA:147,5
DA:151,50
DA:153,50
DA:155,25
DA:156,25
DA:157,0
DA:158,0
DA:159,0
DA:160,0
LF:60
LH:28
BRDA:13,0,0,0
BRDA:13,0,1,0
BRDA:13,1,0,0
BRDA:13,1,1,0
BRDA:14,2,0,0
BRDA:14,2,1,0
BRDA:18,3,0,0
BRDA:18,3,1,0
BRDA:31,4,0,0
BRDA:31,4,1,0
BRDA:39,5,0,0
BRDA:38,6,0,0
BRDA:38,6,1,0
BRDA:39,7,0,0
BRDA:39,7,1,0
BRDA:63,8,0,0
BRDA:63,8,1,48
BRDA:63,9,0,48
BRDA:63,9,1,0
BRDA:78,10,0,0
BRDA:78,10,1,0
BRDA:64,11,0,0
BRDA:64,11,1,48
BRDA:66,12,0,32
BRDA:66,12,1,16
BRDA:70,13,0,4
BRDA:70,13,1,12
BRDA:74,14,0,12
BRDA:74,14,1,0
BRDA:75,15,0,0
BRDA:75,15,1,0
BRDA:91,16,0,0
BRDA:91,16,1,0
BRDA:94,17,0,0
BRDA:94,17,1,0
BRDA:98,18,0,9
BRDA:98,18,1,0
BRDA:111,19,0,0
BRDA:111,19,1,0
BRDA:123,20,0,0
BRDA:123,20,1,16
BRDA:125,21,0,16
BRDA:125,21,1,0
BRDA:128,22,0,0
BRDA:128,22,1,16
BRDA:131,23,0,0
BRDA:131,23,1,16
BRDA:151,24,0,25
BRDA:151,24,1,0
BRDA:153,25,0,25
BRDA:153,25,1,0
BRDA:155,26,0,0
BRDA:155,26,1,25
BRDA:157,27,0,0
BRDA:157,27,1,0
BRDA:159,28,0,0
BRDA:159,28,1,0
BRF:57
BRH:16
end_of_record
TN:
SF:/home/onurb/workspace/oneki/onekijs/packages/onekijs/src/core/utils/string.ts
FN:4,generateRandomString
FN:17,hex2b64
FN:39,lcfirst
FN:46,(anonymous_3)
FN:55,toKebabCase
FN:59,(anonymous_5)
FN:64,trimStart
FN:72,trimEnd
FN:80,trim
FNF:9
FNH:3
FNDA:11,generateRandomString
FNDA:5,hex2b64
FNDA:0,lcfirst
FNDA:3446,(anonymous_3)
FNDA:0,toKebabCase
FNDA:0,(anonymous_5)
FNDA:0,trimStart
FNDA:0,trimEnd
FNDA:0,trim
DA:1,14
DA:2,14
DA:4,14
DA:6,17
DA:8,11
DA:9,11
DA:10,11
DA:11,609
DA:13,11
DA:17,14
DA:20,5
DA:21,5
DA:22,105
DA:23,105
DA:25,5
DA:26,5
DA:27,5
DA:28,0
DA:29,0
DA:30,0
DA:32,5
DA:33,5
DA:39,14
DA:40,0
DA:41,0
DA:43,0
DA:46,3446
DA:47,3446
DA:48,3446
DA:55,14
DA:56,0
DA:57,0
DA:58,0
DA:59,0
DA:61,0
DA:64,14
DA:65,0
DA:66,0
DA:69,0
DA:72,14
DA:73,0
DA:74,0
DA:77,0
DA:80,14
DA:81,0
DA:82,0
LF:46
LH:27
BRDA:6,0,0,6
BRDA:6,0,1,5
BRDA:25,1,0,5
BRDA:25,1,1,0
BRDA:28,2,0,0
BRDA:28,2,1,0
BRDA:40,3,0,0
BRDA:40,3,1,0
BRDA:40,4,0,0
BRDA:40,4,1,0
BRDA:46,5,0,0
BRDA:46,5,1,3446
BRDA:48,6,0,1632
BRDA:48,6,1,1814
BRDA:56,7,0,0
BRDA:56,7,1,0
BRDA:56,8,0,0
BRDA:56,8,1,0
BRDA:58,9,0,0
BRDA:58,9,1,0
BRF:20
BRH:6
end_of_record
TN:
SF:/home/onurb/workspace/oneki/onekijs/packages/onekijs/src/core/utils/type.ts
FN:4,isTrue
FN:9,isFalse
FN:14,isFunction
FN:19,isPromise
FN:25,isAsyncFunction
FN:31,isFunctionOrPromise
FN:36,isAsyncOrPromise
FN:40,isInteger
FN:45,ensureType
FNF:9
FNH:2
FNDA:0,isTrue
FNDA:0,isFalse
FNDA:7069,isFunction
FNDA:408,isPromise
FNDA:0,isAsyncFunction
FNDA:0,isFunctionOrPromise
FNDA:0,isAsyncOrPromise
FNDA:0,isInteger
FNDA:0,ensureType
DA:1,14
DA:4,14
DA:5,0
DA:9,14
DA:10,0
DA:14,14
DA:15,7069
DA:19,14
DA:20,408
DA:21,408
DA:25,14
DA:26,0
DA:27,0
DA:31,14
DA:32,0
DA:36,14
DA:37,0
DA:40,14
DA:41,0
DA:45,14
DA:46,0
DA:47,0
DA:49,0
DA:50,0
LF:24
LH:13
BRDA:5,0,0,0
BRDA:5,0,1,0
BRDA:10,1,0,0
BRDA:10,1,1,0
BRDA:20,2,0,0
BRDA:20,2,1,408
BRDA:26,3,0,0
BRDA:26,3,1,0
BRDA:26,4,0,0
BRDA:26,4,1,0
BRDA:32,5,0,0
BRDA:32,5,1,0
BRDA:37,6,0,0
BRDA:37,6,1,0
BRDA:46,7,0,0
BRDA:46,7,1,0
BRDA:49,8,0,0
BRDA:49,8,1,0
BRF:18
BRH:1
end_of_record
TN:
SF:/home/onurb/workspace/oneki/onekijs/packages/onekijs/src/core/utils/url.ts
FN:7,urlBuilder
FN:10,(anonymous_1)
FN:11,(anonymous_2)
FN:16,(anonymous_3)
FN:20,isAbsoluteUrl
FN:25,absoluteUrl
FN:38,toLocation
FN:61,toUrl
FN:79,toRelativeUrl
FN:97,extractState
FNF:10
FNH:4
FNDA:94,urlBuilder
FNDA:0,(anonymous_1)
FNDA:0,(anonymous_2)
FNDA:0,(anonymous_3)
FNDA:28,isAbsoluteUrl
FNDA:28,absoluteUrl
FNDA:80,toLocation
FNDA:0,toUrl
FNDA:0,toRelativeUrl
FNDA:0,extractState
DA:1,14
DA:2,14
DA:3,14
DA:7,94
DA:8,94
DA:9,94
DA:10,0
DA:12,0
DA:14,94
DA:15,94
DA:16,94
DA:17,94
DA:20,14
DA:21,28
DA:22,28
DA:25,14
DA:26,28
DA:27,28
DA:30,0
DA:31,0
DA:33,0
DA:36,14
DA:38,14
DA:39,80
DA:40,80
DA:41,80
DA:54,80
DA:55,0
DA:56,0
DA:58,80
DA:61,14
DA:62,0
DA:63,0
DA:64,0
DA:65,0
DA:66,0
DA:67,0
DA:68,0
DA:69,0
DA:70,0
DA:72,0
DA:75,0
DA:76,0
DA:79,14
DA:80,0
DA:81,0
DA:82,0
DA:84,0
DA:85,0
DA:86,0
DA:88,0
DA:89,0
DA:91,0
DA:92,0
DA:94,0
DA:97,14
DA:98,0
DA:99,0
LF:58
LH:26
BRDA:7,0,0,0
BRDA:7,0,1,94
BRDA:7,1,0,0
BRDA:7,1,1,94
BRDA:15,2,0,0
BRDA:15,2,1,94
BRDA:26,3,0,28
BRDA:26,3,1,0
BRDA:30,4,0,0
BRDA:30,4,1,0
BRDA:39,5,0,0
BRDA:39,5,1,80
BRDA:39,6,0,80
BRDA:39,6,1,80
BRDA:42,7,0,80
BRDA:42,7,1,0
BRDA:54,8,0,0
BRDA:54,8,1,80
BRDA:54,9,0,80
BRDA:54,9,1,80
BRDA:61,10,0,0
BRDA:61,10,1,0
BRDA:63,11,0,0
BRDA:63,11,1,0
BRDA:65,12,0,0
BRDA:65,12,1,0
BRDA:66,13,0,0
BRDA:66,13,1,0
BRDA:68,14,0,0
BRDA:68,14,1,0
BRDA:69,15,0,0
BRDA:69,15,1,0
BRDA:79,16,0,0
BRDA:79,16,1,0
BRDA:81,17,0,0
BRDA:81,17,1,0
BRDA:84,18,0,0
BRDA:84,18,1,0
BRDA:85,19,0,0
BRDA:85,19,1,0
BRDA:88,20,0,0
BRDA:88,20,1,0
BRDA:88,21,0,0
BRDA:88,21,1,0
BRDA:88,21,2,0
BRDA:91,22,0,0
BRDA:91,22,1,0
BRDA:91,23,0,0
BRDA:91,23,1,0
BRDA:91,23,2,0
BRDA:98,24,0,0
BRDA:98,24,1,0
BRDA:98,25,0,0
BRDA:98,25,1,0
BRF:54
BRH:11
end_of_record
TN:
SF:/home/onurb/workspace/oneki/onekijs/packages/onekijs/src/fetch/FetchService.ts
FN:8,(anonymous_0)
FN:10,(anonymous_2)
FN:17,(anonymous_4)
FN:23,(anonymous_6)
FN:30,(anonymous_7)
FN:61,(anonymous_9)
FN:67,(anonymous_11)
FN:73,(anonymous_13)
FN:79,(anonymous_15)
FN:84,(anonymous_17)
FNF:10
FNH:6
FNDA:23,(anonymous_0)
FNDA:18,(anonymous_2)
FNDA:0,(anonymous_4)
FNDA:10,(anonymous_6)
FNDA:18,(anonymous_7)
FNDA:9,(anonymous_9)
FNDA:0,(anonymous_11)
FNDA:0,(anonymous_13)
FNDA:0,(anonymous_15)
FNDA:11,(anonymous_17)
DA:1,5
DA:2,5
DA:3,5
DA:4,5
DA:5,5
DA:6,5
DA:8,5
DA:10,5
DA:11,21
DA:12,6
DA:17,5
DA:18,0
DA:23,10
DA:24,10
DA:25,10
DA:30,18
DA:31,18
DA:33,18
DA:34,18
DA:36,20
DA:37,20
DA:38,10
DA:39,17
DA:40,6
DA:43,8
DA:44,0
DA:46,8
DA:47,16
DA:49,16
DA:50,8
DA:51,8
DA:52,16
DA:54,0
DA:61,5
DA:62,18
DA:67,5
DA:68,0
DA:73,5
DA:74,0
DA:79,5
DA:80,0
DA:84,10
DA:85,11
DA:87,5
LF:44
LH:38
BRDA:11,0,0,18
BRDA:18,1,0,0
BRDA:30,2,0,0
BRDA:30,2,1,18
BRDA:49,3,0,8
BRDA:49,3,1,0
BRDA:33,4,0,3
BRDA:33,4,1,15
BRDA:33,5,0,18
BRDA:33,5,1,18
BRDA:39,6,0,7
BRDA:39,6,1,3
BRDA:43,7,0,0
BRDA:43,7,1,8
BRDA:46,8,0,0
BRDA:46,8,1,8
BRDA:51,9,0,0
BRDA:51,9,1,8
BRDA:62,10,0,9
BRDA:68,11,0,0
BRDA:74,12,0,0
BRDA:80,13,0,0
BRF:22
BRH:13
end_of_record
TN:
SF:/home/onurb/workspace/oneki/onekijs/packages/onekijs/src/fetch/typings.ts
FN:11,(anonymous_0)
FNF:1
FNH:1
FNDA:5,(anonymous_0)
DA:11,5
DA:12,5
DA:13,5
DA:14,5
DA:15,5
DA:16,5
LF:6
LH:6
BRDA:11,0,0,5
BRDA:11,0,1,5
BRF:2
BRH:2
end_of_record
TN:
SF:/home/onurb/workspace/oneki/onekijs/packages/onekijs/src/fetch/useDelete.ts
FN:10,(anonymous_0)
FN:21,(anonymous_1)
FNF:2
FNH:0
FNDA:0,(anonymous_0)
FNDA:0,(anonymous_1)
DA:1,0
DA:2,0
DA:3,0
DA:4,0
DA:5,0
DA:7,0
DA:8,0
DA:10,0
DA:11,0
DA:12,0
DA:13,0
DA:14,0
DA:16,0
DA:20,0
DA:21,0
DA:22,0
DA:23,0
DA:28,0
DA:31,0
LF:19
LH:0
BRDA:10,0,0,0
BRDA:10,0,1,0
BRDA:21,1,0,0
BRDA:21,1,1,0
BRDA:23,2,0,0
BRDA:23,2,1,0
BRDA:28,3,0,0
BRDA:28,3,1,0
BRF:8
BRH:0
end_of_record
TN:
SF:/home/onurb/workspace/oneki/onekijs/packages/onekijs/src/fetch/useGet.ts
FN:11,(anonymous_0)
FN:15,(anonymous_1)
FN:17,(anonymous_2)
FN:32,(anonymous_3)
FN:38,(anonymous_4)
FNF:5
FNH:5
FNDA:19,(anonymous_0)
FNDA:9,(anonymous_1)
FNDA:1,(anonymous_2)
FNDA:9,(anonymous_3)
FNDA:9,(anonymous_4)
DA:1,3
DA:2,3
DA:3,3
DA:4,3
DA:5,3
DA:6,3
DA:8,3
DA:9,3
DA:11,29
DA:12,19
DA:13,19
DA:14,19
DA:15,19
DA:16,9
DA:17,8
DA:18,1
DA:21,1
DA:22,1
DA:24,9
DA:27,19
DA:32,19
DA:33,9
DA:34,9
DA:38,19
DA:39,9
DA:41,19
DA:44,3
LF:27
LH:27
BRDA:11,0,0,10
BRDA:11,0,1,9
BRDA:16,1,0,8
BRDA:16,1,1,1
BRDA:33,2,0,9
BRDA:33,2,1,0
BRDA:41,3,0,19
BRDA:41,3,1,16
BRF:8
BRH:7
end_of_record
TN:
SF:/home/onurb/workspace/oneki/onekijs/packages/onekijs/src/fetch/usePatch.ts
FN:4,(anonymous_0)
FNF:1
FNH:1
FNDA:3,(anonymous_0)
DA:2,2
DA:4,2
DA:6,4
DA:8,3
DA:11,2
LF:5
LH:5
BRDA:6,0,0,1
BRDA:6,0,1,2
BRF:2
BRH:2
end_of_record
TN:
SF:/home/onurb/workspace/oneki/onekijs/packages/onekijs/src/fetch/usePost.ts
FN:4,(anonymous_0)
FNF:1
FNH:1
FNDA:6,(anonymous_0)
DA:2,2
DA:4,2
DA:6,7
DA:8,6
LF:4
LH:4
BRDA:6,0,0,1
BRDA:6,0,1,5
BRF:2
BRH:2
end_of_record
TN:
SF:/home/onurb/workspace/oneki/onekijs/packages/onekijs/src/fetch/usePostPutPatch.ts
FN:10,(anonymous_0)
FN:24,(anonymous_1)
FNF:2
FNH:2
FNDA:12,(anonymous_0)
FNDA:9,(anonymous_1)
DA:1,2
DA:2,2
DA:3,2
DA:4,2
DA:5,2
DA:7,2
DA:8,2
DA:10,2
DA:13,12
DA:15,12
DA:16,12
DA:17,12
DA:18,12
DA:20,12
DA:23,12
DA:24,18
DA:25,9
DA:26,9
DA:36,12
DA:39,2
LF:20
LH:20
BRDA:13,0,0,0
BRDA:13,0,1,12
BRDA:24,1,0,9
BRDA:24,1,1,0
BRDA:27,2,0,9
BRDA:27,2,1,9
BRDA:36,3,0,12
BRDA:36,3,1,12
BRF:8
BRH:6
end_of_record
TN:
SF:/home/onurb/workspace/oneki/onekijs/packages/onekijs/src/fetch/usePut.ts
FN:4,(anonymous_0)
FNF:1
FNH:1
FNDA:3,(anonymous_0)
DA:2,2
DA:4,2
DA:6,3
DA:8,3
DA:11,2
LF:5
LH:5
BRDA:6,0,0,0
BRDA:6,0,1,3
BRF:2
BRH:1
end_of_record
TN:
SF:/home/onurb/workspace/oneki/onekijs/packages/onekijs/src/fetch/useSecureDelete.ts
FN:5,(anonymous_0)
FNF:1
FNH:0
FNDA:0,(anonymous_0)
DA:1,0
DA:3,0
DA:5,0
DA:7,0
DA:9,0
DA:10,0
DA:11,0
DA:12,0
DA:15,0
LF:9
LH:0
BRDA:7,0,0,0
BRDA:7,0,1,0
BRDA:9,1,0,0
BRDA:9,1,1,0
BRF:4
BRH:0
end_of_record
TN:
SF:/home/onurb/workspace/oneki/onekijs/packages/onekijs/src/fetch/useSecureGet.ts
FN:5,(anonymous_0)
FNF:1
FNH:0
FNDA:0,(anonymous_0)
DA:1,0
DA:3,0
DA:5,0
DA:6,0
DA:7,0
DA:8,0
DA:9,0
DA:12,0
LF:8
LH:0
BRDA:5,0,0,0
BRDA:5,0,1,0
BRDA:6,1,0,0
BRDA:6,1,1,0
BRF:4
BRH:0
end_of_record
TN:
SF:/home/onurb/workspace/oneki/onekijs/packages/onekijs/src/fetch/useSecurePatch.ts
FN:4,(anonymous_0)
FNF:1
FNH:0
FNDA:0,(anonymous_0)
DA:2,0
DA:4,0
DA:6,0
DA:8,0
DA:11,0
LF:5
LH:0
BRDA:6,0,0,0
BRDA:6,0,1,0
BRF:2
BRH:0
end_of_record
TN:
SF:/home/onurb/workspace/oneki/onekijs/packages/onekijs/src/fetch/useSecurePost.ts
FN:4,(anonymous_0)
FNF:1
FNH:0
FNDA:0,(anonymous_0)
DA:2,0
DA:4,0
DA:6,0
DA:8,0
DA:11,0
LF:5
LH:0
BRDA:6,0,0,0
BRDA:6,0,1,0
BRF:2
BRH:0
end_of_record
TN:
SF:/home/onurb/workspace/oneki/onekijs/packages/onekijs/src/fetch/useSecurePostPutPatch.ts
FN:5,(anonymous_0)
FNF:1
FNH:0
FNDA:0,(anonymous_0)
DA:1,0
DA:3,0
DA:5,0
DA:8,0
DA:10,0
DA:11,0
DA:12,0
DA:13,0
DA:16,0
LF:9
LH:0
BRDA:8,0,0,0
BRDA:8,0,1,0
BRDA:10,1,0,0
BRDA:10,1,1,0
BRF:4
BRH:0
[...]
DA:4,1
DA:5,1
DA:17,1
DA:18,1
DA:20,1
DA:21,1
DA:22,1
DA:34,31
DA:36,31
DA:41,31
DA:42,31
DA:45,5
DA:54,5
DA:55,5
DA:59,93
DA:60,31
DA:64,31
DA:65,31
DA:68,31
DA:69,31
DA:72,31
DA:73,31
DA:90,31
DA:91,10
DA:92,10
DA:93,10
DA:94,10
DA:96,10
DA:104,0
DA:105,0
DA:107,0
DA:108,0
DA:112,0
DA:113,0
DA:114,0
DA:118,0
DA:119,0
DA:120,0
DA:125,10
DA:127,10
DA:128,10
DA:156,31
DA:157,0
DA:158,0
DA:159,0
DA:160,0
DA:168,31
DA:170,5
DA:178,5
DA:179,5
DA:185,31
DA:186,0
DA:187,0
DA:188,0
DA:189,0
DA:190,0
DA:194,0
DA:197,0
DA:201,0
DA:202,0
DA:210,0
DA:216,31
DA:218,0
DA:219,0
DA:221,0
DA:226,31
DA:227,0
DA:228,0
DA:233,31
DA:235,0
DA:240,31
DA:241,0
DA:242,0
DA:243,0
DA:244,0
DA:245,0
DA:246,0
DA:248,0
DA:249,0
DA:250,0
DA:251,0
DA:253,0
DA:254,0
DA:255,0
DA:258,0
DA:263,31
DA:264,0
DA:265,0
DA:270,31
DA:271,0
DA:272,0
DA:277,31
DA:279,0
DA:284,31
DA:286,0
DA:287,0
DA:293,31
DA:294,0
DA:295,0
DA:300,31
DA:301,0
DA:303,0
DA:304,0
DA:305,0
DA:310,31
DA:312,0
DA:313,0
DA:314,0
DA:316,0
DA:317,0
DA:318,0
DA:321,0
DA:322,0
DA:328,31
DA:329,31
DA:330,31
DA:333,31
DA:334,31
DA:335,5
DA:375,31
DA:377,31
DA:379,5
DA:380,31
DA:381,31
DA:382,31
DA:385,31
DA:386,31
DA:387,60
DA:388,80
DA:389,80
DA:390,60
DA:391,60
DA:392,60
DA:393,60
DA:394,20
DA:395,20
DA:396,20
DA:397,20
DA:398,20
DA:399,0
DA:402,40
DA:403,20
DA:406,20
DA:407,20
DA:413,20
DA:414,20
DA:415,0
DA:418,0
DA:419,0
DA:420,0
DA:421,0
DA:424,20
DA:426,20
DA:427,20
DA:428,20
DA:431,60
DA:432,10
DA:433,0
DA:435,10
DA:442,31
DA:443,31
DA:444,31
DA:445,31
DA:448,31
DA:454,5
DA:458,31
DA:459,20
DA:501,31
DA:502,31
DA:503,5
DA:504,5
DA:508,31
DA:511,1
LF:175
LH:103
BRDA:34,0,0,0
BRDA:34,0,1,31
BRDA:59,1,0,0
BRDA:59,1,1,31
BRDA:59,2,0,0
BRDA:59,2,1,31
BRDA:59,3,0,0
BRDA:59,3,1,31
BRDA:91,4,0,0
BRDA:91,4,1,10
BRDA:91,5,0,0
BRDA:91,5,1,10
BRDA:92,6,0,10
BRDA:92,6,1,0
BRDA:93,7,0,0
BRDA:93,7,1,10
BRDA:94,8,0,10
BRDA:94,8,1,10
BRDA:94,8,2,10
BRDA:104,9,0,0
BRDA:104,9,1,0
BRDA:104,10,0,0
BRDA:104,10,1,0
BRDA:104,10,2,0
BRDA:107,11,0,0
BRDA:107,11,1,0
BRDA:113,12,0,0
BRDA:113,12,1,0
BRDA:113,13,0,0
BRDA:113,13,1,0
BRDA:119,14,0,0
BRDA:119,14,1,0
BRDA:119,15,0,0
BRDA:119,15,1,0
BRDA:157,16,0,0
BRDA:157,16,1,0
BRDA:157,17,0,0
BRDA:157,17,1,0
BRDA:159,18,0,0
BRDA:159,18,1,0
BRDA:178,19,0,5
BRDA:178,19,1,0
BRDA:186,20,0,0
BRDA:186,20,1,0
BRDA:188,21,0,0
BRDA:188,21,1,0
BRDA:189,22,0,0
BRDA:189,22,1,0
BRDA:191,23,0,0
BRDA:191,23,1,0
BRDA:191,24,0,0
BRDA:191,24,1,0
BRDA:194,25,0,0
BRDA:194,25,1,0
BRDA:201,26,0,0
BRDA:201,26,1,0
BRDA:201,27,0,0
BRDA:201,27,1,0
BRDA:218,28,0,0
BRDA:218,28,1,0
BRDA:218,29,0,0
BRDA:218,29,1,0
BRDA:219,30,0,0
BRDA:219,30,1,0
BRDA:227,31,0,0
BRDA:227,31,1,0
BRDA:241,32,0,0
BRDA:241,32,1,0
BRDA:243,33,0,0
BRDA:243,33,1,0
BRDA:244,34,0,0
BRDA:244,34,1,0
BRDA:248,35,0,0
BRDA:248,35,1,0
BRDA:248,36,0,0
BRDA:248,36,1,0
BRDA:249,37,0,0
BRDA:249,37,1,0
BRDA:253,38,0,0
BRDA:253,38,1,0
BRDA:264,39,0,0
BRDA:264,39,1,0
BRDA:271,40,0,0
BRDA:271,40,1,0
BRDA:286,41,0,0
BRDA:286,41,1,0
BRDA:294,42,0,0
BRDA:294,42,1,0
BRDA:301,43,0,0
BRDA:301,43,1,0
BRDA:305,44,0,0
BRDA:305,44,1,0
BRDA:313,45,0,0
BRDA:313,45,1,0
BRDA:389,46,0,60
BRDA:389,46,1,20
BRDA:393,47,0,20
BRDA:393,47,1,40
BRDA:398,48,0,0
BRDA:398,48,1,20
BRDA:402,49,0,20
BRDA:402,49,1,20
BRDA:406,50,0,20
BRDA:406,50,1,0
BRDA:414,51,0,0
BRDA:414,51,1,20
BRDA:414,52,0,20
BRDA:414,52,1,20
BRDA:420,53,0,0
BRDA:420,53,1,0
BRDA:426,54,0,20
BRDA:426,54,1,0
BRDA:431,55,0,10
BRDA:431,55,1,50
BRDA:432,56,0,0
BRDA:432,56,1,10
BRDA:502,57,0,5
BRDA:502,57,1,26
BRF:118
BRH:29
end_of_record
TN:
SF:/home/onurb/workspace/oneki/onekijs/packages/onekijs/src/form/useFormContext.ts
FN:6,(anonymous_0)
FNF:1
FNH:1
FNDA:40,(anonymous_0)
DA:1,1
DA:5,1
DA:6,1
DA:7,40
DA:10,1
LF:5
LH:5
BRF:0
BRH:0
end_of_record
TN:
SF:/home/onurb/workspace/oneki/onekijs/packages/onekijs/src/form/useFormStatus.ts
FN:4,(anonymous_0)
FNF:1
FNH:1
FNDA:10,(anonymous_0)
DA:2,1
DA:4,1
DA:5,10
DA:6,10
DA:9,1
LF:5
LH:5
BRF:0
BRH:0
end_of_record
TN:
SF:/home/onurb/workspace/oneki/onekijs/packages/onekijs/src/form/useRule.ts
FN:5,(anonymous_0)
FN:9,(anonymous_1)
FNF:2
FNH:0
FNDA:0,(anonymous_0)
FNDA:0,(anonymous_1)
DA:1,0
DA:5,0
DA:7,0
DA:9,0
DA:10,0
DA:15,0
LF:6
LH:0
BRDA:5,0,0,0
BRDA:5,0,1,0
BRF:2
BRH:0
end_of_record
TN:
SF:/home/onurb/workspace/oneki/onekijs/packages/onekijs/src/form/useSubmit.ts
FN:7,(anonymous_0)
FN:18,(anonymous_1)
FN:19,(anonymous_2)
FN:22,(anonymous_3)
FNF:4
FNH:4
FNDA:10,(anonymous_0)
FNDA:5,(anonymous_1)
FNDA:10,(anonymous_2)
FNDA:5,(anonymous_3)
DA:1,1
DA:3,1
DA:5,1
DA:7,1
DA:14,10
DA:15,10
DA:16,10
DA:18,10
DA:19,10
DA:20,5
DA:22,5
DA:23,5
DA:26,10
DA:35,1
LF:14
LH:14
BRF:0
BRH:0
end_of_record
TN:
SF:/home/onurb/workspace/oneki/onekijs/packages/onekijs/src/form/useValidation.ts
FN:7,(anonymous_0)
FN:19,(anonymous_1)
FN:33,(anonymous_2)
FN:41,(anonymous_3)
FN:43,(anonymous_4)
FN:53,(anonymous_5)
FNF:6
FNH:4
FNDA:10,(anonymous_0)
FNDA:0,(anonymous_1)
FNDA:5,(anonymous_2)
FNDA:5,(anonymous_3)
FNDA:0,(anonymous_4)
FNDA:5,(anonymous_5)
DA:1,1
DA:2,1
DA:3,1
DA:5,1
DA:7,10
DA:9,10
DA:10,10
DA:11,10
DA:12,10
DA:13,10
DA:14,10
DA:16,10
DA:18,10
DA:20,0
DA:21,0
DA:22,0
DA:24,0
DA:27,0
DA:33,10
DA:34,5
DA:35,5
DA:37,0
DA:41,10
DA:42,5
DA:43,5
DA:44,0
DA:45,0
DA:47,0
DA:48,0
DA:52,5
DA:53,5
DA:54,5
DA:58,10
DA:61,1
LF:34
LH:24
BRDA:7,0,0,0
BRDA:7,0,1,10
BRDA:7,1,0,0
BRDA:7,1,1,10
BRDA:20,2,0,0
BRDA:20,2,1,0
BRDA:21,3,0,0
BRDA:21,3,1,0
BRDA:22,4,0,0
BRDA:22,4,1,0
BRDA:22,5,0,0
BRDA:22,5,1,0
BRDA:24,6,0,0
BRDA:24,6,1,0
BRDA:34,7,0,5
BRDA:34,7,1,0
BRDA:44,8,0,0
BRDA:44,8,1,0
BRDA:47,9,0,0
BRDA:47,9,1,0
BRDA:47,10,0,0
BRDA:47,10,1,0
BRF:22
BRH:3
end_of_record
TN:
SF:/home/onurb/workspace/oneki/onekijs/packages/onekijs/src/form/useValue.ts
FN:5,(anonymous_0)
FN:8,(anonymous_1)
FN:15,(anonymous_2)
FN:17,(anonymous_3)
FN:20,(anonymous_4)
FNF:5
FNH:4
FNDA:10,(anonymous_0)
FNDA:10,(anonymous_1)
FNDA:10,(anonymous_2)
FNDA:0,(anonymous_3)
FNDA:10,(anonymous_4)
DA:1,1
DA:2,1
DA:3,1
DA:5,1
DA:6,10
DA:7,10
DA:8,10
DA:9,10
DA:10,0
DA:12,10
DA:15,10
DA:16,10
DA:17,10
DA:18,10
DA:20,10
DA:21,10
DA:25,10
DA:28,1
LF:18
LH:17
BRDA:9,0,0,0
BRDA:9,0,1,10
BRDA:16,1,0,10
BRDA:16,1,1,0
BRF:4
BRH:2
end_of_record
TN:
SF:/home/onurb/workspace/oneki/onekijs/packages/onekijs/src/form/utils.ts
FN:8,(anonymous_0)
FNF:1
FNH:1
FNDA:10,(anonymous_0)
DA:1,1
DA:2,1
DA:5,1
DA:8,1
DA:9,10
DA:16,10
DA:17,50
DA:19,10
DA:20,0
DA:22,10
DA:23,0
DA:25,10
DA:26,0
DA:28,10
LF:14
LH:11
BRDA:19,0,0,0
BRDA:19,0,1,10
BRDA:19,1,0,10
BRDA:19,1,1,0
BRDA:22,2,0,0
BRDA:22,2,1,10
BRDA:25,3,0,0
BRDA:25,3,1,10
BRF:8
BRH:4
end_of_record
TN:
SF:/home/onurb/workspace/oneki/onekijs/packages/onekijs/src/form/components/Input.tsx
FN:6,(anonymous_0)
FN:14,(anonymous_1)
FNF:2
FNH:1
FNDA:10,(anonymous_0)
FNDA:0,(anonymous_1)
DA:1,1
DA:2,1
DA:4,1
DA:6,1
DA:7,10
DA:8,20
DA:9,10
DA:13,10
DA:15,0
DA:21,10
DA:22,0
DA:25,10
DA:28,1
DA:29,1
LF:14
LH:12
BRDA:10,0,0,10
BRDA:10,0,1,0
BRDA:21,1,0,0
BRDA:21,1,1,10
BRF:4
BRH:2
end_of_record
TN:
SF:/home/onurb/workspace/oneki/onekijs/packages/onekijs/src/form/components/Select.tsx
FN:6,(anonymous_0)
FNF:1
FNH:0
FNDA:0,(anonymous_0)
DA:1,0
DA:2,0
DA:3,0
DA:6,0
DA:7,0
DA:8,0
DA:9,0
DA:12,0
DA:15,0
DA:16,0
LF:10
LH:0
BRDA:10,0,0,0
BRDA:10,0,1,0
BRF:2
BRH:0
end_of_record
TN:
SF:/home/onurb/workspace/oneki/onekijs/packages/onekijs/src/form/components/SubmitButton.tsx
FN:5,(anonymous_0)
FN:13,(anonymous_1)
FNF:2
FNH:1
FNDA:10,(anonymous_0)
FNDA:0,(anonymous_1)
DA:1,1
DA:2,1
DA:3,1
DA:5,1
DA:6,10
DA:8,10
DA:9,10
DA:10,10
DA:11,0
DA:12,0
DA:13,0
DA:14,0
DA:18,10
DA:19,10
DA:20,5
DA:21,5
DA:24,10
DA:31,1
DA:32,1
LF:19
LH:15
BRDA:10,0,0,0
BRDA:10,0,1,10
BRDA:11,1,0,0
BRDA:11,1,1,0
BRDA:19,2,0,5
BRDA:19,2,1,5
BRF:6
BRH:3
end_of_record
TN:
SF:/home/onurb/workspace/oneki/onekijs/packages/onekijs/src/form/components/Textarea.tsx
FN:6,(anonymous_0)
FNF:1
FNH:0
FNDA:0,(anonymous_0)
DA:1,0
DA:2,0
DA:3,0
DA:6,0
DA:7,0
DA:8,0
DA:9,0
DA:12,0
DA:15,0
DA:16,0
LF:10
LH:0
BRDA:10,0,0,0
BRDA:10,0,1,0
BRF:2
BRH:0
end_of_record
TN:
SF:/home/onurb/workspace/oneki/onekijs/packages/onekijs/src/form/validators/email.ts
FN:4,(anonymous_0)
FNF:1
FNH:0
FNDA:0,(anonymous_0)
DA:1,0
DA:4,0
DA:5,0
DA:15,0
LF:4
LH:0
BRF:0
BRH:0
end_of_record
TN:
SF:/home/onurb/workspace/oneki/onekijs/packages/onekijs/src/form/validators/regex.ts
FN:4,(anonymous_0)
FN:5,(anonymous_1)
FNF:2
FNH:0
FNDA:0,(anonymous_0)
FNDA:0,(anonymous_1)
DA:2,1
DA:4,1
DA:5,0
DA:6,0
DA:7,0
DA:12,0
DA:13,0
DA:16,0
DA:17,0
DA:20,0
DA:27,1
LF:11
LH:3
BRDA:6,0,0,0
BRDA:6,0,1,0
BRDA:12,1,0,0
BRDA:12,1,1,0
BRDA:16,2,0,0
BRDA:16,2,1,0
BRF:6
BRH:0
end_of_record
TN:
SF:/home/onurb/workspace/oneki/onekijs/packages/onekijs/src/form/validators/required.ts
FN:5,(anonymous_0)
FN:6,(anonymous_1)
FNF:2
FNH:0
FNDA:0,(anonymous_0)
FNDA:0,(anonymous_1)
DA:2,1
DA:3,1
DA:5,1
DA:6,0
DA:8,0
DA:9,0
DA:10,0
DA:11,0
DA:12,0
DA:13,0
DA:14,0
DA:15,0
DA:16,0
DA:17,0
DA:19,0
DA:22,0
DA:23,0
DA:25,0
DA:28,0
DA:35,1
LF:20
LH:4
BRDA:8,0,0,0
BRDA:8,0,1,0
BRDA:10,1,0,0
BRDA:10,1,1,0
BRDA:12,2,0,0
BRDA:12,2,1,0
BRDA:14,3,0,0
BRDA:14,3,1,0
BRDA:16,4,0,0
BRDA:16,4,1,0
BRDA:22,5,0,0
BRDA:22,5,1,0
BRDA:22,6,0,0
BRDA:22,6,1,0
BRDA:22,6,2,0
BRF:15
BRH:0
end_of_record
TN:
SF:/home/onurb/workspace/oneki/onekijs/packages/onekijs/src/i18n/I18nService.ts
FN:13,(anonymous_0)
FN:17,I18nService
FN:23,(anonymous_2)
FN:26,(anonymous_3)
FN:37,(anonymous_4)
FN:44,(anonymous_6)
FN:50,(anonymous_8)
FN:55,(anonymous_9)
FN:69,(anonymous_10)
FN:77,(anonymous_11)
FN:82,(anonymous_12)
FN:87,(anonymous_13)
FN:93,(anonymous_14)
FNF:13
FNH:13
FNDA:1,(anonymous_0)
FNDA:24,I18nService
FNDA:24,(anonymous_2)
FNDA:96,(anonymous_3)
FNDA:24,(anonymous_4)
FNDA:48,(anonymous_6)
FNDA:62,(anonymous_8)
FNDA:62,(anonymous_9)
FNDA:62,(anonymous_10)
FNDA:96,(anonymous_11)
FNDA:24,(anonymous_12)
FNDA:48,(anonymous_13)
FNDA:62,(anonymous_14)
DA:1,1
DA:3,1
DA:4,1
DA:5,1
DA:6,1
DA:7,1
DA:8,1
DA:9,1
DA:10,1
DA:13,1
DA:18,24
DA:19,24
DA:20,24
DA:23,1
DA:24,24
DA:25,24
DA:27,96
DA:30,24
DA:31,0
DA:37,1
DA:38,48
DA:39,48
DA:43,48
DA:44,96
DA:46,48
DA:48,96
DA:49,48
DA:51,62
DA:54,48
DA:55,62
DA:56,96
DA:57,96
DA:59,0
DA:60,0
DA:61,0
DA:62,0
DA:64,0
DA:69,1
DA:70,62
DA:71,0
DA:73,62
DA:77,2
DA:78,96
DA:82,2
DA:83,24
DA:86,48
DA:87,2
DA:88,48
DA:93,62
DA:95,1
LF:50
LH:43
BRDA:18,0,0,24
BRDA:18,0,1,0
BRDA:27,1,0,96
BRDA:27,1,1,0
BRDA:30,2,0,0
BRDA:30,2,1,24
BRDA:30,3,0,24
BRDA:30,3,1,24
BRDA:38,4,0,24
BRDA:44,5,0,48
BRDA:44,5,1,0
BRDA:64,6,0,0
BRDA:61,7,0,0
BRDA:61,7,1,0
BRDA:70,8,0,0
BRDA:70,8,1,62
BRF:16
BRH:8
end_of_record
TN:
SF:/home/onurb/workspace/oneki/onekijs/packages/onekijs/src/i18n/useI18n.ts
FN:4,(anonymous_0)
FNF:1
FNH:0
FNDA:0,(anonymous_0)
DA:1,0
DA:4,0
DA:5,0
DA:8,0
LF:4
LH:0
BRF:0
BRH:0
end_of_record
TN:
SF:/home/onurb/workspace/oneki/onekijs/packages/onekijs/src/i18n/useI18nService.ts
FN:4,(anonymous_0)
FNF:1
FNH:1
FNDA:192,(anonymous_0)
DA:1,1
DA:2,1
DA:4,1
DA:5,192
DA:8,1
LF:5
LH:5
BRF:0
BRH:0
end_of_record
TN:
SF:/home/onurb/workspace/oneki/onekijs/packages/onekijs/src/i18n/useLocale.ts
FN:4,(anonymous_0)
FNF:1
FNH:1
FNDA:96,(anonymous_0)
DA:1,1
DA:2,1
DA:4,1
DA:5,96
DA:8,1
LF:5
LH:5
BRDA:5,0,0,96
BRDA:5,0,1,0
BRF:2
BRH:1
end_of_record
TN:
SF:/home/onurb/workspace/oneki/onekijs/packages/onekijs/src/i18n/useTranslation.tsx
FN:13,(anonymous_0)
FN:20,(anonymous_1)
FN:27,(anonymous_2)
FN:33,(anonymous_3)
FN:44,(anonymous_4)
FN:45,(anonymous_5)
FN:51,(anonymous_6)
FN:91,(anonymous_7)
FN:99,(anonymous_8)
FN:115,(anonymous_9)
FN:121,(anonymous_10)
FNF:11
FNH:11
FNDA:96,(anonymous_0)
FNDA:96,(anonymous_1)
FNDA:96,(anonymous_2)
FNDA:75,(anonymous_3)
FNDA:96,(anonymous_4)
FNDA:124,(anonymous_5)
FNDA:1152,(anonymous_6)
FNDA:1488,(anonymous_7)
FNDA:1488,(anonymous_8)
FNDA:816,(anonymous_9)
FNDA:96,(anonymous_10)
DA:1,1
DA:2,1
DA:3,1
DA:4,1
DA:6,1
DA:7,1
DA:9,1
DA:10,1
DA:11,1
DA:13,1
DA:14,96
DA:16,96
DA:17,96
DA:18,96
DA:20,96
DA:21,96
DA:24,96
DA:25,96
DA:27,96
DA:28,96
DA:31,96
DA:33,96
DA:34,75
DA:35,75
DA:36,0
DA:38,75
DA:39,74
DA:41,75
DA:44,96
DA:45,124
DA:48,96
DA:50,96
DA:51,2064
DA:52,1152
DA:53,1152
DA:56,1152
DA:58,528
DA:59,528
DA:60,0
DA:61,528
DA:62,144
DA:63,144
DA:64,0
DA:68,144
DA:72,1152
DA:73,1152
DA:74,1152
DA:76,1152
DA:77,1008
DA:78,1008
DA:79,1008
DA:80,528
DA:83,144
DA:84,96
DA:88,1152
DA:89,1152
DA:91,1152
DA:92,1488
DA:93,1446
DA:99,1152
DA:100,1488
DA:101,1446
DA:105,2520
DA:106,2520
DA:107,1118
DA:109,34
DA:114,96
DA:115,816
DA:116,816
DA:121,96
DA:122,96
DA:123,48
DA:127,96
DA:130,1
LF:74
LH:71
BRDA:14,0,0,0
BRDA:14,0,1,96
BRDA:28,1,0,96
BRDA:28,1,1,96
BRDA:28,2,0,96
BRDA:28,2,1,48
BRDA:34,3,0,75
BRDA:34,3,1,0
BRDA:35,4,0,0
BRDA:35,4,1,75
BRDA:38,5,0,74
BRDA:38,5,1,1
BRDA:48,6,0,96
BRDA:48,6,1,96
BRDA:51,7,0,912
BRDA:51,7,1,240
BRDA:52,8,0,0
BRDA:52,8,1,1152
BRDA:56,9,0,528
BRDA:56,9,1,624
BRDA:59,10,0,0
BRDA:59,10,1,528
BRDA:61,11,0,144
BRDA:61,11,1,384
BRDA:63,12,0,0
BRDA:63,12,1,144
BRDA:76,13,0,1008
BRDA:76,13,1,144
BRDA:79,14,0,528
BRDA:79,14,1,480
BRDA:83,15,0,96
BRDA:83,15,1,48
BRDA:88,16,0,1152
BRDA:88,16,1,0
BRDA:89,17,0,240
BRDA:89,17,1,912
BRDA:92,18,0,1446
BRDA:92,18,1,42
BRDA:92,19,0,1488
BRDA:92,19,1,186
BRDA:100,20,0,1446
BRDA:100,20,1,42
BRDA:100,21,0,1488
BRDA:100,21,1,186
BRDA:106,22,0,1118
BRDA:106,22,1,1402
BRDA:122,23,0,48
BRDA:122,23,1,48
BRDA:122,24,0,96
BRDA:122,24,1,48
BRDA:127,25,0,96
BRDA:127,25,1,96
BRF:52
BRH:45
end_of_record
TN:
SF:/home/onurb/workspace/oneki/onekijs/packages/onekijs/src/i18n/utils.ts
FN:12,(anonymous_0)
FN:23,(anonymous_1)
FN:30,(anonymous_2)
FN:45,detectLocale
FN:63,(anonymous_4)
FN:75,(anonymous_5)
FN:94,(anonymous_6)
FN:95,(anonymous_7)
FN:103,(anonymous_8)
FN:112,(anonymous_9)
FN:114,(anonymous_10)
FN:124,(anonymous_11)
FN:146,(anonymous_12)
FNF:13
FNH:10
FNDA:1118,(anonymous_0)
FNDA:1152,(anonymous_1)
FNDA:1152,(anonymous_2)
FNDA:92,detectLocale
FNDA:112,(anonymous_4)
FNDA:48,(anonymous_5)
FNDA:62,(anonymous_6)
FNDA:646,(anonymous_7)
FNDA:96,(anonymous_8)
FNDA:0,(anonymous_9)
FNDA:0,(anonymous_10)
FNDA:1152,(anonymous_11)
FNDA:0,(anonymous_12)
DA:1,14
DA:4,14
DA:6,14
DA:7,14
DA:8,14
DA:10,14
DA:12,14
DA:19,1118
DA:22,1118
DA:23,624
DA:24,1152
DA:26,1152
DA:27,1152
DA:28,0
DA:30,1152
DA:31,1152
DA:39,1118
DA:40,1118
DA:41,974
DA:42,974
DA:45,14
DA:51,92
DA:52,92
DA:53,92
DA:55,92
DA:56,92
DA:58,92
DA:59,68
DA:60,68
DA:61,68
DA:62,68
DA:63,112
DA:64,68
DA:65,0
DA:66,0
DA:69,68
DA:70,24
DA:72,44
DA:75,14
DA:93,48
DA:94,48
DA:95,62
DA:96,646
DA:97,646
DA:100,48
DA:103,14
DA:104,96
DA:107,96
DA:108,0
DA:109,0
DA:112,0
DA:113,0
DA:114,0
DA:115,0
DA:116,0
DA:117,0
DA:124,14
DA:125,1152
DA:126,1152
DA:127,1152
DA:128,96
DA:129,96
DA:130,96
DA:131,96
DA:132,96
DA:133,0
DA:135,96
DA:136,96
DA:137,96
DA:139,0
DA:143,1056
DA:146,14
DA:149,0
DA:150,0
DA:152,0
DA:154,0
DA:155,0
DA:157,0
LF:78
LH:59
BRDA:22,0,0,624
BRDA:22,0,1,494
BRDA:27,1,0,0
BRDA:27,1,1,1152
BRDA:40,2,0,144
BRDA:40,2,1,974
BRDA:52,3,0,92
BRDA:52,3,1,0
BRDA:52,4,0,92
BRDA:52,4,1,92
BRDA:52,4,2,92
BRDA:55,5,0,92
BRDA:55,5,1,0
BRDA:58,6,0,68
BRDA:58,6,1,24
BRDA:58,7,0,92
BRDA:58,7,1,68
BRDA:59,8,0,68
BRDA:59,8,1,68
BRDA:60,9,0,68
BRDA:60,9,1,0
BRDA:62,10,0,68
BRDA:62,10,1,0
BRDA:62,11,0,68
BRDA:62,11,1,68
BRDA:62,11,2,68
BRDA:64,12,0,24
BRDA:64,12,1,44
BRDA:65,13,0,0
BRDA:65,13,1,0
BRDA:66,14,0,0
BRDA:66,14,1,0
BRDA:69,15,0,24
BRDA:69,15,1,44
BRDA:69,16,0,68
BRDA:69,16,1,24
BRDA:69,16,2,24
BRDA:108,17,0,0
BRDA:108,17,1,0
BRDA:116,18,0,0
BRDA:116,18,1,0
BRDA:127,19,0,96
BRDA:127,19,1,1056
BRDA:132,20,0,0
BRDA:132,20,1,96
BRDA:136,21,0,96
BRDA:136,21,1,0
BRDA:149,22,0,0
BRDA:149,22,1,0
BRDA:154,23,0,0
BRDA:154,23,1,0
BRDA:154,24,0,0
BRDA:154,24,1,0
BRF:53
BRH:32
end_of_record
TN:
SF:/home/onurb/workspace/oneki/onekijs/packages/onekijs/src/i18n/__tests__/components/I18nWidget.tsx
FN:12,(anonymous_0)
FN:20,(anonymous_1)
FN:23,(anonymous_2)
FNF:3
FNH:2
FNDA:96,(anonymous_0)
FNDA:0,(anonymous_1)
FNDA:24,(anonymous_2)
DA:1,1
DA:2,1
DA:3,1
DA:12,96
DA:14,96
DA:16,96
DA:17,96
DA:18,48
DA:20,0
DA:23,24
DA:161,1
LF:11
LH:10
BRDA:12,0,0,68
BRDA:12,0,1,28
BRDA:17,1,0,48
BRDA:17,1,1,48
BRF:4
BRH:4
end_of_record
TN:
SF:/home/onurb/workspace/oneki/onekijs/packages/onekijs/src/notification/NotificationService.ts
FN:12,(anonymous_0)
FN:13,(anonymous_2)
FN:18,(anonymous_3)
FN:32,(anonymous_4)
FN:39,(anonymous_5)
FN:46,(anonymous_7)
FN:50,(anonymous_9)
FN:79,(anonymous_10)
FN:89,(anonymous_11)
FN:109,(anonymous_12)
FN:114,(anonymous_14)
FN:115,(anonymous_15)
FN:125,(anonymous_16)
FN:126,(anonymous_17)
FN:138,(anonymous_18)
FN:144,(anonymous_20)
FN:168,(anonymous_21)
FN:175,(anonymous_23)
FNF:18
FNH:11
FNDA:82,(anonymous_0)
FNDA:68,(anonymous_2)
FNDA:25,(anonymous_3)
FNDA:7,(anonymous_4)
FNDA:0,(anonymous_5)
FNDA:4,(anonymous_7)
FNDA:25,(anonymous_9)
FNDA:0,(anonymous_10)
FNDA:4,(anonymous_11)
FNDA:0,(anonymous_12)
FNDA:6,(anonymous_14)
FNDA:6,(anonymous_15)
FNDA:0,(anonymous_16)
FNDA:0,(anonymous_17)
FNDA:25,(anonymous_18)
FNDA:31,(anonymous_20)
FNDA:0,(anonymous_21)
FNDA:0,(anonymous_23)
DA:1,14
DA:3,14
DA:4,14
DA:5,14
DA:6,14
DA:7,14
DA:9,14
DA:12,14
DA:13,14
DA:14,68
DA:18,28
DA:19,25
DA:25,25
DA:26,25
DA:27,4
DA:32,28
DA:33,7
DA:39,14
DA:40,0
DA:46,14
DA:47,8
DA:50,14
DA:55,25
DA:56,0
DA:61,25
DA:68,25
DA:69,25
DA:70,25
DA:71,25
DA:73,25
DA:80,0
DA:86,25
DA:89,14
DA:90,4
DA:91,0
DA:98,4
DA:103,4
DA:109,14
DA:110,0
DA:113,6
DA:114,28
DA:115,6
DA:116,6
DA:117,0
DA:118,0
DA:124,0
DA:125,28
DA:126,0
DA:127,0
DA:128,0
DA:129,0
DA:130,0
DA:138,14
DA:139,25
DA:140,25
DA:142,19
DA:143,19
DA:144,31
DA:145,0
DA:149,25
DA:150,25
DA:151,23
DA:157,50
DA:159,48
DA:160,2
DA:161,0
DA:168,14
DA:169,0
DA:175,14
DA:176,0
DA:178,14
LF:71
LH:54
BRDA:26,0,0,4
BRDA:26,0,1,21
BRDA:26,1,0,25
BRDA:26,1,1,19
BRDA:40,2,0,0
BRDA:47,3,0,4
BRDA:55,4,0,0
BRDA:55,4,1,25
BRDA:68,5,0,25
BRDA:68,5,1,0
BRDA:69,6,0,6
BRDA:69,6,1,19
BRDA:70,7,0,0
BRDA:70,7,1,25
BRDA:71,8,0,23
BRDA:71,8,1,2
BRDA:77,9,0,25
BRDA:77,9,1,0
BRDA:90,10,0,0
BRDA:90,10,1,4
BRDA:110,11,0,0
BRDA:115,12,0,6
BRDA:115,12,1,0
BRDA:117,13,0,0
BRDA:117,13,1,0
BRDA:126,14,0,0
BRDA:126,14,1,0
BRDA:128,15,0,0
BRDA:128,15,1,0
BRDA:140,16,0,19
BRDA:140,16,1,6
BRDA:140,17,0,25
BRDA:140,17,1,25
BRDA:142,18,0,19
BRDA:142,18,1,0
BRDA:144,19,0,0
BRDA:144,19,1,19
BRDA:150,20,0,23
BRDA:150,20,1,2
BRDA:159,21,0,23
BRDA:159,21,1,2
BRDA:169,22,0,0
BRDA:176,23,0,0
BRF:43
BRH:25
end_of_record
TN:
SF:/home/onurb/workspace/oneki/onekijs/packages/onekijs/src/notification/typings.ts
FN:21,(anonymous_0)
FNF:1
FNH:1
FNDA:14,(anonymous_0)
DA:21,14
DA:22,14
DA:23,14
DA:24,14
DA:25,14
DA:26,14
LF:6
LH:6
BRDA:21,0,0,14
BRDA:21,0,1,14
BRF:2
BRH:2
end_of_record
TN:
SF:/home/onurb/workspace/oneki/onekijs/packages/onekijs/src/notification/useAllNotifications.ts
FN:5,(anonymous_0)
FNF:1
FNH:0
FNDA:0,(anonymous_0)
DA:1,0
DA:5,0
DA:6,0
DA:9,0
LF:4
LH:0
BRDA:6,0,0,0
BRDA:6,0,1,0
BRF:2
BRH:0
end_of_record
TN:
SF:/home/onurb/workspace/oneki/onekijs/packages/onekijs/src/notification/useNotificationService.ts
FN:4,(anonymous_0)
FNF:1
FNH:1
FNDA:98,(anonymous_0)
DA:1,13
DA:2,13
DA:4,13
DA:5,98
DA:8,13
LF:5
LH:5
BRF:0
BRH:0
end_of_record
TN:
SF:/home/onurb/workspace/oneki/onekijs/packages/onekijs/src/notification/useNotifications.ts
FN:4,(anonymous_0)
FNF:1
FNH:1
FNDA:127,(anonymous_0)
DA:1,13
DA:4,13
DA:5,127
DA:8,13
LF:4
LH:4
BRDA:5,0,0,127
BRDA:5,0,1,101
BRF:2
BRH:2
end_of_record
TN:
SF:/home/onurb/workspace/oneki/onekijs/packages/onekijs/src/notification/__tests__/components/NotificationSender.tsx
FN:9,(anonymous_0)
FN:14,(anonymous_1)
FN:15,(anonymous_2)
FNF:3
FNH:3
FNDA:6,(anonymous_0)
FNDA:19,(anonymous_1)
FNDA:19,(anonymous_2)
DA:1,3
DA:3,3
DA:9,6
DA:11,6
DA:12,6
DA:14,19
DA:15,19
DA:23,3
LF:8
LH:8
BRF:0
BRH:0
end_of_record
TN:
SF:/home/onurb/workspace/oneki/onekijs/packages/onekijs/src/notification/__tests__/components/NotificationWidget.tsx
FN:4,(anonymous_0)
FN:13,(anonymous_1)
FN:22,(anonymous_2)
FNF:3
FNH:0
FNDA:0,(anonymous_0)
FNDA:0,(anonymous_1)
FNDA:0,(anonymous_2)
DA:1,0
DA:2,0
DA:4,0
DA:5,0
DA:6,0
DA:8,0
DA:13,0
DA:22,0
DA:34,0
LF:9
LH:0
BRDA:11,0,0,0
BRDA:11,0,1,0
BRDA:20,1,0,0
BRDA:20,1,1,0
BRF:4
BRH:0
end_of_record
